Running: D:\Software\14.7\ISE_DS\ISE\bin\nt64\unwrapped\fuse.exe -intstyle ise -incremental -lib unisims_ver -lib unimacro_ver -lib xilinxcorelib_ver -lib secureip -o F:/lampcontrol_zxd/lamp_zxd_lamp_zxd_sch_tb_isim_beh.exe -prj F:/lampcontrol_zxd/lamp_zxd_lamp_zxd_sch_tb_beh.prj work.lamp_zxd_lamp_zxd_sch_tb work.glbl 
ISim P.20131013 (signature 0x7708f090)
Number of CPUs detected in this system: 4
Turning on mult-threading, number of parallel sub-compilation jobs: 8 
Determining compilation order of HDL files
Analyzing Verilog file "F:/lampcontrol_zxd/lamp_zxd.vf" into library work
Analyzing Verilog file "F:/lampcontrol_zxd/lamp_zxdt.v" into library work
Analyzing Verilog file "D:/Software/14.7/ISE_DS/ISE//verilog/src/glbl.v" into library work
Starting static elaboration
WARNING:HDLCompiler:1016 - "F:/lampcontrol_zxd/lamp_zxdt.v" Line 18: Port Buzzer is not connected to this instance
Completed static elaboration
Compiling module AND3
Compiling module INV
Compiling module OR4
Compiling module VCC
Compiling module lamp_zxd
Compiling module lamp_zxd_lamp_zxd_sch_tb
Compiling module glbl
Time Resolution for simulation is 1ps.
Waiting for 1 sub-compilation(s) to finish...
Compiled 7 Verilog Units
Built simulation executable F:/lampcontrol_zxd/lamp_zxd_lamp_zxd_sch_tb_isim_beh.exe
Fuse Memory Usage: 28012 KB
Fuse CPU Usage: 499 ms
