Release 14.7 - xst P.20131013 (nt64)
Copyright (c) 1995-2013 Xilinx, Inc.  All rights reserved.
--> Parameter TMPDIR set to xst/projnav.tmp


Total REAL time to Xst completion: 1.00 secs
Total CPU time to Xst completion: 0.16 secs
 
--> Parameter xsthdpdir set to xst


Total REAL time to Xst completion: 1.00 secs
Total CPU time to Xst completion: 0.16 secs
 
--> Reading design: Top_Trigger.prj

TABLE OF CONTENTS
  1) Synthesis Options Summary
  2) HDL Parsing
  3) HDL Elaboration
  4) HDL Synthesis
       4.1) HDL Synthesis Report
  5) Advanced HDL Synthesis
       5.1) Advanced HDL Synthesis Report
  6) Low Level Synthesis
  7) Partition Report
  8) Design Summary
       8.1) Primitive and Black Box Usage
       8.2) Device utilization summary
       8.3) Partition Resource Summary
       8.4) Timing Report
            8.4.1) Clock Information
            8.4.2) Asynchronous Control Signals Information
            8.4.3) Timing Summary
            8.4.4) Timing Details
            8.4.5) Cross Clock Domains Report


=========================================================================
*                      Synthesis Options Summary                        *
=========================================================================
---- Source Parameters
Input File Name                    : "Top_Trigger.prj"
Ignore Synthesis Constraint File   : NO

---- Target Parameters
Output File Name                   : "Top_Trigger"
Output Format                      : NGC
Target Device                      : xc7k160t-2L-ffg676

---- Source Options
Top Module Name                    : Top_Trigger
Automatic FSM Extraction           : YES
FSM Encoding Algorithm             : Auto
Safe Implementation                : No
FSM Style                          : LUT
RAM Extraction                     : Yes
RAM Style                          : Auto
ROM Extraction                     : Yes
Shift Register Extraction          : YES
ROM Style                          : Auto
Resource Sharing                   : YES
Asynchronous To Synchronous        : NO
Shift Register Minimum Size        : 2
Use DSP Block                      : Auto
Automatic Register Balancing       : No

---- Target Options
LUT Combining                      : Auto
Reduce Control Sets                : Auto
Add IO Buffers                     : YES
Global Maximum Fanout              : 100000
Add Generic Clock Buffer(BUFG)     : 32
Register Duplication               : YES
Optimize Instantiated Primitives   : NO
Use Clock Enable                   : Auto
Use Synchronous Set                : Auto
Use Synchronous Reset              : Auto
Pack IO Registers into IOBs        : Auto
Equivalent register Removal        : YES

---- General Options
Optimization Goal                  : Speed
Optimization Effort                : 1
Power Reduction                    : NO
Keep Hierarchy                     : No
Netlist Hierarchy                  : As_Optimized
RTL Output                         : Yes
Global Optimization                : AllClockNets
Read Cores                         : YES
Write Timing Constraints           : NO
Cross Clock Analysis               : NO
Hierarchy Separator                : /
Bus Delimiter                      : <>
Case Specifier                     : Maintain
Slice Utilization Ratio            : 100
BRAM Utilization Ratio             : 100
DSP48 Utilization Ratio            : 100
Auto BRAM Packing                  : NO
Slice Utilization Ratio Delta      : 5

=========================================================================


=========================================================================
*                          HDL Parsing                                  *
=========================================================================
Analyzing Verilog file "D:\ISE\Exp09-Trig\RS_NAND.vf" into library work
Parsing module <RS_NAND>.
Analyzing Verilog file "D:\ISE\Exp09-Trig\RS_EN.vf" into library work
Parsing module <RS_NAND_MUSER_RS_EN>.
Parsing module <RS_EN>.
Analyzing Verilog file "D:\ISE\Exp09-Trig\D_EN.vf" into library work
Parsing module <RS_NAND_MUSER_D_EN>.
Parsing module <RS_EN_MUSER_D_EN>.
Parsing module <D_EN>.
Analyzing Verilog file "D:\ISE\Exp09-Trig\Code\SPLIO.v" into library work
Parsing module <SPLIO>.
Analyzing Verilog file "D:\ISE\Exp09-Trig\Code\SAnti_jitter.v" into library work
Parsing module <SAnti_jitter>.
Analyzing Verilog file "D:\ISE\Exp09-Trig\RS_Trig.vf" into library work
Parsing module <RS_NAND_MUSER_RS_Trig>.
Parsing module <RS_EN_MUSER_RS_Trig>.
Parsing module <RS_Trig>.
Analyzing Verilog file "D:\ISE\Exp09-Trig\Code\PLIO.v" into library work
Parsing module <PLIO>.
Analyzing Verilog file "D:\ISE\Exp09-Trig\MB_DFF.vf" into library work
Parsing module <MB_DFF>.
Analyzing Verilog file "D:\ISE\Exp09-Trig\D_Trig.vf" into library work
Parsing module <RS_NAND_MUSER_D_Trig>.
Parsing module <RS_EN_MUSER_D_Trig>.
Parsing module <D_EN_MUSER_D_Trig>.
Parsing module <D_Trig>.
Analyzing Verilog file "D:\ISE\Exp09-Trig\Code\clkdiv.v" into library work
Parsing module <clkdiv>.
Analyzing Verilog file "D:\ISE\Exp09-Trig\Top_Trigger.vf" into library work
Parsing module <MB_DFF_MUSER_Top_Trigger>.
Parsing module <RS_NAND_MUSER_Top_Trigger>.
Parsing module <RS_EN_MUSER_Top_Trigger>.
Parsing module <D_EN_MUSER_Top_Trigger>.
Parsing module <D_Trig_MUSER_Top_Trigger>.
Parsing module <RS_Trig_MUSER_Top_Trigger>.
Parsing module <Top_Trigger>.

=========================================================================
*                            HDL Elaboration                            *
=========================================================================

Elaborating module <Top_Trigger>.

Elaborating module <clkdiv>.

Elaborating module <SAnti_jitter>.
WARNING:HDLCompiler:1499 - "D:\ISE\Exp09-Trig\Code\SAnti_jitter.v" Line 21: Empty module <SAnti_jitter> remains a black box.

Elaborating module <SPLIO>.
WARNING:HDLCompiler:1499 - "D:\ISE\Exp09-Trig\Code\SPLIO.v" Line 23: Empty module <SPLIO> remains a black box.

Elaborating module <PLIO>.
WARNING:HDLCompiler:1499 - "D:\ISE\Exp09-Trig\Code\PLIO.v" Line 21: Empty module <PLIO> remains a black box.

Elaborating module <RS_Trig_MUSER_Top_Trigger>.

Elaborating module <RS_EN_MUSER_Top_Trigger>.

Elaborating module <RS_NAND_MUSER_Top_Trigger>.

Elaborating module <NAND2>.

Elaborating module <INV>.

Elaborating module <D_Trig_MUSER_Top_Trigger>.

Elaborating module <D_EN_MUSER_Top_Trigger>.

Elaborating module <MB_DFF_MUSER_Top_Trigger>.

Elaborating module <NAND3>.

Elaborating module <VCC>.

Elaborating module <GND>.
WARNING:HDLCompiler:1127 - "D:\ISE\Exp09-Trig\Top_Trigger.vf" Line 295: Assignment to N0 ignored, since the identifier is never used

Elaborating module <BUF>.
WARNING:HDLCompiler:634 - "D:\ISE\Exp09-Trig\Top_Trigger.vf" Line 237: Net <PD[31]> does not have a driver.
WARNING:HDLCompiler:552 - "D:\ISE\Exp09-Trig\Top_Trigger.vf" Line 248: Input port readn is not connected on this instance

=========================================================================
*                           HDL Synthesis                               *
=========================================================================

Synthesizing Unit <Top_Trigger>.
    Related source file is "D:\ISE\Exp09-Trig\Top_Trigger.vf".
INFO:Xst:3210 - "D:\ISE\Exp09-Trig\Top_Trigger.vf" line 248: Output port <Key_out> of the instance <XLXI_2> is unconnected or connected to loadless signal.
INFO:Xst:3210 - "D:\ISE\Exp09-Trig\Top_Trigger.vf" line 248: Output port <pulse_out> of the instance <XLXI_2> is unconnected or connected to loadless signal.
INFO:Xst:3210 - "D:\ISE\Exp09-Trig\Top_Trigger.vf" line 248: Output port <Key_ready> of the instance <XLXI_2> is unconnected or connected to loadless signal.
INFO:Xst:3210 - "D:\ISE\Exp09-Trig\Top_Trigger.vf" line 248: Output port <CR> of the instance <XLXI_2> is unconnected or connected to loadless signal.
INFO:Xst:3210 - "D:\ISE\Exp09-Trig\Top_Trigger.vf" line 261: Output port <LED> of the instance <XLXI_3> is unconnected or connected to loadless signal.
INFO:Xst:3210 - "D:\ISE\Exp09-Trig\Top_Trigger.vf" line 261: Output port <GPIOf0> of the instance <XLXI_3> is unconnected or connected to loadless signal.
INFO:Xst:3210 - "D:\ISE\Exp09-Trig\Top_Trigger.vf" line 272: Output port <GPIOf0> of the instance <XLXI_4> is unconnected or connected to loadless signal.
WARNING:Xst:653 - Signal <PD<31:7>> is used but never assigned. This sourceless signal will be automatically connected to value GND.
    Summary:
	no macro.
Unit <Top_Trigger> synthesized.

Synthesizing Unit <clkdiv>.
    Related source file is "D:\ISE\Exp09-Trig\Code\clkdiv.v".
    Found 32-bit register for signal <clkdiv>.
    Found 32-bit adder for signal <clkdiv[31]_GND_2_o_add_0_OUT> created at line 30.
    Summary:
	inferred   1 Adder/Subtractor(s).
	inferred  32 D-type flip-flop(s).
	inferred   1 Multiplexer(s).
Unit <clkdiv> synthesized.

Synthesizing Unit <RS_Trig_MUSER_Top_Trigger>.
    Related source file is "D:\ISE\Exp09-Trig\Top_Trigger.vf".
    Summary:
	no macro.
Unit <RS_Trig_MUSER_Top_Trigger> synthesized.

Synthesizing Unit <RS_EN_MUSER_Top_Trigger>.
    Related source file is "D:\ISE\Exp09-Trig\Top_Trigger.vf".
    Summary:
	no macro.
Unit <RS_EN_MUSER_Top_Trigger> synthesized.

Synthesizing Unit <RS_NAND_MUSER_Top_Trigger>.
    Related source file is "D:\ISE\Exp09-Trig\Top_Trigger.vf".
    Summary:
	no macro.
Unit <RS_NAND_MUSER_Top_Trigger> synthesized.

Synthesizing Unit <D_Trig_MUSER_Top_Trigger>.
    Related source file is "D:\ISE\Exp09-Trig\Top_Trigger.vf".
    Summary:
	no macro.
Unit <D_Trig_MUSER_Top_Trigger> synthesized.

Synthesizing Unit <D_EN_MUSER_Top_Trigger>.
    Related source file is "D:\ISE\Exp09-Trig\Top_Trigger.vf".
    Summary:
	no macro.
Unit <D_EN_MUSER_Top_Trigger> synthesized.

Synthesizing Unit <MB_DFF_MUSER_Top_Trigger>.
    Related source file is "D:\ISE\Exp09-Trig\Top_Trigger.vf".
    Summary:
	no macro.
Unit <MB_DFF_MUSER_Top_Trigger> synthesized.

=========================================================================
HDL Synthesis Report

Macro Statistics
# Adders/Subtractors                                   : 1
 32-bit adder                                          : 1
# Registers                                            : 1
 32-bit register                                       : 1
# Multiplexers                                         : 1
 1-bit 2-to-1 multiplexer                              : 1

=========================================================================

=========================================================================
*                       Advanced HDL Synthesis                          *
=========================================================================

Reading core <SAnti_jitter.ngc>.
Reading core <SPLIO.ngc>.
Reading core <PLIO.ngc>.
Loading core <SAnti_jitter> for timing and area information for instance <XLXI_2>.
Loading core <SPLIO> for timing and area information for instance <XLXI_3>.
Loading core <PLIO> for timing and area information for instance <XLXI_4>.

Synthesizing (advanced) Unit <clkdiv>.
The following registers are absorbed into counter <clkdiv>: 1 register on signal <clkdiv>.
Unit <clkdiv> synthesized (advanced).

=========================================================================
Advanced HDL Synthesis Report

Macro Statistics
# Counters                                             : 1
 32-bit up counter                                     : 1

=========================================================================

=========================================================================
*                         Low Level Synthesis                           *
=========================================================================
WARNING:Xst:2677 - Node <XLXI_1/clkdiv_27> of sequential type is unconnected in block <Top_Trigger>.
WARNING:Xst:2677 - Node <XLXI_1/clkdiv_28> of sequential type is unconnected in block <Top_Trigger>.
WARNING:Xst:2677 - Node <XLXI_1/clkdiv_29> of sequential type is unconnected in block <Top_Trigger>.
WARNING:Xst:2677 - Node <XLXI_1/clkdiv_30> of sequential type is unconnected in block <Top_Trigger>.
WARNING:Xst:2677 - Node <XLXI_1/clkdiv_31> of sequential type is unconnected in block <Top_Trigger>.
WARNING:Xst:2170 - Unit Top_Trigger : the following signal(s) form a combinatorial loop: XLXI_7/XLXN_12, XLXI_7/XLXN_22, PD<6>.
WARNING:Xst:2170 - Unit Top_Trigger : the following signal(s) form a combinatorial loop: PD<5>, XLXI_7/XLXN_11, XLXI_7/XLXN_13.
WARNING:Xst:2170 - Unit Top_Trigger : the following signal(s) form a combinatorial loop: XLXI_6/XLXI_2/XLXN_5, XLXI_6/XLXN_3, XLXI_6/XLXN_4, PD<4>.
WARNING:Xst:2170 - Unit Top_Trigger : the following signal(s) form a combinatorial loop: PD<2>, XLXI_5/XLXN_5.
WARNING:Xst:2170 - Unit Top_Trigger : the following signal(s) form a combinatorial loop: PD<0>, PD<1>.

Optimizing unit <Top_Trigger> ...

Mapping all equations...
Building and optimizing final netlist ...
Found area constraint ratio of 100 (+ 5) on block Top_Trigger, actual ratio is 0.

Final Macro Processing ...

=========================================================================
Final Register Report

Macro Statistics
# Registers                                            : 27
 Flip-Flops                                            : 27

=========================================================================

=========================================================================
*                           Partition Report                            *
=========================================================================

Partition Implementation Status
-------------------------------

  No Partitions were found in this design.

-------------------------------

=========================================================================
*                            Design Summary                             *
=========================================================================

Top Level Output File Name         : Top_Trigger.ngc

Primitive and Black Box Usage:
------------------------------
# BELS                             : 554
#      BUF                         : 1
#      GND                         : 2
#      INV                         : 23
#      LUT1                        : 92
#      LUT2                        : 4
#      LUT3                        : 43
#      LUT4                        : 79
#      LUT5                        : 41
#      LUT6                        : 51
#      MUXCY                       : 116
#      MUXF7                       : 3
#      VCC                         : 3
#      XORCY                       : 96
# FlipFlops/Latches                : 242
#      FD                          : 70
#      FDC                         : 31
#      FDCE                        : 4
#      FDCE_1                      : 32
#      FDE                         : 44
#      FDPE_1                      : 32
#      FDRE                        : 29
# Clock Buffers                    : 2
#      BUFG                        : 1
#      BUFGP                       : 1
# IO Buffers                       : 39
#      IBUF                        : 21
#      OBUF                        : 18
# Logical                          : 22
#      NAND2                       : 16
#      NAND3                       : 6

Device utilization summary:
---------------------------

Selected Device : 7k160tffg676-2l 


Slice Logic Utilization: 
 Number of Slice Registers:             242  out of  202800     0%  
 Number of Slice LUTs:                  333  out of  101400     0%  
    Number used as Logic:               333  out of  101400     0%  

Slice Logic Distribution: 
 Number of LUT Flip Flop pairs used:    428
   Number with an unused Flip Flop:     186  out of    428    43%  
   Number with an unused LUT:            95  out of    428    22%  
   Number of fully used LUT-FF pairs:   147  out of    428    34%  
   Number of unique control sets:        14

IO Utilization: 
 Number of IOs:                          40
 Number of bonded IOBs:                  40  out of    400    10%  

Specific Feature Utilization:
 Number of BUFG/BUFGCTRLs:                2  out of     32     6%  

---------------------------
Partition Resource Summary:
---------------------------

  No Partitions were found in this design.

---------------------------


=========================================================================
Timing Report

NOTE: THESE TIMING NUMBERS ARE ONLY A SYNTHESIS ESTIMATE.
      FOR ACCURATE TIMING INFORMATION PLEASE REFER TO THE TRACE REPORT
      GENERATED AFTER PLACE-and-ROUTE.

Clock Information:
------------------
-----------------------------------+------------------------+-------+
Clock Signal                       | Clock buffer(FF name)  | Load  |
-----------------------------------+------------------------+-------+
clk_100mhz                         | BUFGP                  | 201   |
XLXI_2/clk1                        | BUFG                   | 41    |
-----------------------------------+------------------------+-------+

Asynchronous Control Signals Information:
----------------------------------------
No asynchronous control signals found in this design

Timing Summary:
---------------
Speed Grade: -2

   Minimum period: 10.887ns (Maximum Frequency: 91.854MHz)
   Minimum input arrival time before clock: 2.109ns
   Maximum output required time after clock: 0.658ns
   Maximum combinational path delay: No path found

Timing Details:
---------------
All values displayed in nanoseconds (ns)

=========================================================================
Timing constraint: Default period analysis for Clock 'clk_100mhz'
  Clock period: 10.887ns (frequency: 91.854MHz)
  Total number of paths / destination ports: 5424 / 286
-------------------------------------------------------------------------
Delay:               5.443ns (Levels of Logic = 9)
  Source:            XLXI_1/clkdiv_26 (FF)
  Destination:       XLXI_4/LED_0 (FF)
  Source Clock:      clk_100mhz rising
  Destination Clock: clk_100mhz falling

  Data Path: XLXI_1/clkdiv_26 to XLXI_4/LED_0
                                Gate     Net
    Cell:in->out      fanout   Delay   Delay  Logical Name (Net Name)
    ----------------------------------------  ------------
     FDC:C->Q              2   0.236   0.410  XLXI_1/clkdiv_26 (XLXI_1/clkdiv_26)
     LUT3:I1->O            8   0.043   0.652  XLXI_1/Mmux_CK11 (CK)
     NAND2:I0->O           1   0.043   0.603  XLXI_5/XLXI_1/XLXI_2 (XLXI_5/XLXI_1/XLXN_4)
     NAND2:I1->O           4   0.053   0.620  XLXI_5/XLXI_1/XLXI_1/XLXI_1 (PD<2>)
     NAND2:I1->O           2   0.053   0.618  XLXI_5/XLXI_1/XLXI_1/XLXI_2 (XLXI_5/XLXN_5)
     NAND2:I0->O           1   0.043   0.613  XLXI_5/XLXI_2/XLXI_3 (XLXI_5/XLXI_2/XLXN_5)
     NAND2:I0->O           3   0.043   0.625  XLXI_5/XLXI_2/XLXI_1/XLXI_2 (PD<1>)
     NAND2:I0->O           3   0.043   0.351  XLXI_5/XLXI_2/XLXI_1/XLXI_1 (PD<0>)
     begin scope: 'XLXI_4:PData_in<0>'
     INV:I->O              1   0.054   0.339  PData_in[7]_inv_0_OUT<0>1_INV_0 (PData_in[7]_inv_0_OUT<0>)
     FDCE_1:D                 -0.000          LED_0
    ----------------------------------------
    Total                      5.443ns (0.611ns logic, 4.832ns route)
                                       (11.2% logic, 88.8% route)

=========================================================================
Timing constraint: Default period analysis for Clock 'XLXI_2/clk1'
  Clock period: 2.152ns (frequency: 464.587MHz)
  Total number of paths / destination ports: 1454 / 90
-------------------------------------------------------------------------
Delay:               2.152ns (Levels of Logic = 7)
  Source:            XLXI_2/counter_8 (FF)
  Destination:       XLXI_2/Key_x_0 (FF)
  Source Clock:      XLXI_2/clk1 rising
  Destination Clock: XLXI_2/clk1 rising

  Data Path: XLXI_2/counter_8 to XLXI_2/Key_x_0
                                Gate     Net
    Cell:in->out      fanout   Delay   Delay  Logical Name (Net Name)
    ----------------------------------------  ------------
     FDRE:C->Q             3   0.236   0.615  counter_8 (counter<8>)
     LUT5:I0->O            1   0.043   0.000  Mcompar_counter[31]_GND_1_o_LessThan_5_o_lut<0> (Mcompar_counter[31]_GND_1_o_LessThan_5_o_lut<0>)
     MUXCY:S->O            1   0.238   0.000  Mcompar_counter[31]_GND_1_o_LessThan_5_o_cy<0> (Mcompar_counter[31]_GND_1_o_LessThan_5_o_cy<0>)
     MUXCY:CI->O           1   0.013   0.000  Mcompar_counter[31]_GND_1_o_LessThan_5_o_cy<1> (Mcompar_counter[31]_GND_1_o_LessThan_5_o_cy<1>)
     MUXCY:CI->O           1   0.013   0.000  Mcompar_counter[31]_GND_1_o_LessThan_5_o_cy<2> (Mcompar_counter[31]_GND_1_o_LessThan_5_o_cy<2>)
     MUXCY:CI->O           1   0.013   0.000  Mcompar_counter[31]_GND_1_o_LessThan_5_o_cy<3> (Mcompar_counter[31]_GND_1_o_LessThan_5_o_cy<3>)
     MUXCY:CI->O           8   0.013   0.378  Mcompar_counter[31]_GND_1_o_LessThan_5_o_cy<4> (Mcompar_counter[31]_GND_1_o_LessThan_5_o_cy<4>)
     INV:I->O              7   0.054   0.373  _n0225_inv1_cepot_INV_0 (_n0225_inv1_cepot)
     FDE:CE                    0.161          Key_x_0
    ----------------------------------------
    Total                      2.152ns (0.786ns logic, 1.366ns route)
                                       (36.5% logic, 63.5% route)

=========================================================================
Timing constraint: Default OFFSET IN BEFORE for Clock 'clk_100mhz'
  Total number of paths / destination ports: 1195 / 100
-------------------------------------------------------------------------
Offset:              2.089ns (Levels of Logic = 10)
  Source:            SW<2> (PAD)
  Destination:       XLXI_2/SW_OK_0 (FF)
  Destination Clock: clk_100mhz rising

  Data Path: SW<2> to XLXI_2/SW_OK_0
                                Gate     Net
    Cell:in->out      fanout   Delay   Delay  Logical Name (Net Name)
    ----------------------------------------  ------------
     IBUF:I->O             3   0.000   0.625  SW_2_IBUF (SW_2_IBUF)
     begin scope: 'XLXI_2:SW<2>'
     LUT6:I0->O            1   0.043   0.000  Mcompar_sw_temp[15]_SW[15]_not_equal_100_o_lut<0> (Mcompar_sw_temp[15]_SW[15]_not_equal_100_o_lut<0>)
     MUXCY:S->O            1   0.238   0.000  Mcompar_sw_temp[15]_SW[15]_not_equal_100_o_cy<0> (Mcompar_sw_temp[15]_SW[15]_not_equal_100_o_cy<0>)
     MUXCY:CI->O           1   0.013   0.000  Mcompar_sw_temp[15]_SW[15]_not_equal_100_o_cy<1> (Mcompar_sw_temp[15]_SW[15]_not_equal_100_o_cy<1>)
     MUXCY:CI->O           1   0.013   0.000  Mcompar_sw_temp[15]_SW[15]_not_equal_100_o_cy<2> (Mcompar_sw_temp[15]_SW[15]_not_equal_100_o_cy<2>)
     MUXCY:CI->O           1   0.013   0.000  Mcompar_sw_temp[15]_SW[15]_not_equal_100_o_cy<3> (Mcompar_sw_temp[15]_SW[15]_not_equal_100_o_cy<3>)
     MUXCY:CI->O           1   0.013   0.000  Mcompar_sw_temp[15]_SW[15]_not_equal_100_o_cy<4> (Mcompar_sw_temp[15]_SW[15]_not_equal_100_o_cy<4>)
     MUXCY:CI->O          43   0.013   0.471  Mcompar_sw_temp[15]_SW[15]_not_equal_100_o_cy<5> (sw_temp[15]_SW[15]_not_equal_100_o)
     INV:I->O             17   0.054   0.429  _n0243_inv1_cepot_cepot_INV_0 (_n0243_inv1_cepot_cepot)
     FDE:CE                    0.161          SW_OK_0
    ----------------------------------------
    Total                      2.089ns (0.563ns logic, 1.525ns route)
                                       (27.0% logic, 73.0% route)

=========================================================================
Timing constraint: Default OFFSET IN BEFORE for Clock 'XLXI_2/clk1'
  Total number of paths / destination ports: 176 / 41
-------------------------------------------------------------------------
Offset:              2.109ns (Levels of Logic = 6)
  Source:            K_COL<3> (PAD)
  Destination:       XLXI_2/Key_x_1 (FF)
  Destination Clock: XLXI_2/clk1 rising

  Data Path: K_COL<3> to XLXI_2/Key_x_1
                                Gate     Net
    Cell:in->out      fanout   Delay   Delay  Logical Name (Net Name)
    ----------------------------------------  ------------
     IBUF:I->O             6   0.000   0.550  K_COL_3_IBUF (K_COL_3_IBUF)
     begin scope: 'XLXI_2:Key_y<3>'
     LUT4:I0->O           12   0.043   0.674  out1 (n0016)
     LUT6:I0->O            3   0.043   0.362  _n0295<0>1 (_n0295<0>)
     LUT6:I5->O            1   0.043   0.350  Key_x[4]_PWR_1_o_select_74_OUT<1>1 (Key_x[4]_PWR_1_o_select_74_OUT<4>)
     LUT3:I2->O            1   0.043   0.000  Key_x_4_dpot (Key_x_4_dpot)
     FDE:D                    -0.000          Key_x_4
    ----------------------------------------
    Total                      2.109ns (0.172ns logic, 1.937ns route)
                                       (8.2% logic, 91.8% route)

=========================================================================
Timing constraint: Default OFFSET OUT AFTER for Clock 'XLXI_2/clk1'
  Total number of paths / destination ports: 5 / 5
-------------------------------------------------------------------------
Offset:              0.658ns (Levels of Logic = 2)
  Source:            XLXI_2/Key_x_4 (FF)
  Destination:       K_ROW<4> (PAD)
  Source Clock:      XLXI_2/clk1 rising

  Data Path: XLXI_2/Key_x_4 to K_ROW<4>
                                Gate     Net
    Cell:in->out      fanout   Delay   Delay  Logical Name (Net Name)
    ----------------------------------------  ------------
     FDE:C->Q             16   0.236   0.422  Key_x_4 (Key_x<4>)
     end scope: 'XLXI_2:Key_x<4>'
     OBUF:I->O                 0.000          K_ROW_4_OBUF (K_ROW<4>)
    ----------------------------------------
    Total                      0.658ns (0.236ns logic, 0.422ns route)
                                       (35.8% logic, 64.2% route)

=========================================================================
Timing constraint: Default OFFSET OUT AFTER for Clock 'clk_100mhz'
  Total number of paths / destination ports: 11 / 11
-------------------------------------------------------------------------
Offset:              0.592ns (Levels of Logic = 2)
  Source:            XLXI_3/LED_P2S/s_clk (FF)
  Destination:       LEDCLK (PAD)
  Source Clock:      clk_100mhz rising

  Data Path: XLXI_3/LED_P2S/s_clk to LEDCLK
                                Gate     Net
    Cell:in->out      fanout   Delay   Delay  Logical Name (Net Name)
    ----------------------------------------  ------------
     FDC:C->Q              4   0.236   0.356  LED_P2S/s_clk (led_clk)
     end scope: 'XLXI_3:led_clk'
     OBUF:I->O                 0.000          LEDCLK_OBUF (LEDCLK)
    ----------------------------------------
    Total                      0.592ns (0.236ns logic, 0.356ns route)
                                       (39.9% logic, 60.1% route)

=========================================================================

Cross Clock Domains Report:
--------------------------

Clock to Setup on destination clock XLXI_2/clk1
---------------+---------+---------+---------+---------+
               | Src:Rise| Src:Fall| Src:Rise| Src:Fall|
Source Clock   |Dest:Rise|Dest:Rise|Dest:Fall|Dest:Fall|
---------------+---------+---------+---------+---------+
XLXI_2/clk1    |    2.152|         |         |         |
---------------+---------+---------+---------+---------+

Clock to Setup on destination clock clk_100mhz
---------------+---------+---------+---------+---------+
               | Src:Rise| Src:Fall| Src:Rise| Src:Fall|
Source Clock   |Dest:Rise|Dest:Rise|Dest:Fall|Dest:Fall|
---------------+---------+---------+---------+---------+
XLXI_2/clk1    |         |         |    5.533|         |
clk_100mhz     |    2.195|    0.633|    5.443|         |
---------------+---------+---------+---------+---------+

=========================================================================


Total REAL time to Xst completion: 17.00 secs
Total CPU time to Xst completion: 16.91 secs
 
--> 

Total memory usage is 413820 kilobytes

Number of errors   :    0 (   0 filtered)
Number of warnings :   17 (   0 filtered)
Number of infos    :    7 (   0 filtered)

