Release 14.7 - xst P.20131013 (nt64)
Copyright (c) 1995-2013 Xilinx, Inc.  All rights reserved.
--> Parameter TMPDIR set to xst/projnav.tmp


Total REAL time to Xst completion: 0.00 secs
Total CPU time to Xst completion: 0.22 secs
 
--> Parameter xsthdpdir set to xst


Total REAL time to Xst completion: 0.00 secs
Total CPU time to Xst completion: 0.22 secs
 
--> Reading design: TOP_FSM.prj

TABLE OF CONTENTS
  1) Synthesis Options Summary
  2) HDL Parsing
  3) HDL Elaboration
  4) HDL Synthesis
       4.1) HDL Synthesis Report
  5) Advanced HDL Synthesis
       5.1) Advanced HDL Synthesis Report
  6) Low Level Synthesis
  7) Partition Report
  8) Design Summary
       8.1) Primitive and Black Box Usage
       8.2) Device utilization summary
       8.3) Partition Resource Summary
       8.4) Timing Report
            8.4.1) Clock Information
            8.4.2) Asynchronous Control Signals Information
            8.4.3) Timing Summary
            8.4.4) Timing Details
            8.4.5) Cross Clock Domains Report


=========================================================================
*                      Synthesis Options Summary                        *
=========================================================================
---- Source Parameters
Input File Name                    : "TOP_FSM.prj"
Ignore Synthesis Constraint File   : NO

---- Target Parameters
Output File Name                   : "TOP_FSM"
Output Format                      : NGC
Target Device                      : xc7k160t-2L-ffg676

---- Source Options
Top Module Name                    : TOP_FSM
Automatic FSM Extraction           : YES
FSM Encoding Algorithm             : Auto
Safe Implementation                : No
FSM Style                          : LUT
RAM Extraction                     : Yes
RAM Style                          : Auto
ROM Extraction                     : Yes
Shift Register Extraction          : YES
ROM Style                          : Auto
Resource Sharing                   : YES
Asynchronous To Synchronous        : NO
Shift Register Minimum Size        : 2
Use DSP Block                      : Auto
Automatic Register Balancing       : No

---- Target Options
LUT Combining                      : Auto
Reduce Control Sets                : Auto
Add IO Buffers                     : YES
Global Maximum Fanout              : 100000
Add Generic Clock Buffer(BUFG)     : 32
Register Duplication               : YES
Optimize Instantiated Primitives   : NO
Use Clock Enable                   : Auto
Use Synchronous Set                : Auto
Use Synchronous Reset              : Auto
Pack IO Registers into IOBs        : Auto
Equivalent register Removal        : YES

---- General Options
Optimization Goal                  : Speed
Optimization Effort                : 1
Power Reduction                    : NO
Keep Hierarchy                     : No
Netlist Hierarchy                  : As_Optimized
RTL Output                         : Yes
Global Optimization                : AllClockNets
Read Cores                         : YES
Write Timing Constraints           : NO
Cross Clock Analysis               : NO
Hierarchy Separator                : /
Bus Delimiter                      : <>
Case Specifier                     : Maintain
Slice Utilization Ratio            : 100
BRAM Utilization Ratio             : 100
DSP48 Utilization Ratio            : 100
Auto BRAM Packing                  : NO
Slice Utilization Ratio Delta      : 5

---- Other Options
Cores Search Directories           : {"code/framework_i2"  }

=========================================================================


=========================================================================
*                          HDL Parsing                                  *
=========================================================================
Analyzing Verilog file "D:\ISE\Exp10-FSM\MUX441.vf" into library work
Parsing module <MUX441>.
Analyzing Verilog file "D:\ISE\Exp10-FSM\MUX8T1_8.vf" into library work
Parsing module <MUX441_MUSER_MUX8T1_8>.
Parsing module <MUX8T1_8>.
Analyzing Verilog file "D:\ISE\Exp10-FSM\MC14495_ZJU.vf" into library work
Parsing module <MC14495_ZJU>.
Analyzing Verilog file "D:\ISE\Exp10-FSM\CLA.v" into library work
Parsing module <CLA>.
Analyzing Verilog file "D:\ISE\Exp10-FSM\add.v" into library work
Parsing module <add>.
Analyzing Verilog file "D:\ISE\Exp10-FSM\MUX8T1_32.vf" into library work
Parsing module <MUX441_MUSER_MUX8T1_32>.
Parsing module <MUX8T1_8_MUSER_MUX8T1_32>.
Parsing module <MUX8T1_32>.
Analyzing Verilog file "D:\ISE\Exp10-FSM\code\framework_i2\Hex2Seg.v" into library work
Parsing module <Hex2Seg>.
Analyzing Verilog file "D:\ISE\Exp10-FSM\Decoder_38_sch.vf" into library work
Parsing module <Decoder_38_sch>.
Analyzing Verilog file "D:\ISE\Exp10-FSM\add4b.vf" into library work
Parsing module <CLA_MUSER_add4b>.
Parsing module <add_MUSER_add4b>.
Parsing module <add4b>.
Analyzing Verilog file "D:\ISE\Exp10-FSM\code\Reg_32.v" into library work
Parsing module <Reg_32>.
Analyzing Verilog file "D:\ISE\Exp10-FSM\HTC138_sch.vf" into library work
Parsing module <Decoder_38_sch_MUSER_HTC138_sch>.
Parsing module <HTC138_sch>.
Analyzing Verilog file "D:\ISE\Exp10-FSM\code\framework_i2\P2S_IO.v" into library work
Parsing module <P2S>.
Analyzing Verilog file "D:\ISE\Exp10-FSM\code\framework_i2\Multi_8CH32.v" into library work
Parsing module <Multi_8CH32>.
Analyzing Verilog file "D:\ISE\Exp10-FSM\code\framework_i2\LED_P2S_IO.v" into library work
Parsing module <LED_P2S>.
Analyzing Verilog file "D:\ISE\Exp10-FSM\code\framework_i2\HexTo8SEG.v" into library work
Parsing module <HexTo8SEG>.
Analyzing Verilog file "D:\ISE\Exp10-FSM\ADC32.vf" into library work
Parsing module <CLA_MUSER_ADC32>.
Parsing module <add_MUSER_ADC32>.
Parsing module <add4b_MUSER_ADC32>.
Parsing module <ADC32>.
Analyzing Verilog file "D:\ISE\Exp10-FSM\code\Regs_8_32.v" into library work
Parsing module <Regs_8_32>.
Analyzing Verilog file "D:\ISE\Exp10-FSM\code\MUX2T1_32.v" into library work
Parsing module <MUX2T1_32>.
Analyzing Verilog file "D:\ISE\Exp10-FSM\code\framework_i2\SEnter_2_32_IO.v" into library work
Parsing module <SEnter_2_32>.
Analyzing Verilog file "D:\ISE\Exp10-FSM\code\framework_i2\SAnti_jitter_IO.v" into library work
Parsing module <SAnti_jitter>.
Analyzing Verilog file "D:\ISE\Exp10-FSM\code\framework_i2\GPIO.v" into library work
Parsing module <GPIO>.
Analyzing Verilog file "D:\ISE\Exp10-FSM\code\framework_i2\Display.vf" into library work
Parsing module <Display>.
Analyzing Verilog file "D:\ISE\Exp10-FSM\code\framework_i2\clkdiv.v" into library work
Parsing module <clkdiv>.
Analyzing Verilog file "D:\ISE\Exp10-FSM\code\framework_i2\ALU.v" into library work
Parsing module <ALU>.
Analyzing Verilog file "D:\ISE\Exp10-FSM\Counter_4bit.vf" into library work
Parsing module <Counter_4bit>.
Analyzing Verilog file "D:\ISE\Exp10-FSM\code\counter_32_rev.v" into library work
Parsing module <counter_32_rev>.
Analyzing Verilog file "D:\ISE\Exp10-FSM\TOP_FSM.vf" into library work
Parsing module <Counter_4bit_MUSER_TOP_FSM>.
Parsing module <TOP_FSM>.

=========================================================================
*                            HDL Elaboration                            *
=========================================================================

Elaborating module <TOP_FSM>.

Elaborating module <SAnti_jitter>.
WARNING:HDLCompiler:1499 - "D:\ISE\Exp10-FSM\code\framework_i2\SAnti_jitter_IO.v" Line 21: Empty module <SAnti_jitter> remains a black box.
WARNING:HDLCompiler:1127 - "D:\ISE\Exp10-FSM\TOP_FSM.vf" Line 177: Assignment to Pulse ignored, since the identifier is never used

Elaborating module <SEnter_2_32>.
WARNING:HDLCompiler:1499 - "D:\ISE\Exp10-FSM\code\framework_i2\SEnter_2_32_IO.v" Line 21: Empty module <SEnter_2_32> remains a black box.

Elaborating module <clkdiv>.

Elaborating module <Display>.

Elaborating module <HexTo8SEG>.

Elaborating module <Hex2Seg>.

Elaborating module <MC14495_ZJU>.

Elaborating module <AND4>.

Elaborating module <AND3>.

Elaborating module <AND2>.

Elaborating module <OR2>.

Elaborating module <OR3>.

Elaborating module <OR4>.

Elaborating module <INV>.

Elaborating module <P2S>.
WARNING:HDLCompiler:1499 - "D:\ISE\Exp10-FSM\code\framework_i2\P2S_IO.v" Line 21: Empty module <P2S> remains a black box.

Elaborating module <Multi_8CH32>.

Elaborating module <MUX8T1_32>.

Elaborating module <MUX8T1_8_MUSER_MUX8T1_32>.

Elaborating module <MUX441_MUSER_MUX8T1_32>.

Elaborating module <MUX8T1_8>.

Elaborating module <MUX441_MUSER_MUX8T1_8>.

Elaborating module <GPIO>.

Elaborating module <LED_P2S(DATA_BITS=16,DATA_COUNT_BITS=4)>.
WARNING:HDLCompiler:1499 - "D:\ISE\Exp10-FSM\code\framework_i2\LED_P2S_IO.v" Line 21: Empty module <LED_P2S(DATA_BITS=16,DATA_COUNT_BITS=4)> remains a black box.

Elaborating module <VCC>.

Elaborating module <GND>.

Elaborating module <BUF>.
WARNING:HDLCompiler:1016 - "D:\ISE\Exp10-FSM\code\framework_i2\ALU.v" Line 44: Port clk is not connected to this instance

Elaborating module <ALU>.

Elaborating module <ADC32>.

Elaborating module <add4b_MUSER_ADC32>.

Elaborating module <add_MUSER_ADC32>.

Elaborating module <XOR2>.

Elaborating module <CLA_MUSER_ADC32>.
WARNING:HDLCompiler:552 - "D:\ISE\Exp10-FSM\code\framework_i2\ALU.v" Line 44: Input port clk is not connected on this instance
WARNING:HDLCompiler:1127 - "D:\ISE\Exp10-FSM\TOP_FSM.vf" Line 244: Assignment to zero ignored, since the identifier is never used

Elaborating module <counter_32_rev>.

Elaborating module <Counter_4bit_MUSER_TOP_FSM>.

Elaborating module <NOR4>.

Elaborating module <NOR3>.

Elaborating module <NOR2>.

Elaborating module <FD(INIT=1'b0)>.

Elaborating module <XNOR2>.

Elaborating module <MUX2T1_32>.

Elaborating module <Regs_8_32>.

Elaborating module <Reg_32>.

Elaborating module <HTC138_sch>.

Elaborating module <Decoder_38_sch_MUSER_HTC138_sch>.

Elaborating module <NAND2>.
WARNING:HDLCompiler:552 - "D:\ISE\Exp10-FSM\TOP_FSM.vf" Line 204: Input port data3[31] is not connected on this instance

=========================================================================
*                           HDL Synthesis                               *
=========================================================================

Synthesizing Unit <TOP_FSM>.
    Related source file is "D:\ISE\Exp10-FSM\TOP_FSM.vf".
WARNING:Xst:2898 - Port 'data3', unconnected in block instance 'XLXI_5', is tied to GND.
INFO:Xst:3210 - "D:\ISE\Exp10-FSM\TOP_FSM.vf" line 167: Output port <pulse_out> of the instance <XLXI_1> is unconnected or connected to loadless signal.
INFO:Xst:3210 - "D:\ISE\Exp10-FSM\TOP_FSM.vf" line 224: Output port <GPIOf0> of the instance <XLXI_6> is unconnected or connected to loadless signal.
INFO:Xst:3210 - "D:\ISE\Exp10-FSM\TOP_FSM.vf" line 238: Output port <zero> of the instance <XLXI_14> is unconnected or connected to loadless signal.
INFO:Xst:3210 - "D:\ISE\Exp10-FSM\TOP_FSM.vf" line 238: Output port <overflow> of the instance <XLXI_14> is unconnected or connected to loadless signal.
    Summary:
	no macro.
Unit <TOP_FSM> synthesized.

Synthesizing Unit <clkdiv>.
    Related source file is "D:\ISE\Exp10-FSM\code\framework_i2\clkdiv.v".
    Found 32-bit register for signal <clkdiv>.
    Found 32-bit adder for signal <clkdiv[31]_GND_4_o_add_0_OUT> created at line 28.
    Summary:
	inferred   1 Adder/Subtractor(s).
	inferred  32 D-type flip-flop(s).
Unit <clkdiv> synthesized.

Synthesizing Unit <Display>.
    Related source file is "D:\ISE\Exp10-FSM\code\framework_i2\Display.vf".
WARNING:Xst:647 - Input <SW0> is never used. This port will be preserved and left unconnected if it belongs to a top-level block or it belongs to a sub-block and the hierarchy of this sub-block is preserved.
    Summary:
	no macro.
Unit <Display> synthesized.

Synthesizing Unit <HexTo8SEG>.
    Related source file is "D:\ISE\Exp10-FSM\code\framework_i2\HexTo8SEG.v".
    Summary:
	no macro.
Unit <HexTo8SEG> synthesized.

Synthesizing Unit <Hex2Seg>.
    Related source file is "D:\ISE\Exp10-FSM\code\framework_i2\Hex2Seg.v".
    Summary:
	no macro.
Unit <Hex2Seg> synthesized.

Synthesizing Unit <MC14495_ZJU>.
    Related source file is "D:\ISE\Exp10-FSM\MC14495_ZJU.vf".
    Summary:
	no macro.
Unit <MC14495_ZJU> synthesized.

Synthesizing Unit <Multi_8CH32>.
    Related source file is "D:\ISE\Exp10-FSM\code\framework_i2\Multi_8CH32.v".
WARNING:Xst:647 - Input <rst> is never used. This port will be preserved and left unconnected if it belongs to a top-level block or it belongs to a sub-block and the hierarchy of this sub-block is preserved.
    Found 8-bit register for signal <cpu_blink>.
    Found 8-bit register for signal <cpu_point>.
    Found 32-bit register for signal <disp_data>.
    Summary:
	inferred  48 D-type flip-flop(s).
Unit <Multi_8CH32> synthesized.

Synthesizing Unit <MUX8T1_32>.
    Related source file is "D:\ISE\Exp10-FSM\MUX8T1_32.vf".
    Summary:
	no macro.
Unit <MUX8T1_32> synthesized.

Synthesizing Unit <MUX8T1_8_MUSER_MUX8T1_32>.
    Related source file is "D:\ISE\Exp10-FSM\MUX8T1_32.vf".
    Summary:
	no macro.
Unit <MUX8T1_8_MUSER_MUX8T1_32> synthesized.

Synthesizing Unit <MUX441_MUSER_MUX8T1_32>.
    Related source file is "D:\ISE\Exp10-FSM\MUX8T1_32.vf".
    Summary:
	no macro.
Unit <MUX441_MUSER_MUX8T1_32> synthesized.

Synthesizing Unit <MUX8T1_8>.
    Related source file is "D:\ISE\Exp10-FSM\MUX8T1_8.vf".
    Summary:
	no macro.
Unit <MUX8T1_8> synthesized.

Synthesizing Unit <MUX441_MUSER_MUX8T1_8>.
    Related source file is "D:\ISE\Exp10-FSM\MUX8T1_8.vf".
    Summary:
	no macro.
Unit <MUX441_MUSER_MUX8T1_8> synthesized.

Synthesizing Unit <GPIO>.
    Related source file is "D:\ISE\Exp10-FSM\code\framework_i2\GPIO.v".
    Found 32-bit register for signal <GPIOf0>.
    Summary:
	inferred  32 D-type flip-flop(s).
Unit <GPIO> synthesized.

Synthesizing Unit <ALU>.
    Related source file is "D:\ISE\Exp10-FSM\code\framework_i2\ALU.v".
WARNING:Xst:2898 - Port 'point_in', unconnected in block instance 'MUX1', is tied to GND.
WARNING:Xst:2898 - Port 'LES', unconnected in block instance 'MUX1', is tied to GND.
WARNING:Xst:2898 - Port 'clk', unconnected in block instance 'MUX1', is tied to GND.
WARNING:Xst:2898 - Port 'rst', unconnected in block instance 'MUX1', is tied to GND.
WARNING:Xst:2898 - Port 'EN', unconnected in block instance 'MUX1', is tied to GND.
INFO:Xst:3210 - "D:\ISE\Exp10-FSM\code\framework_i2\ALU.v" line 44: Output port <point_out> of the instance <MUX1> is unconnected or connected to loadless signal.
INFO:Xst:3210 - "D:\ISE\Exp10-FSM\code\framework_i2\ALU.v" line 44: Output port <LE_out> of the instance <MUX1> is unconnected or connected to loadless signal.
WARNING:Xst:653 - Signal <zero> is used but never assigned. This sourceless signal will be automatically connected to value GND.
WARNING:Xst:653 - Signal <overflow> is used but never assigned. This sourceless signal will be automatically connected to value GND.
    Found 32-bit comparator greater for signal <A[31]_B[31]_LessThan_4_o> created at line 42
    Summary:
	inferred   1 Comparator(s).
Unit <ALU> synthesized.

Synthesizing Unit <ADC32>.
    Related source file is "D:\ISE\Exp10-FSM\ADC32.vf".
    Summary:
	no macro.
Unit <ADC32> synthesized.

Synthesizing Unit <add4b_MUSER_ADC32>.
    Related source file is "D:\ISE\Exp10-FSM\ADC32.vf".
INFO:Xst:3210 - "D:\ISE\Exp10-FSM\ADC32.vf" line 188: Output port <co> of the instance <A0> is unconnected or connected to loadless signal.
INFO:Xst:3210 - "D:\ISE\Exp10-FSM\ADC32.vf" line 195: Output port <co> of the instance <A1> is unconnected or connected to loadless signal.
INFO:Xst:3210 - "D:\ISE\Exp10-FSM\ADC32.vf" line 202: Output port <co> of the instance <A2> is unconnected or connected to loadless signal.
INFO:Xst:3210 - "D:\ISE\Exp10-FSM\ADC32.vf" line 209: Output port <co> of the instance <A3> is unconnected or connected to loadless signal.
    Summary:
	no macro.
Unit <add4b_MUSER_ADC32> synthesized.

Synthesizing Unit <add_MUSER_ADC32>.
    Related source file is "D:\ISE\Exp10-FSM\ADC32.vf".
    Summary:
	no macro.
Unit <add_MUSER_ADC32> synthesized.

Synthesizing Unit <CLA_MUSER_ADC32>.
    Related source file is "D:\ISE\Exp10-FSM\ADC32.vf".
    Summary:
	no macro.
Unit <CLA_MUSER_ADC32> synthesized.

Synthesizing Unit <counter_32_rev>.
    Related source file is "D:\ISE\Exp10-FSM\code\counter_32_rev.v".
    Found 1-bit register for signal <RC>.
    Found 32-bit register for signal <cnt>.
    Found 32-bit subtractor for signal <cnt[31]_GND_34_o_sub_3_OUT> created at line 32.
    Found 32-bit adder for signal <cnt[31]_GND_34_o_add_1_OUT> created at line 31.
    Summary:
	inferred   1 Adder/Subtractor(s).
	inferred  33 D-type flip-flop(s).
	inferred   1 Multiplexer(s).
Unit <counter_32_rev> synthesized.

Synthesizing Unit <Counter_4bit_MUSER_TOP_FSM>.
    Related source file is "D:\ISE\Exp10-FSM\TOP_FSM.vf".
    Summary:
	no macro.
Unit <Counter_4bit_MUSER_TOP_FSM> synthesized.

Synthesizing Unit <MUX2T1_32>.
    Related source file is "D:\ISE\Exp10-FSM\code\MUX2T1_32.v".
    Summary:
	inferred   1 Multiplexer(s).
Unit <MUX2T1_32> synthesized.

Synthesizing Unit <Regs_8_32>.
    Related source file is "D:\ISE\Exp10-FSM\code\Regs_8_32.v".
    Summary:
	no macro.
Unit <Regs_8_32> synthesized.

Synthesizing Unit <Reg_32>.
    Related source file is "D:\ISE\Exp10-FSM\code\Reg_32.v".
    Found 32-bit register for signal <Q>.
    Summary:
	inferred  32 D-type flip-flop(s).
Unit <Reg_32> synthesized.

Synthesizing Unit <HTC138_sch>.
    Related source file is "D:\ISE\Exp10-FSM\HTC138_sch.vf".
    Summary:
	no macro.
Unit <HTC138_sch> synthesized.

Synthesizing Unit <Decoder_38_sch_MUSER_HTC138_sch>.
    Related source file is "D:\ISE\Exp10-FSM\HTC138_sch.vf".
    Summary:
	no macro.
Unit <Decoder_38_sch_MUSER_HTC138_sch> synthesized.

=========================================================================
HDL Synthesis Report

Macro Statistics
# Adders/Subtractors                                   : 2
 32-bit adder                                          : 1
 32-bit addsub                                         : 1
# Registers                                            : 18
 1-bit register                                        : 1
 32-bit register                                       : 13
 8-bit register                                        : 4
# Comparators                                          : 1
 32-bit comparator greater                             : 1
# Multiplexers                                         : 2
 32-bit 2-to-1 multiplexer                             : 2
# Xors                                                 : 1
 32-bit xor2                                           : 1

=========================================================================

=========================================================================
*                       Advanced HDL Synthesis                          *
=========================================================================

Reading core <code/framework_i2/SAnti_jitter.ngc>.
Reading core <code/framework_i2/SEnter_2_32.ngc>.
Reading core <code/framework_i2/P2S.ngc>.
Reading core <code/framework_i2/LED_P2S.ngc>.
Loading core <SAnti_jitter> for timing and area information for instance <XLXI_1>.
Loading core <SEnter_2_32> for timing and area information for instance <XLXI_2>.
Loading core <P2S> for timing and area information for instance <XLXI_2>.
Loading core <LED_P2S> for timing and area information for instance <LED_P2S>.
WARNING:Xst:1426 - The value init of the FF/Latch cpu_blink_0 hinder the constant cleaning in the block MUX1.
   You should achieve better results by setting this init to 0.
WARNING:Xst:1426 - The value init of the FF/Latch cpu_blink_1 hinder the constant cleaning in the block MUX1.
   You should achieve better results by setting this init to 0.
WARNING:Xst:1426 - The value init of the FF/Latch cpu_blink_2 hinder the constant cleaning in the block MUX1.
   You should achieve better results by setting this init to 0.
WARNING:Xst:1426 - The value init of the FF/Latch cpu_blink_3 hinder the constant cleaning in the block MUX1.
   You should achieve better results by setting this init to 0.
WARNING:Xst:1426 - The value init of the FF/Latch cpu_blink_4 hinder the constant cleaning in the block MUX1.
   You should achieve better results by setting this init to 0.
WARNING:Xst:1426 - The value init of the FF/Latch cpu_blink_5 hinder the constant cleaning in the block MUX1.
   You should achieve better results by setting this init to 0.
WARNING:Xst:1426 - The value init of the FF/Latch cpu_blink_6 hinder the constant cleaning in the block MUX1.
   You should achieve better results by setting this init to 0.
WARNING:Xst:1426 - The value init of the FF/Latch cpu_blink_7 hinder the constant cleaning in the block MUX1.
   You should achieve better results by setting this init to 0.
WARNING:Xst:1293 - FF/Latch <disp_data_16> has a constant value of 1 in block <MUX1>. This FF/Latch will be trimmed during the optimization process.
WARNING:Xst:1293 - FF/Latch <disp_data_17> has a constant value of 0 in block <MUX1>. This FF/Latch will be trimmed during the optimization process.
WARNING:Xst:1293 - FF/Latch <disp_data_18> has a constant value of 1 in block <MUX1>. This FF/Latch will be trimmed during the optimization process.
WARNING:Xst:1293 - FF/Latch <disp_data_19> has a constant value of 0 in block <MUX1>. This FF/Latch will be trimmed during the optimization process.
WARNING:Xst:1293 - FF/Latch <disp_data_20> has a constant value of 1 in block <MUX1>. This FF/Latch will be trimmed during the optimization process.
WARNING:Xst:1293 - FF/Latch <disp_data_21> has a constant value of 0 in block <MUX1>. This FF/Latch will be trimmed during the optimization process.
WARNING:Xst:1293 - FF/Latch <disp_data_22> has a constant value of 1 in block <MUX1>. This FF/Latch will be trimmed during the optimization process.
WARNING:Xst:1293 - FF/Latch <disp_data_23> has a constant value of 0 in block <MUX1>. This FF/Latch will be trimmed during the optimization process.
WARNING:Xst:1293 - FF/Latch <disp_data_24> has a constant value of 0 in block <MUX1>. This FF/Latch will be trimmed during the optimization process.
WARNING:Xst:1293 - FF/Latch <disp_data_25> has a constant value of 1 in block <MUX1>. This FF/Latch will be trimmed during the optimization process.
WARNING:Xst:1293 - FF/Latch <disp_data_26> has a constant value of 0 in block <MUX1>. This FF/Latch will be trimmed during the optimization process.
WARNING:Xst:1293 - FF/Latch <disp_data_27> has a constant value of 1 in block <MUX1>. This FF/Latch will be trimmed during the optimization process.
WARNING:Xst:1293 - FF/Latch <disp_data_28> has a constant value of 0 in block <MUX1>. This FF/Latch will be trimmed during the optimization process.
WARNING:Xst:1293 - FF/Latch <disp_data_29> has a constant value of 1 in block <MUX1>. This FF/Latch will be trimmed during the optimization process.
WARNING:Xst:1293 - FF/Latch <disp_data_30> has a constant value of 0 in block <MUX1>. This FF/Latch will be trimmed during the optimization process.
WARNING:Xst:1293 - FF/Latch <disp_data_31> has a constant value of 1 in block <MUX1>. This FF/Latch will be trimmed during the optimization process.
WARNING:Xst:1293 - FF/Latch <cpu_blink_0> has a constant value of 1 in block <MUX1>. This FF/Latch will be trimmed during the optimization process.
WARNING:Xst:1293 - FF/Latch <cpu_blink_1> has a constant value of 1 in block <MUX1>. This FF/Latch will be trimmed during the optimization process.
WARNING:Xst:1293 - FF/Latch <cpu_blink_2> has a constant value of 1 in block <MUX1>. This FF/Latch will be trimmed during the optimization process.
WARNING:Xst:1293 - FF/Latch <cpu_blink_3> has a constant value of 1 in block <MUX1>. This FF/Latch will be trimmed during the optimization process.
WARNING:Xst:1293 - FF/Latch <cpu_blink_4> has a constant value of 1 in block <MUX1>. This FF/Latch will be trimmed during the optimization process.
WARNING:Xst:1293 - FF/Latch <cpu_blink_5> has a constant value of 1 in block <MUX1>. This FF/Latch will be trimmed during the optimization process.
WARNING:Xst:1293 - FF/Latch <cpu_blink_6> has a constant value of 1 in block <MUX1>. This FF/Latch will be trimmed during the optimization process.
WARNING:Xst:1293 - FF/Latch <cpu_blink_7> has a constant value of 1 in block <MUX1>. This FF/Latch will be trimmed during the optimization process.
WARNING:Xst:1293 - FF/Latch <cpu_point_0> has a constant value of 0 in block <MUX1>. This FF/Latch will be trimmed during the optimization process.
WARNING:Xst:1293 - FF/Latch <cpu_point_1> has a constant value of 0 in block <MUX1>. This FF/Latch will be trimmed during the optimization process.
WARNING:Xst:1293 - FF/Latch <cpu_point_2> has a constant value of 0 in block <MUX1>. This FF/Latch will be trimmed during the optimization process.
WARNING:Xst:1293 - FF/Latch <cpu_point_3> has a constant value of 0 in block <MUX1>. This FF/Latch will be trimmed during the optimization process.
WARNING:Xst:1293 - FF/Latch <cpu_point_4> has a constant value of 0 in block <MUX1>. This FF/Latch will be trimmed during the optimization process.
WARNING:Xst:1293 - FF/Latch <cpu_point_5> has a constant value of 0 in block <MUX1>. This FF/Latch will be trimmed during the optimization process.
WARNING:Xst:1293 - FF/Latch <cpu_point_6> has a constant value of 0 in block <MUX1>. This FF/Latch will be trimmed during the optimization process.
WARNING:Xst:1293 - FF/Latch <cpu_point_7> has a constant value of 0 in block <MUX1>. This FF/Latch will be trimmed during the optimization process.
WARNING:Xst:1293 - FF/Latch <disp_data_0> has a constant value of 0 in block <MUX1>. This FF/Latch will be trimmed during the optimization process.
WARNING:Xst:1293 - FF/Latch <disp_data_1> has a constant value of 1 in block <MUX1>. This FF/Latch will be trimmed during the optimization process.
WARNING:Xst:1293 - FF/Latch <disp_data_2> has a constant value of 0 in block <MUX1>. This FF/Latch will be trimmed during the optimization process.
WARNING:Xst:1293 - FF/Latch <disp_data_3> has a constant value of 1 in block <MUX1>. This FF/Latch will be trimmed during the optimization process.
WARNING:Xst:1293 - FF/Latch <disp_data_4> has a constant value of 0 in block <MUX1>. This FF/Latch will be trimmed during the optimization process.
WARNING:Xst:1293 - FF/Latch <disp_data_5> has a constant value of 1 in block <MUX1>. This FF/Latch will be trimmed during the optimization process.
WARNING:Xst:1293 - FF/Latch <disp_data_6> has a constant value of 0 in block <MUX1>. This FF/Latch will be trimmed during the optimization process.
WARNING:Xst:1293 - FF/Latch <disp_data_7> has a constant value of 1 in block <MUX1>. This FF/Latch will be trimmed during the optimization process.
WARNING:Xst:1293 - FF/Latch <disp_data_8> has a constant value of 1 in block <MUX1>. This FF/Latch will be trimmed during the optimization process.
WARNING:Xst:1293 - FF/Latch <disp_data_9> has a constant value of 0 in block <MUX1>. This FF/Latch will be trimmed during the optimization process.
WARNING:Xst:1293 - FF/Latch <disp_data_10> has a constant value of 1 in block <MUX1>. This FF/Latch will be trimmed during the optimization process.
WARNING:Xst:1293 - FF/Latch <disp_data_11> has a constant value of 0 in block <MUX1>. This FF/Latch will be trimmed during the optimization process.
WARNING:Xst:1293 - FF/Latch <disp_data_12> has a constant value of 1 in block <MUX1>. This FF/Latch will be trimmed during the optimization process.
WARNING:Xst:1293 - FF/Latch <disp_data_13> has a constant value of 0 in block <MUX1>. This FF/Latch will be trimmed during the optimization process.
WARNING:Xst:1293 - FF/Latch <disp_data_14> has a constant value of 1 in block <MUX1>. This FF/Latch will be trimmed during the optimization process.
WARNING:Xst:1293 - FF/Latch <disp_data_15> has a constant value of 0 in block <MUX1>. This FF/Latch will be trimmed during the optimization process.
WARNING:Xst:2677 - Node <GPIOf0_16> of sequential type is unconnected in block <XLXI_6>.
WARNING:Xst:2677 - Node <GPIOf0_17> of sequential type is unconnected in block <XLXI_6>.
WARNING:Xst:2677 - Node <GPIOf0_18> of sequential type is unconnected in block <XLXI_6>.
WARNING:Xst:2677 - Node <GPIOf0_19> of sequential type is unconnected in block <XLXI_6>.
WARNING:Xst:2677 - Node <GPIOf0_20> of sequential type is unconnected in block <XLXI_6>.
WARNING:Xst:2677 - Node <GPIOf0_21> of sequential type is unconnected in block <XLXI_6>.
WARNING:Xst:2677 - Node <GPIOf0_22> of sequential type is unconnected in block <XLXI_6>.
WARNING:Xst:2677 - Node <GPIOf0_23> of sequential type is unconnected in block <XLXI_6>.
WARNING:Xst:2677 - Node <GPIOf0_24> of sequential type is unconnected in block <XLXI_6>.
WARNING:Xst:2677 - Node <GPIOf0_25> of sequential type is unconnected in block <XLXI_6>.
WARNING:Xst:2677 - Node <GPIOf0_26> of sequential type is unconnected in block <XLXI_6>.
WARNING:Xst:2677 - Node <GPIOf0_27> of sequential type is unconnected in block <XLXI_6>.
WARNING:Xst:2677 - Node <GPIOf0_28> of sequential type is unconnected in block <XLXI_6>.
WARNING:Xst:2677 - Node <GPIOf0_29> of sequential type is unconnected in block <XLXI_6>.
WARNING:Xst:2677 - Node <GPIOf0_30> of sequential type is unconnected in block <XLXI_6>.
WARNING:Xst:2677 - Node <GPIOf0_31> of sequential type is unconnected in block <XLXI_6>.

Synthesizing (advanced) Unit <clkdiv>.
The following registers are absorbed into counter <clkdiv>: 1 register on signal <clkdiv>.
Unit <clkdiv> synthesized (advanced).

Synthesizing (advanced) Unit <counter_32_rev>.
The following registers are absorbed into counter <cnt>: 1 register on signal <cnt>.
Unit <counter_32_rev> synthesized (advanced).

=========================================================================
Advanced HDL Synthesis Report

Macro Statistics
# Counters                                             : 2
 32-bit up counter                                     : 1
 32-bit updown counter                                 : 1
# Registers                                            : 389
 Flip-Flops                                            : 389
# Comparators                                          : 1
 32-bit comparator greater                             : 1
# Multiplexers                                         : 1
 32-bit 2-to-1 multiplexer                             : 1
# Xors                                                 : 1
 32-bit xor2                                           : 1

=========================================================================

=========================================================================
*                         Low Level Synthesis                           *
=========================================================================

Optimizing unit <MC14495_ZJU> ...

Optimizing unit <Multi_8CH32> ...

Optimizing unit <MUX8T1_8_MUSER_MUX8T1_32> ...

Optimizing unit <MUX441_MUSER_MUX8T1_32> ...

Optimizing unit <MUX8T1_8> ...

Optimizing unit <MUX441_MUSER_MUX8T1_8> ...

Optimizing unit <HTC138_sch> ...

Optimizing unit <Decoder_38_sch_MUSER_HTC138_sch> ...

Optimizing unit <ADC32> ...

Optimizing unit <CLA_MUSER_ADC32> ...

Optimizing unit <Counter_4bit_MUSER_TOP_FSM> ...

Optimizing unit <TOP_FSM> ...

Optimizing unit <HexTo8SEG> ...

Optimizing unit <GPIO> ...

Optimizing unit <Regs_8_32> ...

Optimizing unit <counter_32_rev> ...

Optimizing unit <ALU> ...
WARNING:Xst:1426 - The value init of the FF/Latch XLXI_14/MUX1/cpu_blink_0 hinder the constant cleaning in the block TOP_FSM.
   You should achieve better results by setting this init to 0.
WARNING:Xst:1426 - The value init of the FF/Latch XLXI_14/MUX1/cpu_blink_1 hinder the constant cleaning in the block TOP_FSM.
   You should achieve better results by setting this init to 0.
WARNING:Xst:1426 - The value init of the FF/Latch XLXI_14/MUX1/cpu_blink_2 hinder the constant cleaning in the block TOP_FSM.
   You should achieve better results by setting this init to 0.
WARNING:Xst:1426 - The value init of the FF/Latch XLXI_14/MUX1/cpu_blink_3 hinder the constant cleaning in the block TOP_FSM.
   You should achieve better results by setting this init to 0.
WARNING:Xst:1426 - The value init of the FF/Latch XLXI_14/MUX1/cpu_blink_4 hinder the constant cleaning in the block TOP_FSM.
   You should achieve better results by setting this init to 0.
WARNING:Xst:1426 - The value init of the FF/Latch XLXI_14/MUX1/cpu_blink_5 hinder the constant cleaning in the block TOP_FSM.
   You should achieve better results by setting this init to 0.
WARNING:Xst:1426 - The value init of the FF/Latch XLXI_14/MUX1/cpu_blink_6 hinder the constant cleaning in the block TOP_FSM.
   You should achieve better results by setting this init to 0.
WARNING:Xst:1426 - The value init of the FF/Latch XLXI_14/MUX1/cpu_blink_7 hinder the constant cleaning in the block TOP_FSM.
   You should achieve better results by setting this init to 0.
WARNING:Xst:1293 - FF/Latch <XLXI_14/MUX1/disp_data_16> has a constant value of 1 in block <TOP_FSM>. This FF/Latch will be trimmed during the optimization process.
WARNING:Xst:1293 - FF/Latch <XLXI_14/MUX1/disp_data_17> has a constant value of 0 in block <TOP_FSM>. This FF/Latch will be trimmed during the optimization process.
WARNING:Xst:1293 - FF/Latch <XLXI_14/MUX1/disp_data_18> has a constant value of 1 in block <TOP_FSM>. This FF/Latch will be trimmed during the optimization process.
WARNING:Xst:1293 - FF/Latch <XLXI_14/MUX1/disp_data_19> has a constant value of 0 in block <TOP_FSM>. This FF/Latch will be trimmed during the optimization process.
WARNING:Xst:1293 - FF/Latch <XLXI_14/MUX1/disp_data_20> has a constant value of 1 in block <TOP_FSM>. This FF/Latch will be trimmed during the optimization process.
WARNING:Xst:1293 - FF/Latch <XLXI_14/MUX1/disp_data_21> has a constant value of 0 in block <TOP_FSM>. This FF/Latch will be trimmed during the optimization process.
WARNING:Xst:1293 - FF/Latch <XLXI_14/MUX1/disp_data_22> has a constant value of 1 in block <TOP_FSM>. This FF/Latch will be trimmed during the optimization process.
WARNING:Xst:1293 - FF/Latch <XLXI_14/MUX1/disp_data_23> has a constant value of 0 in block <TOP_FSM>. This FF/Latch will be trimmed during the optimization process.
WARNING:Xst:1293 - FF/Latch <XLXI_14/MUX1/disp_data_24> has a constant value of 0 in block <TOP_FSM>. This FF/Latch will be trimmed during the optimization process.
WARNING:Xst:1293 - FF/Latch <XLXI_14/MUX1/disp_data_25> has a constant value of 1 in block <TOP_FSM>. This FF/Latch will be trimmed during the optimization process.
WARNING:Xst:1293 - FF/Latch <XLXI_14/MUX1/disp_data_26> has a constant value of 0 in block <TOP_FSM>. This FF/Latch will be trimmed during the optimization process.
WARNING:Xst:1293 - FF/Latch <XLXI_14/MUX1/disp_data_27> has a constant value of 1 in block <TOP_FSM>. This FF/Latch will be trimmed during the optimization process.
WARNING:Xst:1293 - FF/Latch <XLXI_14/MUX1/disp_data_28> has a constant value of 0 in block <TOP_FSM>. This FF/Latch will be trimmed during the optimization process.
WARNING:Xst:1293 - FF/Latch <XLXI_14/MUX1/disp_data_29> has a constant value of 1 in block <TOP_FSM>. This FF/Latch will be trimmed during the optimization process.
WARNING:Xst:1293 - FF/Latch <XLXI_14/MUX1/disp_data_30> has a constant value of 0 in block <TOP_FSM>. This FF/Latch will be trimmed during the optimization process.
WARNING:Xst:1293 - FF/Latch <XLXI_14/MUX1/disp_data_31> has a constant value of 1 in block <TOP_FSM>. This FF/Latch will be trimmed during the optimization process.
WARNING:Xst:1293 - FF/Latch <XLXI_14/MUX1/cpu_blink_0> has a constant value of 1 in block <TOP_FSM>. This FF/Latch will be trimmed during the optimization process.
WARNING:Xst:1293 - FF/Latch <XLXI_14/MUX1/cpu_blink_1> has a constant value of 1 in block <TOP_FSM>. This FF/Latch will be trimmed during the optimization process.
WARNING:Xst:1293 - FF/Latch <XLXI_14/MUX1/cpu_blink_2> has a constant value of 1 in block <TOP_FSM>. This FF/Latch will be trimmed during the optimization process.
WARNING:Xst:1293 - FF/Latch <XLXI_14/MUX1/cpu_blink_3> has a constant value of 1 in block <TOP_FSM>. This FF/Latch will be trimmed during the optimization process.
WARNING:Xst:1293 - FF/Latch <XLXI_14/MUX1/cpu_blink_4> has a constant value of 1 in block <TOP_FSM>. This FF/Latch will be trimmed during the optimization process.
WARNING:Xst:1293 - FF/Latch <XLXI_14/MUX1/cpu_blink_5> has a constant value of 1 in block <TOP_FSM>. This FF/Latch will be trimmed during the optimization process.
WARNING:Xst:1293 - FF/Latch <XLXI_14/MUX1/cpu_blink_6> has a constant value of 1 in block <TOP_FSM>. This FF/Latch will be trimmed during the optimization process.
WARNING:Xst:1293 - FF/Latch <XLXI_14/MUX1/cpu_blink_7> has a constant value of 1 in block <TOP_FSM>. This FF/Latch will be trimmed during the optimization process.
WARNING:Xst:1293 - FF/Latch <XLXI_14/MUX1/cpu_point_0> has a constant value of 0 in block <TOP_FSM>. This FF/Latch will be trimmed during the optimization process.
WARNING:Xst:1293 - FF/Latch <XLXI_14/MUX1/cpu_point_1> has a constant value of 0 in block <TOP_FSM>. This FF/Latch will be trimmed during the optimization process.
WARNING:Xst:1293 - FF/Latch <XLXI_14/MUX1/cpu_point_2> has a constant value of 0 in block <TOP_FSM>. This FF/Latch will be trimmed during the optimization process.
WARNING:Xst:1293 - FF/Latch <XLXI_14/MUX1/cpu_point_3> has a constant value of 0 in block <TOP_FSM>. This FF/Latch will be trimmed during the optimization process.
WARNING:Xst:1293 - FF/Latch <XLXI_14/MUX1/cpu_point_4> has a constant value of 0 in block <TOP_FSM>. This FF/Latch will be trimmed during the optimization process.
WARNING:Xst:1293 - FF/Latch <XLXI_14/MUX1/cpu_point_5> has a constant value of 0 in block <TOP_FSM>. This FF/Latch will be trimmed during the optimization process.
WARNING:Xst:1293 - FF/Latch <XLXI_14/MUX1/cpu_point_6> has a constant value of 0 in block <TOP_FSM>. This FF/Latch will be trimmed during the optimization process.
WARNING:Xst:1293 - FF/Latch <XLXI_14/MUX1/cpu_point_7> has a constant value of 0 in block <TOP_FSM>. This FF/Latch will be trimmed during the optimization process.
WARNING:Xst:1293 - FF/Latch <XLXI_14/MUX1/disp_data_0> has a constant value of 0 in block <TOP_FSM>. This FF/Latch will be trimmed during the optimization process.
WARNING:Xst:1293 - FF/Latch <XLXI_14/MUX1/disp_data_1> has a constant value of 1 in block <TOP_FSM>. This FF/Latch will be trimmed during the optimization process.
WARNING:Xst:1293 - FF/Latch <XLXI_14/MUX1/disp_data_2> has a constant value of 0 in block <TOP_FSM>. This FF/Latch will be trimmed during the optimization process.
WARNING:Xst:1293 - FF/Latch <XLXI_14/MUX1/disp_data_3> has a constant value of 1 in block <TOP_FSM>. This FF/Latch will be trimmed during the optimization process.
WARNING:Xst:1293 - FF/Latch <XLXI_14/MUX1/disp_data_4> has a constant value of 0 in block <TOP_FSM>. This FF/Latch will be trimmed during the optimization process.
WARNING:Xst:1293 - FF/Latch <XLXI_14/MUX1/disp_data_5> has a constant value of 1 in block <TOP_FSM>. This FF/Latch will be trimmed during the optimization process.
WARNING:Xst:1293 - FF/Latch <XLXI_14/MUX1/disp_data_6> has a constant value of 0 in block <TOP_FSM>. This FF/Latch will be trimmed during the optimization process.
WARNING:Xst:1293 - FF/Latch <XLXI_14/MUX1/disp_data_7> has a constant value of 1 in block <TOP_FSM>. This FF/Latch will be trimmed during the optimization process.
WARNING:Xst:1293 - FF/Latch <XLXI_14/MUX1/disp_data_8> has a constant value of 1 in block <TOP_FSM>. This FF/Latch will be trimmed during the optimization process.
WARNING:Xst:1293 - FF/Latch <XLXI_14/MUX1/disp_data_9> has a constant value of 0 in block <TOP_FSM>. This FF/Latch will be trimmed during the optimization process.
WARNING:Xst:1293 - FF/Latch <XLXI_14/MUX1/disp_data_10> has a constant value of 1 in block <TOP_FSM>. This FF/Latch will be trimmed during the optimization process.
WARNING:Xst:1293 - FF/Latch <XLXI_14/MUX1/disp_data_11> has a constant value of 0 in block <TOP_FSM>. This FF/Latch will be trimmed during the optimization process.
WARNING:Xst:1293 - FF/Latch <XLXI_14/MUX1/disp_data_12> has a constant value of 1 in block <TOP_FSM>. This FF/Latch will be trimmed during the optimization process.
WARNING:Xst:1293 - FF/Latch <XLXI_14/MUX1/disp_data_13> has a constant value of 0 in block <TOP_FSM>. This FF/Latch will be trimmed during the optimization process.
WARNING:Xst:1293 - FF/Latch <XLXI_14/MUX1/disp_data_14> has a constant value of 1 in block <TOP_FSM>. This FF/Latch will be trimmed during the optimization process.
WARNING:Xst:1293 - FF/Latch <XLXI_14/MUX1/disp_data_15> has a constant value of 0 in block <TOP_FSM>. This FF/Latch will be trimmed during the optimization process.
WARNING:Xst:1895 - Due to other FF/Latch trimming, FF/Latch <XLXI_6/GPIOf0_1> (without init value) has a constant value of 0 in block <TOP_FSM>. This FF/Latch will be trimmed during the optimization process.
WARNING:Xst:2677 - Node <XLXI_6/GPIOf0_31> of sequential type is unconnected in block <TOP_FSM>.
WARNING:Xst:2677 - Node <XLXI_6/GPIOf0_30> of sequential type is unconnected in block <TOP_FSM>.
WARNING:Xst:2677 - Node <XLXI_6/GPIOf0_29> of sequential type is unconnected in block <TOP_FSM>.
WARNING:Xst:2677 - Node <XLXI_6/GPIOf0_28> of sequential type is unconnected in block <TOP_FSM>.
WARNING:Xst:2677 - Node <XLXI_6/GPIOf0_27> of sequential type is unconnected in block <TOP_FSM>.
WARNING:Xst:2677 - Node <XLXI_6/GPIOf0_26> of sequential type is unconnected in block <TOP_FSM>.
WARNING:Xst:2677 - Node <XLXI_6/GPIOf0_25> of sequential type is unconnected in block <TOP_FSM>.
WARNING:Xst:2677 - Node <XLXI_6/GPIOf0_24> of sequential type is unconnected in block <TOP_FSM>.
WARNING:Xst:2677 - Node <XLXI_6/GPIOf0_23> of sequential type is unconnected in block <TOP_FSM>.
WARNING:Xst:2677 - Node <XLXI_6/GPIOf0_22> of sequential type is unconnected in block <TOP_FSM>.
WARNING:Xst:2677 - Node <XLXI_6/GPIOf0_21> of sequential type is unconnected in block <TOP_FSM>.
WARNING:Xst:2677 - Node <XLXI_6/GPIOf0_20> of sequential type is unconnected in block <TOP_FSM>.
WARNING:Xst:2677 - Node <XLXI_6/GPIOf0_19> of sequential type is unconnected in block <TOP_FSM>.
WARNING:Xst:2677 - Node <XLXI_6/GPIOf0_18> of sequential type is unconnected in block <TOP_FSM>.
WARNING:Xst:2677 - Node <XLXI_6/GPIOf0_17> of sequential type is unconnected in block <TOP_FSM>.
WARNING:Xst:2677 - Node <XLXI_6/GPIOf0_16> of sequential type is unconnected in block <TOP_FSM>.

Mapping all equations...
Building and optimizing final netlist ...
Found area constraint ratio of 100 (+ 5) on block TOP_FSM, actual ratio is 0.

Final Macro Processing ...

=========================================================================
Final Register Report

Macro Statistics
# Registers                                            : 388
 Flip-Flops                                            : 388

=========================================================================

=========================================================================
*                           Partition Report                            *
=========================================================================

Partition Implementation Status
-------------------------------

  No Partitions were found in this design.

-------------------------------

=========================================================================
*                            Design Summary                             *
=========================================================================

Top Level Output File Name         : TOP_FSM.ngc

Primitive and Black Box Usage:
------------------------------
# BELS                             : 4324
#      AND2                        : 2046
#      AND3                        : 119
#      AND4                        : 102
#      BUF                         : 1
#      GND                         : 2
#      INV                         : 267
#      LUT1                        : 97
#      LUT2                        : 67
#      LUT3                        : 108
#      LUT4                        : 163
#      LUT5                        : 65
#      LUT6                        : 211
#      MULT_AND                    : 31
#      MUXCY                       : 169
#      MUXF7                       : 6
#      OR2                         : 260
#      OR3                         : 34
#      OR4                         : 372
#      VCC                         : 4
#      XNOR2                       : 3
#      XOR2                        : 64
#      XORCY                       : 133
# FlipFlops/Latches                : 687
#      FD                          : 242
#      FDC                         : 46
#      FDC_1                       : 15
#      FDCE                        : 260
#      FDE                         : 95
#      FDRE                        : 29
# Clock Buffers                    : 4
#      BUFG                        : 3
#      BUFGP                       : 1
# IO Buffers                       : 38
#      IBUF                        : 21
#      OBUF                        : 17
# Logical                          : 11
#      NAND2                       : 8
#      NOR2                        : 1
#      NOR3                        : 1
#      NOR4                        : 1

Device utilization summary:
---------------------------

Selected Device : 7k160tffg676-2l 


Slice Logic Utilization: 
 Number of Slice Registers:             687  out of  202800     0%  
 Number of Slice LUTs:                  978  out of  101400     0%  
    Number used as Logic:               978  out of  101400     0%  

Slice Logic Distribution: 
 Number of LUT Flip Flop pairs used:   1292
   Number with an unused Flip Flop:     605  out of   1292    46%  
   Number with an unused LUT:           314  out of   1292    24%  
   Number of fully used LUT-FF pairs:   373  out of   1292    28%  
   Number of unique control sets:        27

IO Utilization: 
 Number of IOs:                          39
 Number of bonded IOBs:                  39  out of    400     9%  

Specific Feature Utilization:
 Number of BUFG/BUFGCTRLs:                4  out of     32    12%  

---------------------------
Partition Resource Summary:
---------------------------

  No Partitions were found in this design.

---------------------------


=========================================================================
Timing Report

NOTE: THESE TIMING NUMBERS ARE ONLY A SYNTHESIS ESTIMATE.
      FOR ACCURATE TIMING INFORMATION PLEASE REFER TO THE TRACE REPORT
      GENERATED AFTER PLACE-and-ROUTE.

Clock Information:
------------------
-----------------------------------+------------------------+-------+
Clock Signal                       | Clock buffer(FF name)  | Load  |
-----------------------------------+------------------------+-------+
clk_100mhz                         | BUFGP                  | 350   |
XLXI_1/pulse_out<3>                | BUFG                   | 256   |
XLXI_3/clkdiv_26                   | BUFG                   | 37    |
XLXI_1/clk1                        | BUFG                   | 41    |
XLXI_2/push(XLXI_2/push1:O)        | NONE(*)(XLXI_2/state_0)| 3     |
-----------------------------------+------------------------+-------+
(*) This 1 clock signal(s) are generated by combinatorial logic,
and XST is not able to identify which are the primary clock signals.
Please use the CLOCK_SIGNAL constraint to specify the clock signal(s) generated by combinatorial logic.
INFO:Xst:2169 - HDL ADVISOR - Some clock signals were not automatically buffered by XST with BUFG/BUFR resources. Please use the buffer_type constraint in order to insert these buffers to the clock signals to help prevent skew problems.

Asynchronous Control Signals Information:
----------------------------------------
No asynchronous control signals found in this design

Timing Summary:
---------------
Speed Grade: -2

   Minimum period: 20.881ns (Maximum Frequency: 47.891MHz)
   Minimum input arrival time before clock: 2.109ns
   Maximum output required time after clock: 0.658ns
   Maximum combinational path delay: No path found

Timing Details:
---------------
All values displayed in nanoseconds (ns)

=========================================================================
Timing constraint: Default period analysis for Clock 'clk_100mhz'
  Clock period: 20.881ns (frequency: 47.891MHz)
  Total number of paths / destination ports: 3906102 / 443
-------------------------------------------------------------------------
Delay:               10.440ns (Levels of Logic = 16)
  Source:            XLXI_2/Bi_0 (FF)
  Destination:       XLXI_6/GPIOf0_0 (FF)
  Source Clock:      clk_100mhz rising
  Destination Clock: clk_100mhz falling

  Data Path: XLXI_2/Bi_0 to XLXI_6/GPIOf0_0
                                Gate     Net
    Cell:in->out      fanout   Delay   Delay  Logical Name (Net Name)
    ----------------------------------------  ------------
     FD:C->Q              54   0.236   0.473  Bi_0 (Bi<0>)
     end scope: 'XLXI_2:Bi<0>'
     INV:I->O              2   0.317   0.608  XLXI_33/MUX_REGA/XLXI_1/XLXI_3/XLXI_2 (XLXI_33/MUX_REGA/XLXI_1/XLXI_3/XLXN_108)
     AND2:I1->O            4   0.053   0.620  XLXI_33/MUX_REGA/XLXI_1/XLXI_3/XLXI_7 (XLXI_33/MUX_REGA/XLXI_1/XLXI_3/D2)
     AND2:I1->O            1   0.053   0.603  XLXI_33/MUX_REGA/XLXI_1/XLXI_3/XLXI_128 (XLXI_33/MUX_REGA/XLXI_1/XLXI_3/XLXN_396)
     OR4:I1->O             1   0.053   0.613  XLXI_33/MUX_REGA/XLXI_1/XLXI_3/XLXI_130 (XLXI_33/MUX_REGA/XLXI_1/o1<1>)
     AND2:I0->O            1   0.043   0.613  XLXI_33/MUX_REGA/XLXI_1/XLXI_15 (XLXI_33/MUX_REGA/XLXI_1/XLXN_58)
     OR2:I0->O             3   0.043   0.362  XLXI_33/MUX_REGA/XLXI_1/XLXI_13 (XLXN_260<1>)
     LUT3:I2->O            4   0.043   0.620  XLXI_32/Mmux_o121 (XLXN_257<1>)
     XOR2:I1->O            8   0.053   0.561  XLXI_14/ADD_32/XLXI_23/A2/XLXI_2 (XLXI_14/ADD_32/XLXI_23/XLXN_18)
     AND4:I2->O            1   0.134   0.495  XLXI_14/ADD_32/XLXI_23/XLXI_5/XLXI_11 (XLXI_14/ADD_32/XLXI_23/XLXI_5/XLXN_50)
     OR4:I3->O             4   0.161   0.512  XLXI_14/ADD_32/XLXI_23/XLXI_5/XLXI_14 (XLXI_14/ADD_32/XLXN_35)
     AND4:I3->O            1   0.161   0.495  XLXI_14/ADD_32/XLXI_26/XLXI_11 (XLXI_14/ADD_32/XLXI_26/XLXN_50)
     OR4:I3->O             1   0.161   0.613  XLXI_14/ADD_32/XLXI_26/XLXI_14 (XLXI_14/ADD_32/XLXN_49)
     OR2:I0->O             9   0.043   0.648  XLXI_14/ADD_32/XLXI_13 (XLXI_14/ADD_32/XLXN_65)
     AND2:I1->O            1   0.053   0.603  XLXI_14/ADD_32/XLXI_14 (XLXI_14/ADD_32/XLXN_66)
     OR2:I1->O             1   0.053   0.339  XLXI_14/ADD_32/XLXI_15 (Co)
     FDC_1:D                  -0.000          XLXI_6/GPIOf0_0
    ----------------------------------------
    Total                     10.440ns (1.660ns logic, 8.780ns route)
                                       (15.9% logic, 84.1% route)

=========================================================================
Timing constraint: Default period analysis for Clock 'XLXI_1/pulse_out<3>'
  Clock period: 13.649ns (frequency: 73.268MHz)
  Total number of paths / destination ports: 585728 / 256
-------------------------------------------------------------------------
Delay:               13.649ns (Levels of Logic = 20)
  Source:            XLXI_33/R7/Q_2 (FF)
  Destination:       XLXI_33/R0/Q_21 (FF)
  Source Clock:      XLXI_1/pulse_out<3> rising
  Destination Clock: XLXI_1/pulse_out<3> rising

  Data Path: XLXI_33/R7/Q_2 to XLXI_33/R0/Q_21
                                Gate     Net
    Cell:in->out      fanout   Delay   Delay  Logical Name (Net Name)
    ----------------------------------------  ------------
     FDCE:C->Q             2   0.236   0.618  XLXI_33/R7/Q_2 (XLXI_33/R7/Q_2)
     AND2:I0->O            1   0.043   0.613  XLXI_33/MUX_REGA/XLXI_1/XLXI_3/XLXI_154 (XLXI_33/MUX_REGA/XLXI_1/XLXI_3/XLXN_441)
     OR4:I0->O             1   0.043   0.613  XLXI_33/MUX_REGA/XLXI_1/XLXI_3/XLXI_155 (XLXI_33/MUX_REGA/XLXI_1/o1<2>)
     AND2:I0->O            1   0.043   0.613  XLXI_33/MUX_REGA/XLXI_1/XLXI_18 (XLXI_33/MUX_REGA/XLXI_1/XLXN_61)
     OR2:I0->O             3   0.043   0.362  XLXI_33/MUX_REGA/XLXI_1/XLXI_16 (XLXN_260<2>)
     LUT3:I2->O            4   0.043   0.620  XLXI_32/Mmux_o231 (XLXN_257<2>)
     XOR2:I1->O            8   0.053   0.642  XLXI_14/ADD_32/XLXI_23/A1/XLXI_2 (XLXI_14/ADD_32/XLXI_23/XLXN_16)
     AND4:I1->O            1   0.053   0.495  XLXI_14/ADD_32/XLXI_23/XLXI_5/XLXI_11 (XLXI_14/ADD_32/XLXI_23/XLXI_5/XLXN_50)
     OR4:I3->O             4   0.161   0.512  XLXI_14/ADD_32/XLXI_23/XLXI_5/XLXI_14 (XLXI_14/ADD_32/XLXN_35)
     AND4:I3->O            1   0.161   0.495  XLXI_14/ADD_32/XLXI_26/XLXI_11 (XLXI_14/ADD_32/XLXI_26/XLXN_50)
     OR4:I3->O             1   0.161   0.613  XLXI_14/ADD_32/XLXI_26/XLXI_14 (XLXI_14/ADD_32/XLXN_49)
     OR2:I0->O             9   0.043   0.648  XLXI_14/ADD_32/XLXI_13 (XLXI_14/ADD_32/XLXN_65)
     AND2:I1->O            1   0.053   0.603  XLXI_14/ADD_32/XLXI_25/XLXI_1 (XLXI_14/ADD_32/XLXI_25/XLXN_22)
     OR2:I1->O             5   0.053   0.626  XLXI_14/ADD_32/XLXI_25/XLXI_2 (XLXI_14/ADD_32/XLXN_61)
     AND2:I1->O            1   0.053   0.603  XLXI_14/ADD_32/XLXI_18/XLXI_5/XLXI_1 (XLXI_14/ADD_32/XLXI_18/XLXI_5/XLXN_22)
     OR2:I1->O             2   0.053   0.608  XLXI_14/ADD_32/XLXI_18/XLXI_5/XLXI_2 (XLXI_14/ADD_32/XLXI_18/XLXN_21)
     XOR2:I1->O            2   0.053   0.618  XLXI_14/ADD_32/XLXI_18/A2/XLXI_1 (XLXI_14/Sum<21>)
     AND2:I0->O            1   0.043   0.603  XLXI_14/MUX1/MUX_DispData/XLXI_3/XLXI_6/XLXI_128 (XLXI_14/MUX1/MUX_DispData/XLXI_3/XLXI_6/XLXN_396)
     OR4:I1->O             1   0.053   0.613  XLXI_14/MUX1/MUX_DispData/XLXI_3/XLXI_6/XLXI_130 (XLXI_14/MUX1/MUX_DispData/XLXI_3/o3<1>)
     AND2:I0->O            1   0.043   0.613  XLXI_14/MUX1/MUX_DispData/XLXI_3/XLXI_27 (XLXI_14/MUX1/MUX_DispData/XLXI_3/XLXN_70)
     OR2:I0->O             9   0.043   0.384  XLXI_14/MUX1/MUX_DispData/XLXI_3/XLXI_25 (XLXN_125<21>)
     FDCE:D                   -0.000          XLXI_33/R7/Q_21
    ----------------------------------------
    Total                     13.649ns (1.530ns logic, 12.118ns route)
                                       (11.2% logic, 88.8% route)

=========================================================================
Timing constraint: Default period analysis for Clock 'XLXI_3/clkdiv_26'
  Clock period: 2.572ns (frequency: 388.727MHz)
  Total number of paths / destination ports: 1099 / 37
-------------------------------------------------------------------------
Delay:               2.572ns (Levels of Logic = 3)
  Source:            XLXI_18/XLXI_15 (FF)
  Destination:       XLXI_18/XLXI_18 (FF)
  Source Clock:      XLXI_3/clkdiv_26 rising
  Destination Clock: XLXI_3/clkdiv_26 rising

  Data Path: XLXI_18/XLXI_15 to XLXI_18/XLXI_18
                                Gate     Net
    Cell:in->out      fanout   Delay   Delay  Logical Name (Net Name)
    ----------------------------------------  ------------
     FD:C->Q               3   0.236   0.351  XLXI_18/XLXI_15 (Qa)
     INV:I->O              4   0.317   0.630  XLXI_18/XLXI_8 (XLXI_18/XLXN_13)
     NOR3:I0->O            1   0.043   0.603  XLXI_18/XLXI_13 (XLXI_18/XLXN_19)
     XNOR2:I1->O           1   0.053   0.339  XLXI_18/XLXI_21 (XLXI_18/XLXN_4)
     FD:D                     -0.000          XLXI_18/XLXI_18
    ----------------------------------------
    Total                      2.572ns (0.649ns logic, 1.923ns route)
                                       (25.2% logic, 74.8% route)

=========================================================================
Timing constraint: Default period analysis for Clock 'XLXI_1/clk1'
  Clock period: 2.152ns (frequency: 464.587MHz)
  Total number of paths / destination ports: 1454 / 90
-------------------------------------------------------------------------
Delay:               2.152ns (Levels of Logic = 7)
  Source:            XLXI_1/counter_8 (FF)
  Destination:       XLXI_1/Key_x_0 (FF)
  Source Clock:      XLXI_1/clk1 rising
  Destination Clock: XLXI_1/clk1 rising

  Data Path: XLXI_1/counter_8 to XLXI_1/Key_x_0
                                Gate     Net
    Cell:in->out      fanout   Delay   Delay  Logical Name (Net Name)
    ----------------------------------------  ------------
     FDRE:C->Q             3   0.236   0.615  counter_8 (counter<8>)
     LUT5:I0->O            1   0.043   0.000  Mcompar_counter[31]_GND_1_o_LessThan_5_o_lut<0> (Mcompar_counter[31]_GND_1_o_LessThan_5_o_lut<0>)
     MUXCY:S->O            1   0.238   0.000  Mcompar_counter[31]_GND_1_o_LessThan_5_o_cy<0> (Mcompar_counter[31]_GND_1_o_LessThan_5_o_cy<0>)
     MUXCY:CI->O           1   0.013   0.000  Mcompar_counter[31]_GND_1_o_LessThan_5_o_cy<1> (Mcompar_counter[31]_GND_1_o_LessThan_5_o_cy<1>)
     MUXCY:CI->O           1   0.013   0.000  Mcompar_counter[31]_GND_1_o_LessThan_5_o_cy<2> (Mcompar_counter[31]_GND_1_o_LessThan_5_o_cy<2>)
     MUXCY:CI->O           1   0.013   0.000  Mcompar_counter[31]_GND_1_o_LessThan_5_o_cy<3> (Mcompar_counter[31]_GND_1_o_LessThan_5_o_cy<3>)
     MUXCY:CI->O           8   0.013   0.378  Mcompar_counter[31]_GND_1_o_LessThan_5_o_cy<4> (Mcompar_counter[31]_GND_1_o_LessThan_5_o_cy<4>)
     INV:I->O              7   0.054   0.373  _n0225_inv1_cepot_INV_0 (_n0225_inv1_cepot)
     FDE:CE                    0.161          Key_x_0
    ----------------------------------------
    Total                      2.152ns (0.786ns logic, 1.366ns route)
                                       (36.5% logic, 63.5% route)

=========================================================================
Timing constraint: Default period analysis for Clock 'XLXI_2/push'
  Clock period: 1.069ns (frequency: 935.060MHz)
  Total number of paths / destination ports: 6 / 3
-------------------------------------------------------------------------
Delay:               1.069ns (Levels of Logic = 1)
  Source:            XLXI_2/state_0 (FF)
  Destination:       XLXI_2/state_0 (FF)
  Source Clock:      XLXI_2/push rising
  Destination Clock: XLXI_2/push rising

  Data Path: XLXI_2/state_0 to XLXI_2/state_0
                                Gate     Net
    Cell:in->out      fanout   Delay   Delay  Logical Name (Net Name)
    ----------------------------------------  ------------
     FDE:C->Q             19   0.236   0.440  state_0 (state<0>)
     INV:I->O              1   0.054   0.339  Result<0>1_INV_0 (Result<0>)
     FDE:D                    -0.000          state_0
    ----------------------------------------
    Total                      1.069ns (0.290ns logic, 0.779ns route)
                                       (27.1% logic, 72.9% route)

=========================================================================
Timing constraint: Default OFFSET IN BEFORE for Clock 'clk_100mhz'
  Total number of paths / destination ports: 1195 / 100
-------------------------------------------------------------------------
Offset:              2.089ns (Levels of Logic = 10)
  Source:            SW<2> (PAD)
  Destination:       XLXI_1/SW_OK_0 (FF)
  Destination Clock: clk_100mhz rising

  Data Path: SW<2> to XLXI_1/SW_OK_0
                                Gate     Net
    Cell:in->out      fanout   Delay   Delay  Logical Name (Net Name)
    ----------------------------------------  ------------
     IBUF:I->O             3   0.000   0.625  SW_2_IBUF (SW_2_IBUF)
     begin scope: 'XLXI_1:SW<2>'
     LUT6:I0->O            1   0.043   0.000  Mcompar_sw_temp[15]_SW[15]_not_equal_100_o_lut<0> (Mcompar_sw_temp[15]_SW[15]_not_equal_100_o_lut<0>)
     MUXCY:S->O            1   0.238   0.000  Mcompar_sw_temp[15]_SW[15]_not_equal_100_o_cy<0> (Mcompar_sw_temp[15]_SW[15]_not_equal_100_o_cy<0>)
     MUXCY:CI->O           1   0.013   0.000  Mcompar_sw_temp[15]_SW[15]_not_equal_100_o_cy<1> (Mcompar_sw_temp[15]_SW[15]_not_equal_100_o_cy<1>)
     MUXCY:CI->O           1   0.013   0.000  Mcompar_sw_temp[15]_SW[15]_not_equal_100_o_cy<2> (Mcompar_sw_temp[15]_SW[15]_not_equal_100_o_cy<2>)
     MUXCY:CI->O           1   0.013   0.000  Mcompar_sw_temp[15]_SW[15]_not_equal_100_o_cy<3> (Mcompar_sw_temp[15]_SW[15]_not_equal_100_o_cy<3>)
     MUXCY:CI->O           1   0.013   0.000  Mcompar_sw_temp[15]_SW[15]_not_equal_100_o_cy<4> (Mcompar_sw_temp[15]_SW[15]_not_equal_100_o_cy<4>)
     MUXCY:CI->O          43   0.013   0.471  Mcompar_sw_temp[15]_SW[15]_not_equal_100_o_cy<5> (sw_temp[15]_SW[15]_not_equal_100_o)
     INV:I->O             17   0.054   0.429  _n0243_inv1_cepot_cepot_INV_0 (_n0243_inv1_cepot_cepot)
     FDE:CE                    0.161          SW_OK_0
    ----------------------------------------
    Total                      2.089ns (0.563ns logic, 1.525ns route)
                                       (27.0% logic, 73.0% route)

=========================================================================
Timing constraint: Default OFFSET IN BEFORE for Clock 'XLXI_1/clk1'
  Total number of paths / destination ports: 176 / 41
-------------------------------------------------------------------------
Offset:              2.109ns (Levels of Logic = 6)
  Source:            K_COL<3> (PAD)
  Destination:       XLXI_1/Key_x_1 (FF)
  Destination Clock: XLXI_1/clk1 rising

  Data Path: K_COL<3> to XLXI_1/Key_x_1
                                Gate     Net
    Cell:in->out      fanout   Delay   Delay  Logical Name (Net Name)
    ----------------------------------------  ------------
     IBUF:I->O             6   0.000   0.550  K_COL_3_IBUF (K_COL_3_IBUF)
     begin scope: 'XLXI_1:Key_y<3>'
     LUT4:I0->O           12   0.043   0.674  out1 (n0016)
     LUT6:I0->O            3   0.043   0.362  _n0295<0>1 (_n0295<0>)
     LUT6:I5->O            1   0.043   0.350  Key_x[4]_PWR_1_o_select_74_OUT<1>1 (Key_x[4]_PWR_1_o_select_74_OUT<4>)
     LUT3:I2->O            1   0.043   0.000  Key_x_4_dpot (Key_x_4_dpot)
     FDE:D                    -0.000          Key_x_4
    ----------------------------------------
    Total                      2.109ns (0.172ns logic, 1.937ns route)
                                       (8.2% logic, 91.8% route)

=========================================================================
Timing constraint: Default OFFSET OUT AFTER for Clock 'XLXI_1/clk1'
  Total number of paths / destination ports: 6 / 6
-------------------------------------------------------------------------
Offset:              0.658ns (Levels of Logic = 2)
  Source:            XLXI_1/Key_x_4 (FF)
  Destination:       K_ROW<4> (PAD)
  Source Clock:      XLXI_1/clk1 rising

  Data Path: XLXI_1/Key_x_4 to K_ROW<4>
                                Gate     Net
    Cell:in->out      fanout   Delay   Delay  Logical Name (Net Name)
    ----------------------------------------  ------------
     FDE:C->Q             16   0.236   0.422  Key_x_4 (Key_x<4>)
     end scope: 'XLXI_1:Key_x<4>'
     OBUF:I->O                 0.000          K_ROW_4_OBUF (K_ROW<4>)
    ----------------------------------------
    Total                      0.658ns (0.236ns logic, 0.422ns route)
                                       (35.8% logic, 64.2% route)

=========================================================================
Timing constraint: Default OFFSET OUT AFTER for Clock 'clk_100mhz'
  Total number of paths / destination ports: 8 / 8
-------------------------------------------------------------------------
Offset:              0.625ns (Levels of Logic = 2)
  Source:            XLXI_4/XLXI_2/s_clk (FF)
  Destination:       SEGCLK (PAD)
  Source Clock:      clk_100mhz rising

  Data Path: XLXI_4/XLXI_2/s_clk to SEGCLK
                                Gate     Net
    Cell:in->out      fanout   Delay   Delay  Logical Name (Net Name)
    ----------------------------------------  ------------
     FDC:C->Q             10   0.236   0.389  s_clk (s_clk)
     end scope: 'XLXI_4/XLXI_2:s_clk'
     OBUF:I->O                 0.000          SEGCLK_OBUF (SEGCLK)
    ----------------------------------------
    Total                      0.625ns (0.236ns logic, 0.389ns route)
                                       (37.7% logic, 62.3% route)

=========================================================================

Cross Clock Domains Report:
--------------------------

Clock to Setup on destination clock XLXI_1/clk1
---------------+---------+---------+---------+---------+
               | Src:Rise| Src:Fall| Src:Rise| Src:Fall|
Source Clock   |Dest:Rise|Dest:Rise|Dest:Fall|Dest:Fall|
---------------+---------+---------+---------+---------+
XLXI_1/clk1    |    2.152|         |         |         |
clk_100mhz     |    1.292|         |         |         |
---------------+---------+---------+---------+---------+

Clock to Setup on destination clock XLXI_1/pulse_out<3>
-------------------+---------+---------+---------+---------+
                   | Src:Rise| Src:Fall| Src:Rise| Src:Fall|
Source Clock       |Dest:Rise|Dest:Rise|Dest:Fall|Dest:Fall|
-------------------+---------+---------+---------+---------+
XLXI_1/pulse_out<3>|   13.649|         |         |         |
clk_100mhz         |   15.112|         |         |         |
-------------------+---------+---------+---------+---------+

Clock to Setup on destination clock XLXI_2/push
---------------+---------+---------+---------+---------+
               | Src:Rise| Src:Fall| Src:Rise| Src:Fall|
Source Clock   |Dest:Rise|Dest:Rise|Dest:Fall|Dest:Fall|
---------------+---------+---------+---------+---------+
XLXI_1/clk1    |    0.932|         |         |         |
XLXI_2/push    |    1.069|         |         |         |
clk_100mhz     |    1.336|         |         |         |
---------------+---------+---------+---------+---------+

Clock to Setup on destination clock XLXI_3/clkdiv_26
----------------+---------+---------+---------+---------+
                | Src:Rise| Src:Fall| Src:Rise| Src:Fall|
Source Clock    |Dest:Rise|Dest:Rise|Dest:Fall|Dest:Fall|
----------------+---------+---------+---------+---------+
XLXI_1/clk1     |    2.252|         |         |         |
XLXI_3/clkdiv_26|    2.572|         |         |         |
clk_100mhz      |    1.579|         |         |         |
----------------+---------+---------+---------+---------+

Clock to Setup on destination clock clk_100mhz
-------------------+---------+---------+---------+---------+
                   | Src:Rise| Src:Fall| Src:Rise| Src:Fall|
Source Clock       |Dest:Rise|Dest:Rise|Dest:Fall|Dest:Fall|
-------------------+---------+---------+---------+---------+
XLXI_1/clk1        |    1.100|         |         |         |
XLXI_1/pulse_out<3>|   19.315|         |    8.977|         |
XLXI_2/push        |    5.417|         |         |         |
XLXI_3/clkdiv_26   |    6.259|         |    1.916|         |
clk_100mhz         |   20.778|    1.289|   10.440|         |
-------------------+---------+---------+---------+---------+

=========================================================================


Total REAL time to Xst completion: 22.00 secs
Total CPU time to Xst completion: 21.56 secs
 
--> 

Total memory usage is 414884 kilobytes

Number of errors   :    0 (   0 filtered)
Number of warnings :  164 (   0 filtered)
Number of infos    :   11 (   0 filtered)

