Release 14.7 Map P.20131013 (nt64)
Xilinx Mapping Report File for Design 'TOP_FSM'

Design Information
------------------
Command Line   : map -intstyle ise -p xc7k160t-ffg676-2L -w -logic_opt off -ol
high -t 1 -xt 0 -register_duplication off -r 4 -mt off -ir off -pr off -lc off
-power off -o TOP_FSM_map.ncd TOP_FSM.ngd TOP_FSM.pcf 
Target Device  : xc7k160t
Target Package : ffg676
Target Speed   : -2l
Mapper Version : kintex7 -- $Revision: 1.55 $
Mapped Date    : Wed Dec 14 15:11:32 2016

Design Summary
--------------
Number of errors:      0
Number of warnings:    1
Slice Logic Utilization:
  Number of Slice Registers:                   677 out of 202,800    1%
    Number used as Flip Flops:                 677
    Number used as Latches:                      0
    Number used as Latch-thrus:                  0
    Number used as AND/OR logics:                0
  Number of Slice LUTs:                      1,944 out of 101,400    1%
    Number used as logic:                    1,940 out of 101,400    1%
      Number using O6 output only:           1,736
      Number using O5 output only:              93
      Number using O5 and O6:                  111
      Number used as ROM:                        0
    Number used as Memory:                       0 out of  35,000    0%
    Number used exclusively as route-thrus:      4
      Number with same-slice register load:      0
      Number with same-slice carry load:         4
      Number with other load:                    0

Slice Logic Distribution:
  Number of occupied Slices:                   768 out of  25,350    3%
  Number of LUT Flip Flop pairs used:        2,019
    Number with an unused Flip Flop:         1,348 out of   2,019   66%
    Number with an unused LUT:                  75 out of   2,019    3%
    Number of fully used LUT-FF pairs:         596 out of   2,019   29%
    Number of unique control sets:              22
    Number of slice register sites lost
      to control set restrictions:              35 out of 202,800    1%

  A LUT Flip Flop pair for this architecture represents one LUT paired with
  one Flip Flop within a slice.  A control set is a unique combination of
  clock, reset, set, and enable signals for a registered element.
  The Slice Logic Distribution report is not meaningful if the design is
  over-mapped for a non-slice resource or if Placement fails.
  OVERMAPPING of BRAM resources should be ignored if the design is
  over-mapped for a non-BRAM resource or if placement fails.

IO Utilization:
  Number of bonded IOBs:                        39 out of     400    9%
    Number of LOCed IOBs:                       39 out of      39  100%

Specific Feature Utilization:
  Number of RAMB36E1/FIFO36E1s:                  0 out of     325    0%
  Number of RAMB18E1/FIFO18E1s:                  0 out of     650    0%
  Number of BUFG/BUFGCTRLs:                      3 out of      32    9%
    Number used as BUFGs:                        3
    Number used as BUFGCTRLs:                    0
  Number of IDELAYE2/IDELAYE2_FINEDELAYs:        0 out of     400    0%
  Number of ILOGICE2/ILOGICE3/ISERDESE2s:        0 out of     400    0%
  Number of ODELAYE2/ODELAYE2_FINEDELAYs:        0 out of     150    0%
  Number of OLOGICE2/OLOGICE3/OSERDESE2s:        0 out of     400    0%
  Number of PHASER_IN/PHASER_IN_PHYs:            0 out of      32    0%
  Number of PHASER_OUT/PHASER_OUT_PHYs:          0 out of      32    0%
  Number of BSCANs:                              0 out of       4    0%
  Number of BUFHCEs:                             0 out of     120    0%
  Number of BUFRs:                               0 out of      32    0%
  Number of CAPTUREs:                            0 out of       1    0%
  Number of DNA_PORTs:                           0 out of       1    0%
  Number of DSP48E1s:                            0 out of     600    0%
  Number of EFUSE_USRs:                          0 out of       1    0%
  Number of FRAME_ECCs:                          0 out of       1    0%
  Number of GTXE2_CHANNELs:                      0 out of       8    0%
  Number of GTXE2_COMMONs:                       0 out of       2    0%
  Number of IBUFDS_GTE2s:                        0 out of       4    0%
  Number of ICAPs:                               0 out of       2    0%
  Number of IDELAYCTRLs:                         0 out of       8    0%
  Number of IN_FIFOs:                            0 out of      32    0%
  Number of MMCME2_ADVs:                         0 out of       8    0%
  Number of OUT_FIFOs:                           0 out of      32    0%
  Number of PCIE_2_1s:                           0 out of       1    0%
  Number of PHASER_REFs:                         0 out of       8    0%
  Number of PHY_CONTROLs:                        0 out of       8    0%
  Number of PLLE2_ADVs:                          0 out of       8    0%
  Number of STARTUPs:                            0 out of       1    0%
  Number of XADCs:                               0 out of       1    0%

Average Fanout of Non-Clock Nets:                3.31

Peak Memory Usage:  1052 MB
Total REAL time to MAP completion:  1 mins 35 secs 
Total CPU time to MAP completion:   1 mins 20 secs 

Table of Contents
-----------------
Section 1 - Errors
Section 2 - Warnings
Section 3 - Informational
Section 4 - Removed Logic Summary
Section 5 - Removed Logic
Section 6 - IOB Properties
Section 7 - RPMs
Section 8 - Guide Report
Section 9 - Area Group and Partition Summary
Section 10 - Timing Report
Section 11 - Configuration String Information
Section 12 - Control Set Information
Section 13 - Utilization by Hierarchy

Section 1 - Errors
------------------

Section 2 - Warnings
--------------------
WARNING:PhysDesignRules:372 - Gated clock. Clock net XLXI_2/push is sourced by a
   combinatorial pin. This is not good design practice. Use the CE pin to
   control the loading of data into the flip-flop.

Section 3 - Informational
-------------------------
INFO:LIT:244 - All of the single ended outputs in this design are using slew
   rate limited output drivers. The delay on speed critical single ended outputs
   can be dramatically reduced by designating them as fast outputs.
INFO:Pack:1716 - Initializing temperature to 100.000 Celsius. (default - Range:
   0.000 to 100.000 Celsius)
INFO:Pack:1720 - Initializing voltage to 0.970 Volts. (default - Range: 0.970 to
   1.030 Volts)
INFO:Map:215 - The Interim Design Summary has been generated in the MAP Report
   (.mrp).
INFO:Pack:1650 - Map created a placed design.

Section 4 - Removed Logic Summary
---------------------------------
 379 block(s) removed
 200 block(s) optimized away
 331 signal(s) removed

Section 5 - Removed Logic
-------------------------

The trimmed logic report below shows the logic removed from your design due to
sourceless or loadless signals, and VCC or ground connections.  If the removal
of a signal or symbol results in the subsequent removal of an additional signal
or symbol, the message explaining that second removal will be indented.  This
indentation will be repeated as a chain of related logic is removed.

To quickly locate the original cause for the removal of a chain of logic, look
above the place where that logic is listed in the trimming report, then locate
the lines that are least indented (begin at the leftmost edge).

Loadless block "XLXI_14/ADD_32/XLXI_16/A0/XLXI_5" (OR) removed.
 The signal "XLXI_14/ADD_32/XLXI_16/A0/XLXN_11" is loadless and has been removed.
  Loadless block "XLXI_14/ADD_32/XLXI_16/A0/XLXI_4" (AND) removed.
Loadless block "XLXI_14/ADD_32/XLXI_16/A1/XLXI_5" (OR) removed.
 The signal "XLXI_14/ADD_32/XLXI_16/A1/XLXN_11" is loadless and has been removed.
  Loadless block "XLXI_14/ADD_32/XLXI_16/A1/XLXI_4" (AND) removed.
Loadless block "XLXI_14/ADD_32/XLXI_16/A2/XLXI_5" (OR) removed.
 The signal "XLXI_14/ADD_32/XLXI_16/A2/XLXN_11" is loadless and has been removed.
  Loadless block "XLXI_14/ADD_32/XLXI_16/A2/XLXI_4" (AND) removed.
Loadless block "XLXI_14/ADD_32/XLXI_16/A3/XLXI_5" (OR) removed.
 The signal "XLXI_14/ADD_32/XLXI_16/A3/XLXN_11" is loadless and has been removed.
  Loadless block "XLXI_14/ADD_32/XLXI_16/A3/XLXI_4" (AND) removed.
Loadless block "XLXI_14/ADD_32/XLXI_17/A0/XLXI_5" (OR) removed.
 The signal "XLXI_14/ADD_32/XLXI_17/A0/XLXN_11" is loadless and has been removed.
  Loadless block "XLXI_14/ADD_32/XLXI_17/A0/XLXI_4" (AND) removed.
Loadless block "XLXI_14/ADD_32/XLXI_17/A1/XLXI_5" (OR) removed.
 The signal "XLXI_14/ADD_32/XLXI_17/A1/XLXN_11" is loadless and has been removed.
  Loadless block "XLXI_14/ADD_32/XLXI_17/A1/XLXI_4" (AND) removed.
Loadless block "XLXI_14/ADD_32/XLXI_17/A2/XLXI_5" (OR) removed.
 The signal "XLXI_14/ADD_32/XLXI_17/A2/XLXN_11" is loadless and has been removed.
  Loadless block "XLXI_14/ADD_32/XLXI_17/A2/XLXI_4" (AND) removed.
Loadless block "XLXI_14/ADD_32/XLXI_17/A3/XLXI_5" (OR) removed.
 The signal "XLXI_14/ADD_32/XLXI_17/A3/XLXN_11" is loadless and has been removed.
  Loadless block "XLXI_14/ADD_32/XLXI_17/A3/XLXI_4" (AND) removed.
Loadless block "XLXI_14/ADD_32/XLXI_18/A0/XLXI_5" (OR) removed.
 The signal "XLXI_14/ADD_32/XLXI_18/A0/XLXN_11" is loadless and has been removed.
  Loadless block "XLXI_14/ADD_32/XLXI_18/A0/XLXI_4" (AND) removed.
Loadless block "XLXI_14/ADD_32/XLXI_18/A1/XLXI_5" (OR) removed.
 The signal "XLXI_14/ADD_32/XLXI_18/A1/XLXN_11" is loadless and has been removed.
  Loadless block "XLXI_14/ADD_32/XLXI_18/A1/XLXI_4" (AND) removed.
Loadless block "XLXI_14/ADD_32/XLXI_18/A2/XLXI_5" (OR) removed.
 The signal "XLXI_14/ADD_32/XLXI_18/A2/XLXN_11" is loadless and has been removed.
  Loadless block "XLXI_14/ADD_32/XLXI_18/A2/XLXI_4" (AND) removed.
Loadless block "XLXI_14/ADD_32/XLXI_18/A3/XLXI_5" (OR) removed.
 The signal "XLXI_14/ADD_32/XLXI_18/A3/XLXN_11" is loadless and has been removed.
  Loadless block "XLXI_14/ADD_32/XLXI_18/A3/XLXI_4" (AND) removed.
Loadless block "XLXI_14/ADD_32/XLXI_19/A0/XLXI_5" (OR) removed.
 The signal "XLXI_14/ADD_32/XLXI_19/A0/XLXN_11" is loadless and has been removed.
  Loadless block "XLXI_14/ADD_32/XLXI_19/A0/XLXI_4" (AND) removed.
Loadless block "XLXI_14/ADD_32/XLXI_19/A1/XLXI_5" (OR) removed.
 The signal "XLXI_14/ADD_32/XLXI_19/A1/XLXN_11" is loadless and has been removed.
  Loadless block "XLXI_14/ADD_32/XLXI_19/A1/XLXI_4" (AND) removed.
Loadless block "XLXI_14/ADD_32/XLXI_19/A2/XLXI_5" (OR) removed.
 The signal "XLXI_14/ADD_32/XLXI_19/A2/XLXN_11" is loadless and has been removed.
  Loadless block "XLXI_14/ADD_32/XLXI_19/A2/XLXI_4" (AND) removed.
Loadless block "XLXI_14/ADD_32/XLXI_19/A3/XLXI_5" (OR) removed.
 The signal "XLXI_14/ADD_32/XLXI_19/A3/XLXN_11" is loadless and has been removed.
  Loadless block "XLXI_14/ADD_32/XLXI_19/A3/XLXI_4" (AND) removed.
Loadless block "XLXI_14/ADD_32/XLXI_20/A0/XLXI_5" (OR) removed.
 The signal "XLXI_14/ADD_32/XLXI_20/A0/XLXN_11" is loadless and has been removed.
  Loadless block "XLXI_14/ADD_32/XLXI_20/A0/XLXI_4" (AND) removed.
Loadless block "XLXI_14/ADD_32/XLXI_20/A1/XLXI_5" (OR) removed.
 The signal "XLXI_14/ADD_32/XLXI_20/A1/XLXN_11" is loadless and has been removed.
  Loadless block "XLXI_14/ADD_32/XLXI_20/A1/XLXI_4" (AND) removed.
Loadless block "XLXI_14/ADD_32/XLXI_20/A2/XLXI_5" (OR) removed.
 The signal "XLXI_14/ADD_32/XLXI_20/A2/XLXN_11" is loadless and has been removed.
  Loadless block "XLXI_14/ADD_32/XLXI_20/A2/XLXI_4" (AND) removed.
Loadless block "XLXI_14/ADD_32/XLXI_20/A3/XLXI_5" (OR) removed.
 The signal "XLXI_14/ADD_32/XLXI_20/A3/XLXN_11" is loadless and has been removed.
  Loadless block "XLXI_14/ADD_32/XLXI_20/A3/XLXI_4" (AND) removed.
Loadless block "XLXI_14/ADD_32/XLXI_21/A0/XLXI_5" (OR) removed.
 The signal "XLXI_14/ADD_32/XLXI_21/A0/XLXN_11" is loadless and has been removed.
  Loadless block "XLXI_14/ADD_32/XLXI_21/A0/XLXI_4" (AND) removed.
Loadless block "XLXI_14/ADD_32/XLXI_21/A1/XLXI_5" (OR) removed.
 The signal "XLXI_14/ADD_32/XLXI_21/A1/XLXN_11" is loadless and has been removed.
  Loadless block "XLXI_14/ADD_32/XLXI_21/A1/XLXI_4" (AND) removed.
Loadless block "XLXI_14/ADD_32/XLXI_21/A2/XLXI_5" (OR) removed.
 The signal "XLXI_14/ADD_32/XLXI_21/A2/XLXN_11" is loadless and has been removed.
  Loadless block "XLXI_14/ADD_32/XLXI_21/A2/XLXI_4" (AND) removed.
Loadless block "XLXI_14/ADD_32/XLXI_21/A3/XLXI_5" (OR) removed.
 The signal "XLXI_14/ADD_32/XLXI_21/A3/XLXN_11" is loadless and has been removed.
  Loadless block "XLXI_14/ADD_32/XLXI_21/A3/XLXI_4" (AND) removed.
Loadless block "XLXI_14/ADD_32/XLXI_22/A0/XLXI_5" (OR) removed.
 The signal "XLXI_14/ADD_32/XLXI_22/A0/XLXN_11" is loadless and has been removed.
  Loadless block "XLXI_14/ADD_32/XLXI_22/A0/XLXI_4" (AND) removed.
Loadless block "XLXI_14/ADD_32/XLXI_22/A1/XLXI_5" (OR) removed.
 The signal "XLXI_14/ADD_32/XLXI_22/A1/XLXN_11" is loadless and has been removed.
  Loadless block "XLXI_14/ADD_32/XLXI_22/A1/XLXI_4" (AND) removed.
Loadless block "XLXI_14/ADD_32/XLXI_22/A2/XLXI_5" (OR) removed.
 The signal "XLXI_14/ADD_32/XLXI_22/A2/XLXN_11" is loadless and has been removed.
  Loadless block "XLXI_14/ADD_32/XLXI_22/A2/XLXI_4" (AND) removed.
Loadless block "XLXI_14/ADD_32/XLXI_22/A3/XLXI_5" (OR) removed.
 The signal "XLXI_14/ADD_32/XLXI_22/A3/XLXN_11" is loadless and has been removed.
  Loadless block "XLXI_14/ADD_32/XLXI_22/A3/XLXI_4" (AND) removed.
Loadless block "XLXI_14/ADD_32/XLXI_23/A0/XLXI_5" (OR) removed.
 The signal "XLXI_14/ADD_32/XLXI_23/A0/XLXN_11" is loadless and has been removed.
  Loadless block "XLXI_14/ADD_32/XLXI_23/A0/XLXI_4" (AND) removed.
Loadless block "XLXI_14/ADD_32/XLXI_23/A1/XLXI_5" (OR) removed.
 The signal "XLXI_14/ADD_32/XLXI_23/A1/XLXN_11" is loadless and has been removed.
  Loadless block "XLXI_14/ADD_32/XLXI_23/A1/XLXI_4" (AND) removed.
Loadless block "XLXI_14/ADD_32/XLXI_23/A2/XLXI_5" (OR) removed.
 The signal "XLXI_14/ADD_32/XLXI_23/A2/XLXN_11" is loadless and has been removed.
  Loadless block "XLXI_14/ADD_32/XLXI_23/A2/XLXI_4" (AND) removed.
Loadless block "XLXI_14/ADD_32/XLXI_23/A3/XLXI_5" (OR) removed.
 The signal "XLXI_14/ADD_32/XLXI_23/A3/XLXN_11" is loadless and has been removed.
  Loadless block "XLXI_14/ADD_32/XLXI_23/A3/XLXI_4" (AND) removed.
Loadless block "XLXI_14/MUX1/MUX2_Blink/XLXI_13" (OR) removed.
 The signal "XLXI_14/MUX1/MUX2_Blink/XLXN_58" is loadless and has been removed.
  Loadless block "XLXI_14/MUX1/MUX2_Blink/XLXI_15" (AND) removed.
   The signal "XLXI_14/MUX1/MUX2_Blink/o1<1>" is loadless and has been removed.
    Loadless block "XLXI_14/MUX1/MUX2_Blink/XLXI_3/XLXI_130" (OR) removed.
     The signal "XLXI_14/MUX1/MUX2_Blink/XLXI_3/XLXN_391" is loadless and has been
removed.
      Loadless block "XLXI_14/MUX1/MUX2_Blink/XLXI_3/XLXI_129" (AND) removed.
       The signal "XLXI_14/MUX1/MUX2_Blink/XLXI_3/D3" is loadless and has been removed.
        Loadless block "XLXI_14/MUX1/MUX2_Blink/XLXI_3/XLXI_8" (AND) removed.
     The signal "XLXI_14/MUX1/MUX2_Blink/XLXI_3/XLXN_396" is loadless and has been
removed.
      Loadless block "XLXI_14/MUX1/MUX2_Blink/XLXI_3/XLXI_128" (AND) removed.
       The signal "XLXI_14/MUX1/MUX2_Blink/XLXI_3/D2" is loadless and has been removed.
        Loadless block "XLXI_14/MUX1/MUX2_Blink/XLXI_3/XLXI_7" (AND) removed.
         The signal "XLXI_14/MUX1/MUX2_Blink/XLXI_3/XLXN_108" is loadless and has been
removed.
          Loadless block "XLXI_14/MUX1/MUX2_Blink/XLXI_3/XLXI_2" (BUF) removed.
     The signal "XLXI_14/MUX1/MUX2_Blink/XLXI_3/XLXN_394" is loadless and has been
removed.
      Loadless block "XLXI_14/MUX1/MUX2_Blink/XLXI_3/XLXI_127" (AND) removed.
       The signal "XLXI_14/MUX1/MUX2_Blink/XLXI_3/D1" is loadless and has been removed.
        Loadless block "XLXI_14/MUX1/MUX2_Blink/XLXI_3/XLXI_1" (AND) removed.
         The signal "XLXI_14/MUX1/MUX2_Blink/XLXI_3/XLXN_40" is loadless and has been
removed.
          Loadless block "XLXI_14/MUX1/MUX2_Blink/XLXI_3/XLXI_5" (BUF) removed.
     The signal "XLXI_14/MUX1/MUX2_Blink/XLXI_3/XLXN_390" is loadless and has been
removed.
      Loadless block "XLXI_14/MUX1/MUX2_Blink/XLXI_3/XLXI_126" (AND) removed.
       The signal "XLXI_14/MUX1/MUX2_Blink/XLXI_3/D0" is loadless and has been removed.
        Loadless block "XLXI_14/MUX1/MUX2_Blink/XLXI_3/XLXI_4" (AND) removed.
 The signal "XLXI_14/MUX1/MUX2_Blink/XLXN_57" is loadless and has been removed.
  Loadless block "XLXI_14/MUX1/MUX2_Blink/XLXI_14" (AND) removed.
   The signal "XLXI_14/MUX1/MUX2_Blink/o0<1>" is loadless and has been removed.
    Loadless block "XLXI_14/MUX1/MUX2_Blink/XLXI_1/XLXI_130" (OR) removed.
     The signal "XLXI_14/MUX1/MUX2_Blink/XLXI_1/XLXN_391" is loadless and has been
removed.
      Loadless block "XLXI_14/MUX1/MUX2_Blink/XLXI_1/XLXI_129" (AND) removed.
       The signal "XLXI_14/MUX1/MUX2_Blink/XLXI_1/D3" is loadless and has been removed.
        Loadless block "XLXI_14/MUX1/MUX2_Blink/XLXI_1/XLXI_8" (AND) removed.
     The signal "XLXI_14/MUX1/MUX2_Blink/XLXI_1/XLXN_396" is loadless and has been
removed.
      Loadless block "XLXI_14/MUX1/MUX2_Blink/XLXI_1/XLXI_128" (AND) removed.
       The signal "XLXI_14/MUX1/MUX2_Blink/XLXI_1/D2" is loadless and has been removed.
        Loadless block "XLXI_14/MUX1/MUX2_Blink/XLXI_1/XLXI_7" (AND) removed.
         The signal "XLXI_14/MUX1/MUX2_Blink/XLXI_1/XLXN_108" is loadless and has been
removed.
          Loadless block "XLXI_14/MUX1/MUX2_Blink/XLXI_1/XLXI_2" (BUF) removed.
     The signal "XLXI_14/MUX1/MUX2_Blink/XLXI_1/XLXN_394" is loadless and has been
removed.
      Loadless block "XLXI_14/MUX1/MUX2_Blink/XLXI_1/XLXI_127" (AND) removed.
       The signal "XLXI_14/MUX1/MUX2_Blink/XLXI_1/D1" is loadless and has been removed.
        Loadless block "XLXI_14/MUX1/MUX2_Blink/XLXI_1/XLXI_1" (AND) removed.
         The signal "XLXI_14/MUX1/MUX2_Blink/XLXI_1/XLXN_40" is loadless and has been
removed.
          Loadless block "XLXI_14/MUX1/MUX2_Blink/XLXI_1/XLXI_5" (BUF) removed.
     The signal "XLXI_14/MUX1/MUX2_Blink/XLXI_1/XLXN_390" is loadless and has been
removed.
      Loadless block "XLXI_14/MUX1/MUX2_Blink/XLXI_1/XLXI_126" (AND) removed.
       The signal "XLXI_14/MUX1/MUX2_Blink/XLXI_1/D0" is loadless and has been removed.
        Loadless block "XLXI_14/MUX1/MUX2_Blink/XLXI_1/XLXI_4" (AND) removed.
   The signal "XLXI_14/MUX1/MUX2_Blink/XLXN_140" is loadless and has been removed.
    Loadless block "XLXI_14/MUX1/MUX2_Blink/XLXI_86" (BUF) removed.
Loadless block "XLXI_14/MUX1/MUX2_Blink/XLXI_16" (OR) removed.
 The signal "XLXI_14/MUX1/MUX2_Blink/XLXN_61" is loadless and has been removed.
  Loadless block "XLXI_14/MUX1/MUX2_Blink/XLXI_18" (AND) removed.
   The signal "XLXI_14/MUX1/MUX2_Blink/o1<2>" is loadless and has been removed.
    Loadless block "XLXI_14/MUX1/MUX2_Blink/XLXI_3/XLXI_155" (OR) removed.
     The signal "XLXI_14/MUX1/MUX2_Blink/XLXI_3/XLXN_441" is loadless and has been
removed.
      Loadless block "XLXI_14/MUX1/MUX2_Blink/XLXI_3/XLXI_154" (AND) removed.
     The signal "XLXI_14/MUX1/MUX2_Blink/XLXI_3/XLXN_446" is loadless and has been
removed.
      Loadless block "XLXI_14/MUX1/MUX2_Blink/XLXI_3/XLXI_153" (AND) removed.
     The signal "XLXI_14/MUX1/MUX2_Blink/XLXI_3/XLXN_444" is loadless and has been
removed.
      Loadless block "XLXI_14/MUX1/MUX2_Blink/XLXI_3/XLXI_152" (AND) removed.
     The signal "XLXI_14/MUX1/MUX2_Blink/XLXI_3/XLXN_440" is loadless and has been
removed.
      Loadless block "XLXI_14/MUX1/MUX2_Blink/XLXI_3/XLXI_151" (AND) removed.
 The signal "XLXI_14/MUX1/MUX2_Blink/XLXN_60" is loadless and has been removed.
  Loadless block "XLXI_14/MUX1/MUX2_Blink/XLXI_17" (AND) removed.
   The signal "XLXI_14/MUX1/MUX2_Blink/o0<2>" is loadless and has been removed.
    Loadless block "XLXI_14/MUX1/MUX2_Blink/XLXI_1/XLXI_155" (OR) removed.
     The signal "XLXI_14/MUX1/MUX2_Blink/XLXI_1/XLXN_441" is loadless and has been
removed.
      Loadless block "XLXI_14/MUX1/MUX2_Blink/XLXI_1/XLXI_154" (AND) removed.
     The signal "XLXI_14/MUX1/MUX2_Blink/XLXI_1/XLXN_446" is loadless and has been
removed.
      Loadless block "XLXI_14/MUX1/MUX2_Blink/XLXI_1/XLXI_153" (AND) removed.
     The signal "XLXI_14/MUX1/MUX2_Blink/XLXI_1/XLXN_444" is loadless and has been
removed.
      Loadless block "XLXI_14/MUX1/MUX2_Blink/XLXI_1/XLXI_152" (AND) removed.
     The signal "XLXI_14/MUX1/MUX2_Blink/XLXI_1/XLXN_440" is loadless and has been
removed.
      Loadless block "XLXI_14/MUX1/MUX2_Blink/XLXI_1/XLXI_151" (AND) removed.
Loadless block "XLXI_14/MUX1/MUX2_Blink/XLXI_19" (OR) removed.
 The signal "XLXI_14/MUX1/MUX2_Blink/XLXN_64" is loadless and has been removed.
  Loadless block "XLXI_14/MUX1/MUX2_Blink/XLXI_21" (AND) removed.
   The signal "XLXI_14/MUX1/MUX2_Blink/o1<3>" is loadless and has been removed.
    Loadless block "XLXI_14/MUX1/MUX2_Blink/XLXI_3/XLXI_160" (OR) removed.
     The signal "XLXI_14/MUX1/MUX2_Blink/XLXI_3/XLXN_451" is loadless and has been
removed.
      Loadless block "XLXI_14/MUX1/MUX2_Blink/XLXI_3/XLXI_159" (AND) removed.
     The signal "XLXI_14/MUX1/MUX2_Blink/XLXI_3/XLXN_456" is loadless and has been
removed.
      Loadless block "XLXI_14/MUX1/MUX2_Blink/XLXI_3/XLXI_158" (AND) removed.
     The signal "XLXI_14/MUX1/MUX2_Blink/XLXI_3/XLXN_454" is loadless and has been
removed.
      Loadless block "XLXI_14/MUX1/MUX2_Blink/XLXI_3/XLXI_157" (AND) removed.
     The signal "XLXI_14/MUX1/MUX2_Blink/XLXI_3/XLXN_450" is loadless and has been
removed.
      Loadless block "XLXI_14/MUX1/MUX2_Blink/XLXI_3/XLXI_156" (AND) removed.
 The signal "XLXI_14/MUX1/MUX2_Blink/XLXN_63" is loadless and has been removed.
  Loadless block "XLXI_14/MUX1/MUX2_Blink/XLXI_20" (AND) removed.
   The signal "XLXI_14/MUX1/MUX2_Blink/o0<3>" is loadless and has been removed.
    Loadless block "XLXI_14/MUX1/MUX2_Blink/XLXI_1/XLXI_160" (OR) removed.
     The signal "XLXI_14/MUX1/MUX2_Blink/XLXI_1/XLXN_451" is loadless and has been
removed.
      Loadless block "XLXI_14/MUX1/MUX2_Blink/XLXI_1/XLXI_159" (AND) removed.
     The signal "XLXI_14/MUX1/MUX2_Blink/XLXI_1/XLXN_456" is loadless and has been
removed.
      Loadless block "XLXI_14/MUX1/MUX2_Blink/XLXI_1/XLXI_158" (AND) removed.
     The signal "XLXI_14/MUX1/MUX2_Blink/XLXI_1/XLXN_454" is loadless and has been
removed.
      Loadless block "XLXI_14/MUX1/MUX2_Blink/XLXI_1/XLXI_157" (AND) removed.
     The signal "XLXI_14/MUX1/MUX2_Blink/XLXI_1/XLXN_450" is loadless and has been
removed.
      Loadless block "XLXI_14/MUX1/MUX2_Blink/XLXI_1/XLXI_156" (AND) removed.
Loadless block "XLXI_14/MUX1/MUX2_Blink/XLXI_22" (OR) removed.
 The signal "XLXI_14/MUX1/MUX2_Blink/XLXN_67" is loadless and has been removed.
  Loadless block "XLXI_14/MUX1/MUX2_Blink/XLXI_24" (AND) removed.
   The signal "XLXI_14/MUX1/MUX2_Blink/o3<0>" is loadless and has been removed.
    Loadless block "XLXI_14/MUX1/MUX2_Blink/XLXI_6/XLXI_34" (OR) removed.
     The signal "XLXI_14/MUX1/MUX2_Blink/XLXI_6/XLXN_152" is loadless and has been
removed.
      Loadless block "XLXI_14/MUX1/MUX2_Blink/XLXI_6/XLXI_33" (AND) removed.
       The signal "XLXI_14/MUX1/MUX2_Blink/XLXI_6/D3" is loadless and has been removed.
        Loadless block "XLXI_14/MUX1/MUX2_Blink/XLXI_6/XLXI_8" (AND) removed.
     The signal "XLXI_14/MUX1/MUX2_Blink/XLXI_6/XLXN_151" is loadless and has been
removed.
      Loadless block "XLXI_14/MUX1/MUX2_Blink/XLXI_6/XLXI_32" (AND) removed.
       The signal "XLXI_14/MUX1/MUX2_Blink/XLXI_6/D2" is loadless and has been removed.
        Loadless block "XLXI_14/MUX1/MUX2_Blink/XLXI_6/XLXI_7" (AND) removed.
         The signal "XLXI_14/MUX1/MUX2_Blink/XLXI_6/XLXN_108" is loadless and has been
removed.
          Loadless block "XLXI_14/MUX1/MUX2_Blink/XLXI_6/XLXI_2" (BUF) removed.
     The signal "XLXI_14/MUX1/MUX2_Blink/XLXI_6/XLXN_150" is loadless and has been
removed.
      Loadless block "XLXI_14/MUX1/MUX2_Blink/XLXI_6/XLXI_3" (AND) removed.
       The signal "XLXI_14/MUX1/MUX2_Blink/XLXI_6/D1" is loadless and has been removed.
        Loadless block "XLXI_14/MUX1/MUX2_Blink/XLXI_6/XLXI_1" (AND) removed.
         The signal "XLXI_14/MUX1/MUX2_Blink/XLXI_6/XLXN_40" is loadless and has been
removed.
          Loadless block "XLXI_14/MUX1/MUX2_Blink/XLXI_6/XLXI_5" (BUF) removed.
     The signal "XLXI_14/MUX1/MUX2_Blink/XLXI_6/XLXN_149" is loadless and has been
removed.
      Loadless block "XLXI_14/MUX1/MUX2_Blink/XLXI_6/XLXI_9" (AND) removed.
       The signal "XLXI_14/MUX1/MUX2_Blink/XLXI_6/D0" is loadless and has been removed.
        Loadless block "XLXI_14/MUX1/MUX2_Blink/XLXI_6/XLXI_4" (AND) removed.
 The signal "XLXI_14/MUX1/MUX2_Blink/XLXN_66" is loadless and has been removed.
  Loadless block "XLXI_14/MUX1/MUX2_Blink/XLXI_23" (AND) removed.
   The signal "XLXI_14/MUX1/MUX2_Blink/o2<0>" is loadless and has been removed.
    Loadless block "XLXI_14/MUX1/MUX2_Blink/XLXI_5/XLXI_34" (OR) removed.
     The signal "XLXI_14/MUX1/MUX2_Blink/XLXI_5/XLXN_152" is loadless and has been
removed.
      Loadless block "XLXI_14/MUX1/MUX2_Blink/XLXI_5/XLXI_33" (AND) removed.
       The signal "XLXI_14/MUX1/MUX2_Blink/XLXI_5/D3" is loadless and has been removed.
        Loadless block "XLXI_14/MUX1/MUX2_Blink/XLXI_5/XLXI_8" (AND) removed.
     The signal "XLXI_14/MUX1/MUX2_Blink/XLXI_5/XLXN_151" is loadless and has been
removed.
      Loadless block "XLXI_14/MUX1/MUX2_Blink/XLXI_5/XLXI_32" (AND) removed.
       The signal "XLXI_14/MUX1/MUX2_Blink/XLXI_5/D2" is loadless and has been removed.
        Loadless block "XLXI_14/MUX1/MUX2_Blink/XLXI_5/XLXI_7" (AND) removed.
         The signal "XLXI_14/MUX1/MUX2_Blink/XLXI_5/XLXN_108" is loadless and has been
removed.
          Loadless block "XLXI_14/MUX1/MUX2_Blink/XLXI_5/XLXI_2" (BUF) removed.
     The signal "XLXI_14/MUX1/MUX2_Blink/XLXI_5/XLXN_150" is loadless and has been
removed.
      Loadless block "XLXI_14/MUX1/MUX2_Blink/XLXI_5/XLXI_3" (AND) removed.
       The signal "XLXI_14/MUX1/MUX2_Blink/XLXI_5/D1" is loadless and has been removed.
        Loadless block "XLXI_14/MUX1/MUX2_Blink/XLXI_5/XLXI_1" (AND) removed.
         The signal "XLXI_14/MUX1/MUX2_Blink/XLXI_5/XLXN_40" is loadless and has been
removed.
          Loadless block "XLXI_14/MUX1/MUX2_Blink/XLXI_5/XLXI_5" (BUF) removed.
     The signal "XLXI_14/MUX1/MUX2_Blink/XLXI_5/XLXN_149" is loadless and has been
removed.
      Loadless block "XLXI_14/MUX1/MUX2_Blink/XLXI_5/XLXI_9" (AND) removed.
       The signal "XLXI_14/MUX1/MUX2_Blink/XLXI_5/D0" is loadless and has been removed.
        Loadless block "XLXI_14/MUX1/MUX2_Blink/XLXI_5/XLXI_4" (AND) removed.
Loadless block "XLXI_14/MUX1/MUX2_Blink/XLXI_25" (OR) removed.
 The signal "XLXI_14/MUX1/MUX2_Blink/XLXN_70" is loadless and has been removed.
  Loadless block "XLXI_14/MUX1/MUX2_Blink/XLXI_27" (AND) removed.
   The signal "XLXI_14/MUX1/MUX2_Blink/o3<1>" is loadless and has been removed.
    Loadless block "XLXI_14/MUX1/MUX2_Blink/XLXI_6/XLXI_130" (OR) removed.
     The signal "XLXI_14/MUX1/MUX2_Blink/XLXI_6/XLXN_391" is loadless and has been
removed.
      Loadless block "XLXI_14/MUX1/MUX2_Blink/XLXI_6/XLXI_129" (AND) removed.
     The signal "XLXI_14/MUX1/MUX2_Blink/XLXI_6/XLXN_396" is loadless and has been
removed.
      Loadless block "XLXI_14/MUX1/MUX2_Blink/XLXI_6/XLXI_128" (AND) removed.
     The signal "XLXI_14/MUX1/MUX2_Blink/XLXI_6/XLXN_394" is loadless and has been
removed.
      Loadless block "XLXI_14/MUX1/MUX2_Blink/XLXI_6/XLXI_127" (AND) removed.
     The signal "XLXI_14/MUX1/MUX2_Blink/XLXI_6/XLXN_390" is loadless and has been
removed.
      Loadless block "XLXI_14/MUX1/MUX2_Blink/XLXI_6/XLXI_126" (AND) removed.
 The signal "XLXI_14/MUX1/MUX2_Blink/XLXN_69" is loadless and has been removed.
  Loadless block "XLXI_14/MUX1/MUX2_Blink/XLXI_26" (AND) removed.
   The signal "XLXI_14/MUX1/MUX2_Blink/o2<1>" is loadless and has been removed.
    Loadless block "XLXI_14/MUX1/MUX2_Blink/XLXI_5/XLXI_130" (OR) removed.
     The signal "XLXI_14/MUX1/MUX2_Blink/XLXI_5/XLXN_391" is loadless and has been
removed.
      Loadless block "XLXI_14/MUX1/MUX2_Blink/XLXI_5/XLXI_129" (AND) removed.
     The signal "XLXI_14/MUX1/MUX2_Blink/XLXI_5/XLXN_396" is loadless and has been
removed.
      Loadless block "XLXI_14/MUX1/MUX2_Blink/XLXI_5/XLXI_128" (AND) removed.
     The signal "XLXI_14/MUX1/MUX2_Blink/XLXI_5/XLXN_394" is loadless and has been
removed.
      Loadless block "XLXI_14/MUX1/MUX2_Blink/XLXI_5/XLXI_127" (AND) removed.
     The signal "XLXI_14/MUX1/MUX2_Blink/XLXI_5/XLXN_390" is loadless and has been
removed.
      Loadless block "XLXI_14/MUX1/MUX2_Blink/XLXI_5/XLXI_126" (AND) removed.
Loadless block "XLXI_14/MUX1/MUX2_Blink/XLXI_28" (OR) removed.
 The signal "XLXI_14/MUX1/MUX2_Blink/XLXN_73" is loadless and has been removed.
  Loadless block "XLXI_14/MUX1/MUX2_Blink/XLXI_30" (AND) removed.
   The signal "XLXI_14/MUX1/MUX2_Blink/o3<2>" is loadless and has been removed.
    Loadless block "XLXI_14/MUX1/MUX2_Blink/XLXI_6/XLXI_155" (OR) removed.
     The signal "XLXI_14/MUX1/MUX2_Blink/XLXI_6/XLXN_441" is loadless and has been
removed.
      Loadless block "XLXI_14/MUX1/MUX2_Blink/XLXI_6/XLXI_154" (AND) removed.
     The signal "XLXI_14/MUX1/MUX2_Blink/XLXI_6/XLXN_446" is loadless and has been
removed.
      Loadless block "XLXI_14/MUX1/MUX2_Blink/XLXI_6/XLXI_153" (AND) removed.
     The signal "XLXI_14/MUX1/MUX2_Blink/XLXI_6/XLXN_444" is loadless and has been
removed.
      Loadless block "XLXI_14/MUX1/MUX2_Blink/XLXI_6/XLXI_152" (AND) removed.
     The signal "XLXI_14/MUX1/MUX2_Blink/XLXI_6/XLXN_440" is loadless and has been
removed.
      Loadless block "XLXI_14/MUX1/MUX2_Blink/XLXI_6/XLXI_151" (AND) removed.
 The signal "XLXI_14/MUX1/MUX2_Blink/XLXN_72" is loadless and has been removed.
  Loadless block "XLXI_14/MUX1/MUX2_Blink/XLXI_29" (AND) removed.
   The signal "XLXI_14/MUX1/MUX2_Blink/o2<2>" is loadless and has been removed.
    Loadless block "XLXI_14/MUX1/MUX2_Blink/XLXI_5/XLXI_155" (OR) removed.
     The signal "XLXI_14/MUX1/MUX2_Blink/XLXI_5/XLXN_441" is loadless and has been
removed.
      Loadless block "XLXI_14/MUX1/MUX2_Blink/XLXI_5/XLXI_154" (AND) removed.
     The signal "XLXI_14/MUX1/MUX2_Blink/XLXI_5/XLXN_446" is loadless and has been
removed.
      Loadless block "XLXI_14/MUX1/MUX2_Blink/XLXI_5/XLXI_153" (AND) removed.
     The signal "XLXI_14/MUX1/MUX2_Blink/XLXI_5/XLXN_444" is loadless and has been
removed.
      Loadless block "XLXI_14/MUX1/MUX2_Blink/XLXI_5/XLXI_152" (AND) removed.
     The signal "XLXI_14/MUX1/MUX2_Blink/XLXI_5/XLXN_440" is loadless and has been
removed.
      Loadless block "XLXI_14/MUX1/MUX2_Blink/XLXI_5/XLXI_151" (AND) removed.
Loadless block "XLXI_14/MUX1/MUX2_Blink/XLXI_33" (OR) removed.
 The signal "XLXI_14/MUX1/MUX2_Blink/XLXN_78" is loadless and has been removed.
  Loadless block "XLXI_14/MUX1/MUX2_Blink/XLXI_35" (AND) removed.
   The signal "XLXI_14/MUX1/MUX2_Blink/o3<3>" is loadless and has been removed.
    Loadless block "XLXI_14/MUX1/MUX2_Blink/XLXI_6/XLXI_160" (OR) removed.
     The signal "XLXI_14/MUX1/MUX2_Blink/XLXI_6/XLXN_451" is loadless and has been
removed.
      Loadless block "XLXI_14/MUX1/MUX2_Blink/XLXI_6/XLXI_159" (AND) removed.
     The signal "XLXI_14/MUX1/MUX2_Blink/XLXI_6/XLXN_456" is loadless and has been
removed.
      Loadless block "XLXI_14/MUX1/MUX2_Blink/XLXI_6/XLXI_158" (AND) removed.
     The signal "XLXI_14/MUX1/MUX2_Blink/XLXI_6/XLXN_454" is loadless and has been
removed.
      Loadless block "XLXI_14/MUX1/MUX2_Blink/XLXI_6/XLXI_157" (AND) removed.
     The signal "XLXI_14/MUX1/MUX2_Blink/XLXI_6/XLXN_450" is loadless and has been
removed.
      Loadless block "XLXI_14/MUX1/MUX2_Blink/XLXI_6/XLXI_156" (AND) removed.
 The signal "XLXI_14/MUX1/MUX2_Blink/XLXN_77" is loadless and has been removed.
  Loadless block "XLXI_14/MUX1/MUX2_Blink/XLXI_34" (AND) removed.
   The signal "XLXI_14/MUX1/MUX2_Blink/o2<3>" is loadless and has been removed.
    Loadless block "XLXI_14/MUX1/MUX2_Blink/XLXI_5/XLXI_160" (OR) removed.
     The signal "XLXI_14/MUX1/MUX2_Blink/XLXI_5/XLXN_451" is loadless and has been
removed.
      Loadless block "XLXI_14/MUX1/MUX2_Blink/XLXI_5/XLXI_159" (AND) removed.
     The signal "XLXI_14/MUX1/MUX2_Blink/XLXI_5/XLXN_456" is loadless and has been
removed.
      Loadless block "XLXI_14/MUX1/MUX2_Blink/XLXI_5/XLXI_158" (AND) removed.
     The signal "XLXI_14/MUX1/MUX2_Blink/XLXI_5/XLXN_454" is loadless and has been
removed.
      Loadless block "XLXI_14/MUX1/MUX2_Blink/XLXI_5/XLXI_157" (AND) removed.
     The signal "XLXI_14/MUX1/MUX2_Blink/XLXI_5/XLXN_450" is loadless and has been
removed.
      Loadless block "XLXI_14/MUX1/MUX2_Blink/XLXI_5/XLXI_156" (AND) removed.
Loadless block "XLXI_14/MUX1/MUX2_Blink/XLXI_7" (OR) removed.
 The signal "XLXI_14/MUX1/MUX2_Blink/XLXN_48" is loadless and has been removed.
  Loadless block "XLXI_14/MUX1/MUX2_Blink/XLXI_9" (AND) removed.
   The signal "XLXI_14/MUX1/MUX2_Blink/o1<0>" is loadless and has been removed.
    Loadless block "XLXI_14/MUX1/MUX2_Blink/XLXI_3/XLXI_34" (OR) removed.
     The signal "XLXI_14/MUX1/MUX2_Blink/XLXI_3/XLXN_152" is loadless and has been
removed.
      Loadless block "XLXI_14/MUX1/MUX2_Blink/XLXI_3/XLXI_33" (AND) removed.
     The signal "XLXI_14/MUX1/MUX2_Blink/XLXI_3/XLXN_151" is loadless and has been
removed.
      Loadless block "XLXI_14/MUX1/MUX2_Blink/XLXI_3/XLXI_32" (AND) removed.
     The signal "XLXI_14/MUX1/MUX2_Blink/XLXI_3/XLXN_150" is loadless and has been
removed.
      Loadless block "XLXI_14/MUX1/MUX2_Blink/XLXI_3/XLXI_3" (AND) removed.
     The signal "XLXI_14/MUX1/MUX2_Blink/XLXI_3/XLXN_149" is loadless and has been
removed.
      Loadless block "XLXI_14/MUX1/MUX2_Blink/XLXI_3/XLXI_9" (AND) removed.
 The signal "XLXI_14/MUX1/MUX2_Blink/XLXN_47" is loadless and has been removed.
  Loadless block "XLXI_14/MUX1/MUX2_Blink/XLXI_8" (AND) removed.
   The signal "XLXI_14/MUX1/MUX2_Blink/o0<0>" is loadless and has been removed.
    Loadless block "XLXI_14/MUX1/MUX2_Blink/XLXI_1/XLXI_34" (OR) removed.
     The signal "XLXI_14/MUX1/MUX2_Blink/XLXI_1/XLXN_152" is loadless and has been
removed.
      Loadless block "XLXI_14/MUX1/MUX2_Blink/XLXI_1/XLXI_33" (AND) removed.
     The signal "XLXI_14/MUX1/MUX2_Blink/XLXI_1/XLXN_151" is loadless and has been
removed.
      Loadless block "XLXI_14/MUX1/MUX2_Blink/XLXI_1/XLXI_32" (AND) removed.
     The signal "XLXI_14/MUX1/MUX2_Blink/XLXI_1/XLXN_150" is loadless and has been
removed.
      Loadless block "XLXI_14/MUX1/MUX2_Blink/XLXI_1/XLXI_3" (AND) removed.
     The signal "XLXI_14/MUX1/MUX2_Blink/XLXI_1/XLXN_149" is loadless and has been
removed.
      Loadless block "XLXI_14/MUX1/MUX2_Blink/XLXI_1/XLXI_9" (AND) removed.
Loadless block "XLXI_14/MUX1/MUX3_Point/XLXI_13" (OR) removed.
 The signal "XLXI_14/MUX1/MUX3_Point/XLXN_58" is loadless and has been removed.
  Loadless block "XLXI_14/MUX1/MUX3_Point/XLXI_15" (AND) removed.
   The signal "XLXI_14/MUX1/MUX3_Point/o1<1>" is loadless and has been removed.
    Loadless block "XLXI_14/MUX1/MUX3_Point/XLXI_3/XLXI_130" (OR) removed.
     The signal "XLXI_14/MUX1/MUX3_Point/XLXI_3/XLXN_391" is loadless and has been
removed.
      Loadless block "XLXI_14/MUX1/MUX3_Point/XLXI_3/XLXI_129" (AND) removed.
       The signal "XLXI_14/MUX1/MUX3_Point/XLXI_3/D3" is loadless and has been removed.
        Loadless block "XLXI_14/MUX1/MUX3_Point/XLXI_3/XLXI_8" (AND) removed.
     The signal "XLXI_14/MUX1/MUX3_Point/XLXI_3/XLXN_396" is loadless and has been
removed.
      Loadless block "XLXI_14/MUX1/MUX3_Point/XLXI_3/XLXI_128" (AND) removed.
       The signal "XLXI_14/MUX1/MUX3_Point/XLXI_3/D2" is loadless and has been removed.
        Loadless block "XLXI_14/MUX1/MUX3_Point/XLXI_3/XLXI_7" (AND) removed.
         The signal "XLXI_14/MUX1/MUX3_Point/XLXI_3/XLXN_108" is loadless and has been
removed.
          Loadless block "XLXI_14/MUX1/MUX3_Point/XLXI_3/XLXI_2" (BUF) removed.
     The signal "XLXI_14/MUX1/MUX3_Point/XLXI_3/XLXN_394" is loadless and has been
removed.
      Loadless block "XLXI_14/MUX1/MUX3_Point/XLXI_3/XLXI_127" (AND) removed.
       The signal "XLXI_14/MUX1/MUX3_Point/XLXI_3/D1" is loadless and has been removed.
        Loadless block "XLXI_14/MUX1/MUX3_Point/XLXI_3/XLXI_1" (AND) removed.
         The signal "XLXI_14/MUX1/MUX3_Point/XLXI_3/XLXN_40" is loadless and has been
removed.
          Loadless block "XLXI_14/MUX1/MUX3_Point/XLXI_3/XLXI_5" (BUF) removed.
     The signal "XLXI_14/MUX1/MUX3_Point/XLXI_3/XLXN_390" is loadless and has been
removed.
      Loadless block "XLXI_14/MUX1/MUX3_Point/XLXI_3/XLXI_126" (AND) removed.
       The signal "XLXI_14/MUX1/MUX3_Point/XLXI_3/D0" is loadless and has been removed.
        Loadless block "XLXI_14/MUX1/MUX3_Point/XLXI_3/XLXI_4" (AND) removed.
 The signal "XLXI_14/MUX1/MUX3_Point/XLXN_57" is loadless and has been removed.
  Loadless block "XLXI_14/MUX1/MUX3_Point/XLXI_14" (AND) removed.
   The signal "XLXI_14/MUX1/MUX3_Point/o0<1>" is loadless and has been removed.
    Loadless block "XLXI_14/MUX1/MUX3_Point/XLXI_1/XLXI_130" (OR) removed.
     The signal "XLXI_14/MUX1/MUX3_Point/XLXI_1/XLXN_391" is loadless and has been
removed.
      Loadless block "XLXI_14/MUX1/MUX3_Point/XLXI_1/XLXI_129" (AND) removed.
       The signal "XLXI_14/MUX1/MUX3_Point/XLXI_1/D3" is loadless and has been removed.
        Loadless block "XLXI_14/MUX1/MUX3_Point/XLXI_1/XLXI_8" (AND) removed.
     The signal "XLXI_14/MUX1/MUX3_Point/XLXI_1/XLXN_396" is loadless and has been
removed.
      Loadless block "XLXI_14/MUX1/MUX3_Point/XLXI_1/XLXI_128" (AND) removed.
       The signal "XLXI_14/MUX1/MUX3_Point/XLXI_1/D2" is loadless and has been removed.
        Loadless block "XLXI_14/MUX1/MUX3_Point/XLXI_1/XLXI_7" (AND) removed.
         The signal "XLXI_14/MUX1/MUX3_Point/XLXI_1/XLXN_108" is loadless and has been
removed.
          Loadless block "XLXI_14/MUX1/MUX3_Point/XLXI_1/XLXI_2" (BUF) removed.
     The signal "XLXI_14/MUX1/MUX3_Point/XLXI_1/XLXN_394" is loadless and has been
removed.
      Loadless block "XLXI_14/MUX1/MUX3_Point/XLXI_1/XLXI_127" (AND) removed.
       The signal "XLXI_14/MUX1/MUX3_Point/XLXI_1/D1" is loadless and has been removed.
        Loadless block "XLXI_14/MUX1/MUX3_Point/XLXI_1/XLXI_1" (AND) removed.
         The signal "XLXI_14/MUX1/MUX3_Point/XLXI_1/XLXN_40" is loadless and has been
removed.
          Loadless block "XLXI_14/MUX1/MUX3_Point/XLXI_1/XLXI_5" (BUF) removed.
     The signal "XLXI_14/MUX1/MUX3_Point/XLXI_1/XLXN_390" is loadless and has been
removed.
      Loadless block "XLXI_14/MUX1/MUX3_Point/XLXI_1/XLXI_126" (AND) removed.
       The signal "XLXI_14/MUX1/MUX3_Point/XLXI_1/D0" is loadless and has been removed.
        Loadless block "XLXI_14/MUX1/MUX3_Point/XLXI_1/XLXI_4" (AND) removed.
   The signal "XLXI_14/MUX1/MUX3_Point/XLXN_140" is loadless and has been removed.
    Loadless block "XLXI_14/MUX1/MUX3_Point/XLXI_86" (BUF) removed.
Loadless block "XLXI_14/MUX1/MUX3_Point/XLXI_16" (OR) removed.
 The signal "XLXI_14/MUX1/MUX3_Point/XLXN_61" is loadless and has been removed.
  Loadless block "XLXI_14/MUX1/MUX3_Point/XLXI_18" (AND) removed.
   The signal "XLXI_14/MUX1/MUX3_Point/o1<2>" is loadless and has been removed.
    Loadless block "XLXI_14/MUX1/MUX3_Point/XLXI_3/XLXI_155" (OR) removed.
     The signal "XLXI_14/MUX1/MUX3_Point/XLXI_3/XLXN_441" is loadless and has been
removed.
      Loadless block "XLXI_14/MUX1/MUX3_Point/XLXI_3/XLXI_154" (AND) removed.
     The signal "XLXI_14/MUX1/MUX3_Point/XLXI_3/XLXN_446" is loadless and has been
removed.
      Loadless block "XLXI_14/MUX1/MUX3_Point/XLXI_3/XLXI_153" (AND) removed.
     The signal "XLXI_14/MUX1/MUX3_Point/XLXI_3/XLXN_444" is loadless and has been
removed.
      Loadless block "XLXI_14/MUX1/MUX3_Point/XLXI_3/XLXI_152" (AND) removed.
     The signal "XLXI_14/MUX1/MUX3_Point/XLXI_3/XLXN_440" is loadless and has been
removed.
      Loadless block "XLXI_14/MUX1/MUX3_Point/XLXI_3/XLXI_151" (AND) removed.
 The signal "XLXI_14/MUX1/MUX3_Point/XLXN_60" is loadless and has been removed.
  Loadless block "XLXI_14/MUX1/MUX3_Point/XLXI_17" (AND) removed.
   The signal "XLXI_14/MUX1/MUX3_Point/o0<2>" is loadless and has been removed.
    Loadless block "XLXI_14/MUX1/MUX3_Point/XLXI_1/XLXI_155" (OR) removed.
     The signal "XLXI_14/MUX1/MUX3_Point/XLXI_1/XLXN_441" is loadless and has been
removed.
      Loadless block "XLXI_14/MUX1/MUX3_Point/XLXI_1/XLXI_154" (AND) removed.
     The signal "XLXI_14/MUX1/MUX3_Point/XLXI_1/XLXN_446" is loadless and has been
removed.
      Loadless block "XLXI_14/MUX1/MUX3_Point/XLXI_1/XLXI_153" (AND) removed.
     The signal "XLXI_14/MUX1/MUX3_Point/XLXI_1/XLXN_444" is loadless and has been
removed.
      Loadless block "XLXI_14/MUX1/MUX3_Point/XLXI_1/XLXI_152" (AND) removed.
     The signal "XLXI_14/MUX1/MUX3_Point/XLXI_1/XLXN_440" is loadless and has been
removed.
      Loadless block "XLXI_14/MUX1/MUX3_Point/XLXI_1/XLXI_151" (AND) removed.
Loadless block "XLXI_14/MUX1/MUX3_Point/XLXI_19" (OR) removed.
 The signal "XLXI_14/MUX1/MUX3_Point/XLXN_64" is loadless and has been removed.
  Loadless block "XLXI_14/MUX1/MUX3_Point/XLXI_21" (AND) removed.
   The signal "XLXI_14/MUX1/MUX3_Point/o1<3>" is loadless and has been removed.
    Loadless block "XLXI_14/MUX1/MUX3_Point/XLXI_3/XLXI_160" (OR) removed.
     The signal "XLXI_14/MUX1/MUX3_Point/XLXI_3/XLXN_451" is loadless and has been
removed.
      Loadless block "XLXI_14/MUX1/MUX3_Point/XLXI_3/XLXI_159" (AND) removed.
     The signal "XLXI_14/MUX1/MUX3_Point/XLXI_3/XLXN_456" is loadless and has been
removed.
      Loadless block "XLXI_14/MUX1/MUX3_Point/XLXI_3/XLXI_158" (AND) removed.
     The signal "XLXI_14/MUX1/MUX3_Point/XLXI_3/XLXN_454" is loadless and has been
removed.
      Loadless block "XLXI_14/MUX1/MUX3_Point/XLXI_3/XLXI_157" (AND) removed.
     The signal "XLXI_14/MUX1/MUX3_Point/XLXI_3/XLXN_450" is loadless and has been
removed.
      Loadless block "XLXI_14/MUX1/MUX3_Point/XLXI_3/XLXI_156" (AND) removed.
 The signal "XLXI_14/MUX1/MUX3_Point/XLXN_63" is loadless and has been removed.
  Loadless block "XLXI_14/MUX1/MUX3_Point/XLXI_20" (AND) removed.
   The signal "XLXI_14/MUX1/MUX3_Point/o0<3>" is loadless and has been removed.
    Loadless block "XLXI_14/MUX1/MUX3_Point/XLXI_1/XLXI_160" (OR) removed.
     The signal "XLXI_14/MUX1/MUX3_Point/XLXI_1/XLXN_451" is loadless and has been
removed.
      Loadless block "XLXI_14/MUX1/MUX3_Point/XLXI_1/XLXI_159" (AND) removed.
     The signal "XLXI_14/MUX1/MUX3_Point/XLXI_1/XLXN_456" is loadless and has been
removed.
      Loadless block "XLXI_14/MUX1/MUX3_Point/XLXI_1/XLXI_158" (AND) removed.
     The signal "XLXI_14/MUX1/MUX3_Point/XLXI_1/XLXN_454" is loadless and has been
removed.
      Loadless block "XLXI_14/MUX1/MUX3_Point/XLXI_1/XLXI_157" (AND) removed.
     The signal "XLXI_14/MUX1/MUX3_Point/XLXI_1/XLXN_450" is loadless and has been
removed.
      Loadless block "XLXI_14/MUX1/MUX3_Point/XLXI_1/XLXI_156" (AND) removed.
Loadless block "XLXI_14/MUX1/MUX3_Point/XLXI_22" (OR) removed.
 The signal "XLXI_14/MUX1/MUX3_Point/XLXN_67" is loadless and has been removed.
  Loadless block "XLXI_14/MUX1/MUX3_Point/XLXI_24" (AND) removed.
   The signal "XLXI_14/MUX1/MUX3_Point/o3<0>" is loadless and has been removed.
    Loadless block "XLXI_14/MUX1/MUX3_Point/XLXI_6/XLXI_34" (OR) removed.
     The signal "XLXI_14/MUX1/MUX3_Point/XLXI_6/XLXN_152" is loadless and has been
removed.
      Loadless block "XLXI_14/MUX1/MUX3_Point/XLXI_6/XLXI_33" (AND) removed.
       The signal "XLXI_14/MUX1/MUX3_Point/XLXI_6/D3" is loadless and has been removed.
        Loadless block "XLXI_14/MUX1/MUX3_Point/XLXI_6/XLXI_8" (AND) removed.
     The signal "XLXI_14/MUX1/MUX3_Point/XLXI_6/XLXN_151" is loadless and has been
removed.
      Loadless block "XLXI_14/MUX1/MUX3_Point/XLXI_6/XLXI_32" (AND) removed.
       The signal "XLXI_14/MUX1/MUX3_Point/XLXI_6/D2" is loadless and has been removed.
        Loadless block "XLXI_14/MUX1/MUX3_Point/XLXI_6/XLXI_7" (AND) removed.
         The signal "XLXI_14/MUX1/MUX3_Point/XLXI_6/XLXN_108" is loadless and has been
removed.
          Loadless block "XLXI_14/MUX1/MUX3_Point/XLXI_6/XLXI_2" (BUF) removed.
     The signal "XLXI_14/MUX1/MUX3_Point/XLXI_6/XLXN_150" is loadless and has been
removed.
      Loadless block "XLXI_14/MUX1/MUX3_Point/XLXI_6/XLXI_3" (AND) removed.
       The signal "XLXI_14/MUX1/MUX3_Point/XLXI_6/D1" is loadless and has been removed.
        Loadless block "XLXI_14/MUX1/MUX3_Point/XLXI_6/XLXI_1" (AND) removed.
         The signal "XLXI_14/MUX1/MUX3_Point/XLXI_6/XLXN_40" is loadless and has been
removed.
          Loadless block "XLXI_14/MUX1/MUX3_Point/XLXI_6/XLXI_5" (BUF) removed.
     The signal "XLXI_14/MUX1/MUX3_Point/XLXI_6/XLXN_149" is loadless and has been
removed.
      Loadless block "XLXI_14/MUX1/MUX3_Point/XLXI_6/XLXI_9" (AND) removed.
       The signal "XLXI_14/MUX1/MUX3_Point/XLXI_6/D0" is loadless and has been removed.
        Loadless block "XLXI_14/MUX1/MUX3_Point/XLXI_6/XLXI_4" (AND) removed.
 The signal "XLXI_14/MUX1/MUX3_Point/XLXN_66" is loadless and has been removed.
  Loadless block "XLXI_14/MUX1/MUX3_Point/XLXI_23" (AND) removed.
   The signal "XLXI_14/MUX1/MUX3_Point/o2<0>" is loadless and has been removed.
    Loadless block "XLXI_14/MUX1/MUX3_Point/XLXI_5/XLXI_34" (OR) removed.
     The signal "XLXI_14/MUX1/MUX3_Point/XLXI_5/XLXN_152" is loadless and has been
removed.
      Loadless block "XLXI_14/MUX1/MUX3_Point/XLXI_5/XLXI_33" (AND) removed.
       The signal "XLXI_14/MUX1/MUX3_Point/XLXI_5/D3" is loadless and has been removed.
        Loadless block "XLXI_14/MUX1/MUX3_Point/XLXI_5/XLXI_8" (AND) removed.
     The signal "XLXI_14/MUX1/MUX3_Point/XLXI_5/XLXN_151" is loadless and has been
removed.
      Loadless block "XLXI_14/MUX1/MUX3_Point/XLXI_5/XLXI_32" (AND) removed.
       The signal "XLXI_14/MUX1/MUX3_Point/XLXI_5/D2" is loadless and has been removed.
        Loadless block "XLXI_14/MUX1/MUX3_Point/XLXI_5/XLXI_7" (AND) removed.
         The signal "XLXI_14/MUX1/MUX3_Point/XLXI_5/XLXN_108" is loadless and has been
removed.
          Loadless block "XLXI_14/MUX1/MUX3_Point/XLXI_5/XLXI_2" (BUF) removed.
     The signal "XLXI_14/MUX1/MUX3_Point/XLXI_5/XLXN_150" is loadless and has been
removed.
      Loadless block "XLXI_14/MUX1/MUX3_Point/XLXI_5/XLXI_3" (AND) removed.
       The signal "XLXI_14/MUX1/MUX3_Point/XLXI_5/D1" is loadless and has been removed.
        Loadless block "XLXI_14/MUX1/MUX3_Point/XLXI_5/XLXI_1" (AND) removed.
         The signal "XLXI_14/MUX1/MUX3_Point/XLXI_5/XLXN_40" is loadless and has been
removed.
          Loadless block "XLXI_14/MUX1/MUX3_Point/XLXI_5/XLXI_5" (BUF) removed.
     The signal "XLXI_14/MUX1/MUX3_Point/XLXI_5/XLXN_149" is loadless and has been
removed.
      Loadless block "XLXI_14/MUX1/MUX3_Point/XLXI_5/XLXI_9" (AND) removed.
       The signal "XLXI_14/MUX1/MUX3_Point/XLXI_5/D0" is loadless and has been removed.
        Loadless block "XLXI_14/MUX1/MUX3_Point/XLXI_5/XLXI_4" (AND) removed.
Loadless block "XLXI_14/MUX1/MUX3_Point/XLXI_25" (OR) removed.
 The signal "XLXI_14/MUX1/MUX3_Point/XLXN_70" is loadless and has been removed.
  Loadless block "XLXI_14/MUX1/MUX3_Point/XLXI_27" (AND) removed.
   The signal "XLXI_14/MUX1/MUX3_Point/o3<1>" is loadless and has been removed.
    Loadless block "XLXI_14/MUX1/MUX3_Point/XLXI_6/XLXI_130" (OR) removed.
     The signal "XLXI_14/MUX1/MUX3_Point/XLXI_6/XLXN_391" is loadless and has been
removed.
      Loadless block "XLXI_14/MUX1/MUX3_Point/XLXI_6/XLXI_129" (AND) removed.
     The signal "XLXI_14/MUX1/MUX3_Point/XLXI_6/XLXN_396" is loadless and has been
removed.
      Loadless block "XLXI_14/MUX1/MUX3_Point/XLXI_6/XLXI_128" (AND) removed.
     The signal "XLXI_14/MUX1/MUX3_Point/XLXI_6/XLXN_394" is loadless and has been
removed.
      Loadless block "XLXI_14/MUX1/MUX3_Point/XLXI_6/XLXI_127" (AND) removed.
     The signal "XLXI_14/MUX1/MUX3_Point/XLXI_6/XLXN_390" is loadless and has been
removed.
      Loadless block "XLXI_14/MUX1/MUX3_Point/XLXI_6/XLXI_126" (AND) removed.
 The signal "XLXI_14/MUX1/MUX3_Point/XLXN_69" is loadless and has been removed.
  Loadless block "XLXI_14/MUX1/MUX3_Point/XLXI_26" (AND) removed.
   The signal "XLXI_14/MUX1/MUX3_Point/o2<1>" is loadless and has been removed.
    Loadless block "XLXI_14/MUX1/MUX3_Point/XLXI_5/XLXI_130" (OR) removed.
     The signal "XLXI_14/MUX1/MUX3_Point/XLXI_5/XLXN_391" is loadless and has been
removed.
      Loadless block "XLXI_14/MUX1/MUX3_Point/XLXI_5/XLXI_129" (AND) removed.
     The signal "XLXI_14/MUX1/MUX3_Point/XLXI_5/XLXN_396" is loadless and has been
removed.
      Loadless block "XLXI_14/MUX1/MUX3_Point/XLXI_5/XLXI_128" (AND) removed.
     The signal "XLXI_14/MUX1/MUX3_Point/XLXI_5/XLXN_394" is loadless and has been
removed.
      Loadless block "XLXI_14/MUX1/MUX3_Point/XLXI_5/XLXI_127" (AND) removed.
     The signal "XLXI_14/MUX1/MUX3_Point/XLXI_5/XLXN_390" is loadless and has been
removed.
      Loadless block "XLXI_14/MUX1/MUX3_Point/XLXI_5/XLXI_126" (AND) removed.
Loadless block "XLXI_14/MUX1/MUX3_Point/XLXI_28" (OR) removed.
 The signal "XLXI_14/MUX1/MUX3_Point/XLXN_73" is loadless and has been removed.
  Loadless block "XLXI_14/MUX1/MUX3_Point/XLXI_30" (AND) removed.
   The signal "XLXI_14/MUX1/MUX3_Point/o3<2>" is loadless and has been removed.
    Loadless block "XLXI_14/MUX1/MUX3_Point/XLXI_6/XLXI_155" (OR) removed.
     The signal "XLXI_14/MUX1/MUX3_Point/XLXI_6/XLXN_441" is loadless and has been
removed.
      Loadless block "XLXI_14/MUX1/MUX3_Point/XLXI_6/XLXI_154" (AND) removed.
     The signal "XLXI_14/MUX1/MUX3_Point/XLXI_6/XLXN_446" is loadless and has been
removed.
      Loadless block "XLXI_14/MUX1/MUX3_Point/XLXI_6/XLXI_153" (AND) removed.
     The signal "XLXI_14/MUX1/MUX3_Point/XLXI_6/XLXN_444" is loadless and has been
removed.
      Loadless block "XLXI_14/MUX1/MUX3_Point/XLXI_6/XLXI_152" (AND) removed.
     The signal "XLXI_14/MUX1/MUX3_Point/XLXI_6/XLXN_440" is loadless and has been
removed.
      Loadless block "XLXI_14/MUX1/MUX3_Point/XLXI_6/XLXI_151" (AND) removed.
 The signal "XLXI_14/MUX1/MUX3_Point/XLXN_72" is loadless and has been removed.
  Loadless block "XLXI_14/MUX1/MUX3_Point/XLXI_29" (AND) removed.
   The signal "XLXI_14/MUX1/MUX3_Point/o2<2>" is loadless and has been removed.
    Loadless block "XLXI_14/MUX1/MUX3_Point/XLXI_5/XLXI_155" (OR) removed.
     The signal "XLXI_14/MUX1/MUX3_Point/XLXI_5/XLXN_441" is loadless and has been
removed.
      Loadless block "XLXI_14/MUX1/MUX3_Point/XLXI_5/XLXI_154" (AND) removed.
     The signal "XLXI_14/MUX1/MUX3_Point/XLXI_5/XLXN_446" is loadless and has been
removed.
      Loadless block "XLXI_14/MUX1/MUX3_Point/XLXI_5/XLXI_153" (AND) removed.
     The signal "XLXI_14/MUX1/MUX3_Point/XLXI_5/XLXN_444" is loadless and has been
removed.
      Loadless block "XLXI_14/MUX1/MUX3_Point/XLXI_5/XLXI_152" (AND) removed.
     The signal "XLXI_14/MUX1/MUX3_Point/XLXI_5/XLXN_440" is loadless and has been
removed.
      Loadless block "XLXI_14/MUX1/MUX3_Point/XLXI_5/XLXI_151" (AND) removed.
Loadless block "XLXI_14/MUX1/MUX3_Point/XLXI_33" (OR) removed.
 The signal "XLXI_14/MUX1/MUX3_Point/XLXN_78" is loadless and has been removed.
  Loadless block "XLXI_14/MUX1/MUX3_Point/XLXI_35" (AND) removed.
   The signal "XLXI_14/MUX1/MUX3_Point/o3<3>" is loadless and has been removed.
    Loadless block "XLXI_14/MUX1/MUX3_Point/XLXI_6/XLXI_160" (OR) removed.
     The signal "XLXI_14/MUX1/MUX3_Point/XLXI_6/XLXN_451" is loadless and has been
removed.
      Loadless block "XLXI_14/MUX1/MUX3_Point/XLXI_6/XLXI_159" (AND) removed.
     The signal "XLXI_14/MUX1/MUX3_Point/XLXI_6/XLXN_456" is loadless and has been
removed.
      Loadless block "XLXI_14/MUX1/MUX3_Point/XLXI_6/XLXI_158" (AND) removed.
     The signal "XLXI_14/MUX1/MUX3_Point/XLXI_6/XLXN_454" is loadless and has been
removed.
      Loadless block "XLXI_14/MUX1/MUX3_Point/XLXI_6/XLXI_157" (AND) removed.
     The signal "XLXI_14/MUX1/MUX3_Point/XLXI_6/XLXN_450" is loadless and has been
removed.
      Loadless block "XLXI_14/MUX1/MUX3_Point/XLXI_6/XLXI_156" (AND) removed.
 The signal "XLXI_14/MUX1/MUX3_Point/XLXN_77" is loadless and has been removed.
  Loadless block "XLXI_14/MUX1/MUX3_Point/XLXI_34" (AND) removed.
   The signal "XLXI_14/MUX1/MUX3_Point/o2<3>" is loadless and has been removed.
    Loadless block "XLXI_14/MUX1/MUX3_Point/XLXI_5/XLXI_160" (OR) removed.
     The signal "XLXI_14/MUX1/MUX3_Point/XLXI_5/XLXN_451" is loadless and has been
removed.
      Loadless block "XLXI_14/MUX1/MUX3_Point/XLXI_5/XLXI_159" (AND) removed.
     The signal "XLXI_14/MUX1/MUX3_Point/XLXI_5/XLXN_456" is loadless and has been
removed.
      Loadless block "XLXI_14/MUX1/MUX3_Point/XLXI_5/XLXI_158" (AND) removed.
     The signal "XLXI_14/MUX1/MUX3_Point/XLXI_5/XLXN_454" is loadless and has been
removed.
      Loadless block "XLXI_14/MUX1/MUX3_Point/XLXI_5/XLXI_157" (AND) removed.
     The signal "XLXI_14/MUX1/MUX3_Point/XLXI_5/XLXN_450" is loadless and has been
removed.
      Loadless block "XLXI_14/MUX1/MUX3_Point/XLXI_5/XLXI_156" (AND) removed.
Loadless block "XLXI_14/MUX1/MUX3_Point/XLXI_7" (OR) removed.
 The signal "XLXI_14/MUX1/MUX3_Point/XLXN_48" is loadless and has been removed.
  Loadless block "XLXI_14/MUX1/MUX3_Point/XLXI_9" (AND) removed.
   The signal "XLXI_14/MUX1/MUX3_Point/o1<0>" is loadless and has been removed.
    Loadless block "XLXI_14/MUX1/MUX3_Point/XLXI_3/XLXI_34" (OR) removed.
     The signal "XLXI_14/MUX1/MUX3_Point/XLXI_3/XLXN_152" is loadless and has been
removed.
      Loadless block "XLXI_14/MUX1/MUX3_Point/XLXI_3/XLXI_33" (AND) removed.
     The signal "XLXI_14/MUX1/MUX3_Point/XLXI_3/XLXN_151" is loadless and has been
removed.
      Loadless block "XLXI_14/MUX1/MUX3_Point/XLXI_3/XLXI_32" (AND) removed.
     The signal "XLXI_14/MUX1/MUX3_Point/XLXI_3/XLXN_150" is loadless and has been
removed.
      Loadless block "XLXI_14/MUX1/MUX3_Point/XLXI_3/XLXI_3" (AND) removed.
     The signal "XLXI_14/MUX1/MUX3_Point/XLXI_3/XLXN_149" is loadless and has been
removed.
      Loadless block "XLXI_14/MUX1/MUX3_Point/XLXI_3/XLXI_9" (AND) removed.
 The signal "XLXI_14/MUX1/MUX3_Point/XLXN_47" is loadless and has been removed.
  Loadless block "XLXI_14/MUX1/MUX3_Point/XLXI_8" (AND) removed.
   The signal "XLXI_14/MUX1/MUX3_Point/o0<0>" is loadless and has been removed.
    Loadless block "XLXI_14/MUX1/MUX3_Point/XLXI_1/XLXI_34" (OR) removed.
     The signal "XLXI_14/MUX1/MUX3_Point/XLXI_1/XLXN_152" is loadless and has been
removed.
      Loadless block "XLXI_14/MUX1/MUX3_Point/XLXI_1/XLXI_33" (AND) removed.
     The signal "XLXI_14/MUX1/MUX3_Point/XLXI_1/XLXN_151" is loadless and has been
removed.
      Loadless block "XLXI_14/MUX1/MUX3_Point/XLXI_1/XLXI_32" (AND) removed.
     The signal "XLXI_14/MUX1/MUX3_Point/XLXI_1/XLXN_150" is loadless and has been
removed.
      Loadless block "XLXI_14/MUX1/MUX3_Point/XLXI_1/XLXI_3" (AND) removed.
     The signal "XLXI_14/MUX1/MUX3_Point/XLXI_1/XLXN_149" is loadless and has been
removed.
      Loadless block "XLXI_14/MUX1/MUX3_Point/XLXI_1/XLXI_9" (AND) removed.
The signal "XLXI_1/SW_OK<14>" is sourceless and has been removed.
 Sourceless block "XLXI_1/SW_OK_14_dpot1" (ROM) removed.
  The signal "XLXI_1/SW_OK_14_dpot1" is sourceless and has been removed.
   Sourceless block "XLXI_1/SW_OK_14" (FF) removed.
The signal "XLXI_1/SW_OK<13>" is sourceless and has been removed.
 Sourceless block "XLXI_1/SW_OK_13_dpot1" (ROM) removed.
  The signal "XLXI_1/SW_OK_13_dpot1" is sourceless and has been removed.
   Sourceless block "XLXI_1/SW_OK_13" (FF) removed.
The signal "XLXI_1/SW_OK<12>" is sourceless and has been removed.
 Sourceless block "XLXI_1/SW_OK_12_dpot1" (ROM) removed.
  The signal "XLXI_1/SW_OK_12_dpot1" is sourceless and has been removed.
   Sourceless block "XLXI_1/SW_OK_12" (FF) removed.
The signal "XLXI_1/SW_OK<11>" is sourceless and has been removed.
 Sourceless block "XLXI_1/SW_OK_11_dpot1" (ROM) removed.
  The signal "XLXI_1/SW_OK_11_dpot1" is sourceless and has been removed.
   Sourceless block "XLXI_1/SW_OK_11" (FF) removed.
The signal "XLXI_1/SW_OK<10>" is sourceless and has been removed.
 Sourceless block "XLXI_1/SW_OK_10_dpot1" (ROM) removed.
  The signal "XLXI_1/SW_OK_10_dpot1" is sourceless and has been removed.
   Sourceless block "XLXI_1/SW_OK_10" (FF) removed.
The signal "XLXI_1/SW_OK<9>" is sourceless and has been removed.
 Sourceless block "XLXI_1/SW_OK_9_dpot1" (ROM) removed.
  The signal "XLXI_1/SW_OK_9_dpot1" is sourceless and has been removed.
   Sourceless block "XLXI_1/SW_OK_9" (FF) removed.
The signal "XLXI_1/SW_OK<8>" is sourceless and has been removed.
 Sourceless block "XLXI_1/SW_OK_8_dpot1" (ROM) removed.
  The signal "XLXI_1/SW_OK_8_dpot1" is sourceless and has been removed.
   Sourceless block "XLXI_1/SW_OK_8" (FF) removed.
The signal "XLXI_1/SW_OK<1>" is sourceless and has been removed.
 Sourceless block "XLXI_1/SW_OK_1_dpot1" (ROM) removed.
  The signal "XLXI_1/SW_OK_1_dpot1" is sourceless and has been removed.
   Sourceless block "XLXI_1/SW_OK_1" (FF) removed.
The signal "XLXI_1/SW_OK_0_dpot1" is sourceless and has been removed.
 Sourceless block "XLXI_1/SW_OK_0" (FF) removed.
  The signal "SW_OK<0>" is sourceless and has been removed.
   Sourceless block "XLXI_1/SW_OK_0_dpot1" (ROM) removed.
The signal "XLXI_1/Key_out_4_dpot" is sourceless and has been removed.
 Sourceless block "XLXI_1/Key_out_4" (FF) removed.
  The signal "XLXN_10<4>" is sourceless and has been removed.
   Sourceless block "XLXI_1/Key_out_4_dpot" (ROM) removed.

The trimmed logic reported below is either:
   1. part of a cycle
   2. part of disabled logic
   3. a side-effect of other trimmed logic

The signal "XLXI_5/MUX_DispData/XLXI_10/XLXI_5/D3" is unused and has been
removed.
 Unused block "XLXI_5/MUX_DispData/XLXI_10/XLXI_5/XLXI_8" (AND) removed.
The signal "XLXI_5/MUX_DispData/XLXI_10/XLXI_1/D3" is unused and has been
removed.
 Unused block "XLXI_5/MUX_DispData/XLXI_10/XLXI_1/XLXI_8" (AND) removed.
The signal "XLXI_5/MUX_DispData/XLXI_3/XLXI_5/D3" is unused and has been
removed.
 Unused block "XLXI_5/MUX_DispData/XLXI_3/XLXI_5/XLXI_8" (AND) removed.
The signal "XLXI_5/MUX_DispData/XLXI_3/XLXI_1/D3" is unused and has been
removed.
 Unused block "XLXI_5/MUX_DispData/XLXI_3/XLXI_1/XLXI_8" (AND) removed.
The signal "XLXI_5/MUX_DispData/XLXI_2/XLXI_5/D3" is unused and has been
removed.
 Unused block "XLXI_5/MUX_DispData/XLXI_2/XLXI_5/XLXI_8" (AND) removed.
The signal "XLXI_5/MUX_DispData/XLXI_2/XLXI_1/D3" is unused and has been
removed.
 Unused block "XLXI_5/MUX_DispData/XLXI_2/XLXI_1/XLXI_8" (AND) removed.
The signal "XLXI_5/MUX_DispData/XLXI_1/XLXI_5/D3" is unused and has been
removed.
 Unused block "XLXI_5/MUX_DispData/XLXI_1/XLXI_5/XLXI_8" (AND) removed.
The signal "XLXI_5/MUX_DispData/XLXI_1/XLXI_1/D3" is unused and has been
removed.
 Unused block "XLXI_5/MUX_DispData/XLXI_1/XLXI_1/XLXI_8" (AND) removed.
The signal "XLXI_5/MUX2_Blink/XLXI_6/D0" is unused and has been removed.
 Unused block "XLXI_5/MUX2_Blink/XLXI_6/XLXI_4" (AND) removed.
  The signal "XLXI_5/MUX2_Blink/XLXI_6/XLXN_108" is unused and has been removed.
   Unused block "XLXI_5/MUX2_Blink/XLXI_6/XLXI_2" (BUF) removed.
  The signal "XLXI_5/MUX2_Blink/XLXI_6/XLXN_40" is unused and has been removed.
   Unused block "XLXI_5/MUX2_Blink/XLXI_6/XLXI_5" (BUF) removed.
The signal "XLXI_5/MUX2_Blink/XLXI_6/D2" is unused and has been removed.
 Unused block "XLXI_5/MUX2_Blink/XLXI_6/XLXI_7" (AND) removed.
The signal "XLXI_5/MUX2_Blink/XLXI_6/D3" is unused and has been removed.
 Unused block "XLXI_5/MUX2_Blink/XLXI_6/XLXI_8" (AND) removed.
The signal "XLXI_5/MUX2_Blink/XLXI_6/D1" is unused and has been removed.
 Unused block "XLXI_5/MUX2_Blink/XLXI_6/XLXI_1" (AND) removed.
The signal "XLXI_5/MUX2_Blink/XLXI_3/D0" is unused and has been removed.
 Unused block "XLXI_5/MUX2_Blink/XLXI_3/XLXI_4" (AND) removed.
  The signal "XLXI_5/MUX2_Blink/XLXI_3/XLXN_40" is unused and has been removed.
   Unused block "XLXI_5/MUX2_Blink/XLXI_3/XLXI_5" (BUF) removed.
The signal "XLXI_5/MUX2_Blink/XLXI_3/D3" is unused and has been removed.
 Unused block "XLXI_5/MUX2_Blink/XLXI_3/XLXI_8" (AND) removed.
The signal "XLXI_5/MUX2_Blink/XLXI_3/D1" is unused and has been removed.
 Unused block "XLXI_5/MUX2_Blink/XLXI_3/XLXI_1" (AND) removed.
The signal "XLXI_5/MUX2_Blink/XLXI_5/D2" is unused and has been removed.
 Unused block "XLXI_5/MUX2_Blink/XLXI_5/XLXI_7" (AND) removed.
The signal "XLXI_5/MUX2_Blink/XLXI_5/D3" is unused and has been removed.
 Unused block "XLXI_5/MUX2_Blink/XLXI_5/XLXI_8" (AND) removed.
The signal "XLXI_5/MUX2_Blink/XLXI_1/D2" is unused and has been removed.
 Unused block "XLXI_5/MUX2_Blink/XLXI_1/XLXI_7" (AND) removed.
The signal "XLXI_5/MUX2_Blink/XLXI_1/D3" is unused and has been removed.
 Unused block "XLXI_5/MUX2_Blink/XLXI_1/XLXI_8" (AND) removed.
The signal "XLXI_14/MUX1/MUX_DispData/XLXI_1/XLXI_6/D3" is unused and has been
removed.
 Unused block "XLXI_14/MUX1/MUX_DispData/XLXI_1/XLXI_6/XLXI_8" (AND) removed.
The signal "XLXI_14/MUX1/MUX_DispData/XLXI_2/XLXI_3/D3" is unused and has been
removed.
 Unused block "XLXI_14/MUX1/MUX_DispData/XLXI_2/XLXI_3/XLXI_8" (AND) removed.
The signal "XLXI_14/MUX1/MUX_DispData/XLXI_2/XLXI_6/D3" is unused and has been
removed.
 Unused block "XLXI_14/MUX1/MUX_DispData/XLXI_2/XLXI_6/XLXI_8" (AND) removed.
The signal "XLXI_14/MUX1/MUX_DispData/XLXI_3/XLXI_3/D3" is unused and has been
removed.
 Unused block "XLXI_14/MUX1/MUX_DispData/XLXI_3/XLXI_3/XLXI_8" (AND) removed.
The signal "XLXI_14/MUX1/MUX_DispData/XLXI_3/XLXI_6/D3" is unused and has been
removed.
 Unused block "XLXI_14/MUX1/MUX_DispData/XLXI_3/XLXI_6/XLXI_8" (AND) removed.
The signal "XLXI_14/MUX1/MUX_DispData/XLXI_10/XLXI_1/D3" is unused and has been
removed.
 Unused block "XLXI_14/MUX1/MUX_DispData/XLXI_10/XLXI_1/XLXI_8" (AND) removed.
The signal "XLXI_14/MUX1/MUX_DispData/XLXI_10/XLXI_5/D3" is unused and has been
removed.
 Unused block "XLXI_14/MUX1/MUX_DispData/XLXI_10/XLXI_5/XLXI_8" (AND) removed.
The signal "XLXI_14/MUX1/MUX_DispData/XLXI_10/XLXI_3/D1" is unused and has been
removed.
 Unused block "XLXI_14/MUX1/MUX_DispData/XLXI_10/XLXI_3/XLXI_1" (AND) removed.
  The signal "XLXI_14/MUX1/MUX_DispData/XLXI_10/XLXI_3/XLXN_40" is unused and has
been removed.
   Unused block "XLXI_14/MUX1/MUX_DispData/XLXI_10/XLXI_3/XLXI_5" (BUF) removed.
The signal "XLXI_14/MUX1/MUX_DispData/XLXI_10/XLXI_3/D3" is unused and has been
removed.
 Unused block "XLXI_14/MUX1/MUX_DispData/XLXI_10/XLXI_3/XLXI_8" (AND) removed.
The signal "XLXI_14/MUX1/MUX_DispData/XLXI_10/XLXI_3/D0" is unused and has been
removed.
 Unused block "XLXI_14/MUX1/MUX_DispData/XLXI_10/XLXI_3/XLXI_4" (AND) removed.
The signal "XLXI_14/MUX1/MUX_DispData/XLXI_10/XLXI_6/D1" is unused and has been
removed.
 Unused block "XLXI_14/MUX1/MUX_DispData/XLXI_10/XLXI_6/XLXI_1" (AND) removed.
  The signal "XLXI_14/MUX1/MUX_DispData/XLXI_10/XLXI_6/XLXN_40" is unused and has
been removed.
   Unused block "XLXI_14/MUX1/MUX_DispData/XLXI_10/XLXI_6/XLXI_5" (BUF) removed.
The signal "XLXI_14/MUX1/MUX_DispData/XLXI_10/XLXI_6/D3" is unused and has been
removed.
 Unused block "XLXI_14/MUX1/MUX_DispData/XLXI_10/XLXI_6/XLXI_8" (AND) removed.
The signal "XLXI_14/MUX1/MUX_DispData/XLXI_10/XLXI_6/D0" is unused and has been
removed.
 Unused block "XLXI_14/MUX1/MUX_DispData/XLXI_10/XLXI_6/XLXI_4" (AND) removed.

Optimized Block(s):
TYPE 		BLOCK
GND 		XLXI_1/XST_GND
VCC 		XLXI_1/XST_VCC
AND2 		XLXI_14/MUX1/MUX_DispData/XLXI_1/XLXI_1/XLXI_129
AND2 		XLXI_14/MUX1/MUX_DispData/XLXI_1/XLXI_1/XLXI_151
AND2 		XLXI_14/MUX1/MUX_DispData/XLXI_1/XLXI_1/XLXI_159
AND2 		XLXI_14/MUX1/MUX_DispData/XLXI_1/XLXI_1/XLXI_9
AND2 		XLXI_14/MUX1/MUX_DispData/XLXI_1/XLXI_3/XLXI_126
AND2 		XLXI_14/MUX1/MUX_DispData/XLXI_1/XLXI_3/XLXI_129
AND2 		XLXI_14/MUX1/MUX_DispData/XLXI_1/XLXI_3/XLXI_152
AND2 		XLXI_14/MUX1/MUX_DispData/XLXI_1/XLXI_3/XLXI_154
AND2 		XLXI_14/MUX1/MUX_DispData/XLXI_1/XLXI_3/XLXI_156
AND2 		XLXI_14/MUX1/MUX_DispData/XLXI_1/XLXI_3/XLXI_159
AND2 		XLXI_14/MUX1/MUX_DispData/XLXI_1/XLXI_3/XLXI_3
AND2 		XLXI_14/MUX1/MUX_DispData/XLXI_1/XLXI_5/XLXI_151
AND2 		XLXI_14/MUX1/MUX_DispData/XLXI_1/XLXI_5/XLXI_154
AND2 		XLXI_14/MUX1/MUX_DispData/XLXI_1/XLXI_5/XLXI_33
AND2 		XLXI_14/MUX1/MUX_DispData/XLXI_1/XLXI_5/XLXI_9
AND2 		XLXI_14/MUX1/MUX_DispData/XLXI_1/XLXI_6/XLXI_127
AND2 		XLXI_14/MUX1/MUX_DispData/XLXI_1/XLXI_6/XLXI_129
AND2 		XLXI_14/MUX1/MUX_DispData/XLXI_1/XLXI_6/XLXI_151
AND2 		XLXI_14/MUX1/MUX_DispData/XLXI_1/XLXI_6/XLXI_154
AND2 		XLXI_14/MUX1/MUX_DispData/XLXI_1/XLXI_6/XLXI_157
AND2 		XLXI_14/MUX1/MUX_DispData/XLXI_1/XLXI_6/XLXI_159
AND2 		XLXI_14/MUX1/MUX_DispData/XLXI_1/XLXI_6/XLXI_33
AND2 		XLXI_14/MUX1/MUX_DispData/XLXI_1/XLXI_6/XLXI_9
AND2 		XLXI_14/MUX1/MUX_DispData/XLXI_10/XLXI_1/XLXI_129
AND2 		XLXI_14/MUX1/MUX_DispData/XLXI_10/XLXI_1/XLXI_151
AND2 		XLXI_14/MUX1/MUX_DispData/XLXI_10/XLXI_1/XLXI_154
AND2 		XLXI_14/MUX1/MUX_DispData/XLXI_10/XLXI_1/XLXI_159
AND2 		XLXI_14/MUX1/MUX_DispData/XLXI_10/XLXI_1/XLXI_33
AND2 		XLXI_14/MUX1/MUX_DispData/XLXI_10/XLXI_1/XLXI_9
AND2 		XLXI_14/MUX1/MUX_DispData/XLXI_10/XLXI_3/XLXI_126
AND2 		XLXI_14/MUX1/MUX_DispData/XLXI_10/XLXI_3/XLXI_127
AND2 		XLXI_14/MUX1/MUX_DispData/XLXI_10/XLXI_3/XLXI_129
AND2 		XLXI_14/MUX1/MUX_DispData/XLXI_10/XLXI_3/XLXI_151
AND2 		XLXI_14/MUX1/MUX_DispData/XLXI_10/XLXI_3/XLXI_152
AND2 		XLXI_14/MUX1/MUX_DispData/XLXI_10/XLXI_3/XLXI_154
AND2 		XLXI_14/MUX1/MUX_DispData/XLXI_10/XLXI_3/XLXI_156
AND2 		XLXI_14/MUX1/MUX_DispData/XLXI_10/XLXI_3/XLXI_157
AND2 		XLXI_14/MUX1/MUX_DispData/XLXI_10/XLXI_3/XLXI_159
AND2 		XLXI_14/MUX1/MUX_DispData/XLXI_10/XLXI_3/XLXI_3
AND2 		XLXI_14/MUX1/MUX_DispData/XLXI_10/XLXI_3/XLXI_33
AND2 		XLXI_14/MUX1/MUX_DispData/XLXI_10/XLXI_3/XLXI_9
AND2 		XLXI_14/MUX1/MUX_DispData/XLXI_10/XLXI_5/XLXI_129
AND2 		XLXI_14/MUX1/MUX_DispData/XLXI_10/XLXI_5/XLXI_151
AND2 		XLXI_14/MUX1/MUX_DispData/XLXI_10/XLXI_5/XLXI_154
AND2 		XLXI_14/MUX1/MUX_DispData/XLXI_10/XLXI_5/XLXI_159
AND2 		XLXI_14/MUX1/MUX_DispData/XLXI_10/XLXI_5/XLXI_33
AND2 		XLXI_14/MUX1/MUX_DispData/XLXI_10/XLXI_5/XLXI_9
AND2 		XLXI_14/MUX1/MUX_DispData/XLXI_10/XLXI_6/XLXI_126
AND2 		XLXI_14/MUX1/MUX_DispData/XLXI_10/XLXI_6/XLXI_127
AND2 		XLXI_14/MUX1/MUX_DispData/XLXI_10/XLXI_6/XLXI_129
AND2 		XLXI_14/MUX1/MUX_DispData/XLXI_10/XLXI_6/XLXI_151
AND2 		XLXI_14/MUX1/MUX_DispData/XLXI_10/XLXI_6/XLXI_152
AND2 		XLXI_14/MUX1/MUX_DispData/XLXI_10/XLXI_6/XLXI_154
AND2 		XLXI_14/MUX1/MUX_DispData/XLXI_10/XLXI_6/XLXI_156
AND2 		XLXI_14/MUX1/MUX_DispData/XLXI_10/XLXI_6/XLXI_157
AND2 		XLXI_14/MUX1/MUX_DispData/XLXI_10/XLXI_6/XLXI_159
AND2 		XLXI_14/MUX1/MUX_DispData/XLXI_10/XLXI_6/XLXI_3
AND2 		XLXI_14/MUX1/MUX_DispData/XLXI_10/XLXI_6/XLXI_33
AND2 		XLXI_14/MUX1/MUX_DispData/XLXI_10/XLXI_6/XLXI_9
AND2 		XLXI_14/MUX1/MUX_DispData/XLXI_2/XLXI_1/XLXI_126
AND2 		XLXI_14/MUX1/MUX_DispData/XLXI_2/XLXI_1/XLXI_129
AND2 		XLXI_14/MUX1/MUX_DispData/XLXI_2/XLXI_1/XLXI_156
AND2 		XLXI_14/MUX1/MUX_DispData/XLXI_2/XLXI_1/XLXI_159
AND2 		XLXI_14/MUX1/MUX_DispData/XLXI_2/XLXI_3/XLXI_126
AND2 		XLXI_14/MUX1/MUX_DispData/XLXI_2/XLXI_3/XLXI_129
AND2 		XLXI_14/MUX1/MUX_DispData/XLXI_2/XLXI_3/XLXI_152
AND2 		XLXI_14/MUX1/MUX_DispData/XLXI_2/XLXI_3/XLXI_154
AND2 		XLXI_14/MUX1/MUX_DispData/XLXI_2/XLXI_3/XLXI_156
AND2 		XLXI_14/MUX1/MUX_DispData/XLXI_2/XLXI_3/XLXI_159
AND2 		XLXI_14/MUX1/MUX_DispData/XLXI_2/XLXI_3/XLXI_3
AND2 		XLXI_14/MUX1/MUX_DispData/XLXI_2/XLXI_3/XLXI_33
AND2 		XLXI_14/MUX1/MUX_DispData/XLXI_2/XLXI_5/XLXI_126
AND2 		XLXI_14/MUX1/MUX_DispData/XLXI_2/XLXI_5/XLXI_154
AND2 		XLXI_14/MUX1/MUX_DispData/XLXI_2/XLXI_5/XLXI_156
AND2 		XLXI_14/MUX1/MUX_DispData/XLXI_2/XLXI_5/XLXI_33
AND2 		XLXI_14/MUX1/MUX_DispData/XLXI_2/XLXI_6/XLXI_127
AND2 		XLXI_14/MUX1/MUX_DispData/XLXI_2/XLXI_6/XLXI_129
AND2 		XLXI_14/MUX1/MUX_DispData/XLXI_2/XLXI_6/XLXI_151
AND2 		XLXI_14/MUX1/MUX_DispData/XLXI_2/XLXI_6/XLXI_154
AND2 		XLXI_14/MUX1/MUX_DispData/XLXI_2/XLXI_6/XLXI_157
AND2 		XLXI_14/MUX1/MUX_DispData/XLXI_2/XLXI_6/XLXI_159
AND2 		XLXI_14/MUX1/MUX_DispData/XLXI_2/XLXI_6/XLXI_33
AND2 		XLXI_14/MUX1/MUX_DispData/XLXI_2/XLXI_6/XLXI_9
AND2 		XLXI_14/MUX1/MUX_DispData/XLXI_3/XLXI_1/XLXI_126
AND2 		XLXI_14/MUX1/MUX_DispData/XLXI_3/XLXI_1/XLXI_129
AND2 		XLXI_14/MUX1/MUX_DispData/XLXI_3/XLXI_1/XLXI_156
AND2 		XLXI_14/MUX1/MUX_DispData/XLXI_3/XLXI_1/XLXI_159
AND2 		XLXI_14/MUX1/MUX_DispData/XLXI_3/XLXI_3/XLXI_126
AND2 		XLXI_14/MUX1/MUX_DispData/XLXI_3/XLXI_3/XLXI_129
AND2 		XLXI_14/MUX1/MUX_DispData/XLXI_3/XLXI_3/XLXI_152
AND2 		XLXI_14/MUX1/MUX_DispData/XLXI_3/XLXI_3/XLXI_154
AND2 		XLXI_14/MUX1/MUX_DispData/XLXI_3/XLXI_3/XLXI_156
AND2 		XLXI_14/MUX1/MUX_DispData/XLXI_3/XLXI_3/XLXI_159
AND2 		XLXI_14/MUX1/MUX_DispData/XLXI_3/XLXI_3/XLXI_3
AND2 		XLXI_14/MUX1/MUX_DispData/XLXI_3/XLXI_3/XLXI_33
AND2 		XLXI_14/MUX1/MUX_DispData/XLXI_3/XLXI_5/XLXI_126
AND2 		XLXI_14/MUX1/MUX_DispData/XLXI_3/XLXI_5/XLXI_154
AND2 		XLXI_14/MUX1/MUX_DispData/XLXI_3/XLXI_5/XLXI_156
AND2 		XLXI_14/MUX1/MUX_DispData/XLXI_3/XLXI_5/XLXI_33
AND2 		XLXI_14/MUX1/MUX_DispData/XLXI_3/XLXI_6/XLXI_127
AND2 		XLXI_14/MUX1/MUX_DispData/XLXI_3/XLXI_6/XLXI_129
AND2 		XLXI_14/MUX1/MUX_DispData/XLXI_3/XLXI_6/XLXI_151
AND2 		XLXI_14/MUX1/MUX_DispData/XLXI_3/XLXI_6/XLXI_154
AND2 		XLXI_14/MUX1/MUX_DispData/XLXI_3/XLXI_6/XLXI_157
AND2 		XLXI_14/MUX1/MUX_DispData/XLXI_3/XLXI_6/XLXI_159
AND2 		XLXI_14/MUX1/MUX_DispData/XLXI_3/XLXI_6/XLXI_33
AND2 		XLXI_14/MUX1/MUX_DispData/XLXI_3/XLXI_6/XLXI_9
INV 		XLXI_33/D/XLXI_10
INV 		XLXI_33/D/XLXI_11
VCC 		XLXI_4/XLXI_2/XST_VCC
AND2 		XLXI_5/MUX2_Blink/XLXI_1/XLXI_128
AND2 		XLXI_5/MUX2_Blink/XLXI_1/XLXI_129
AND2 		XLXI_5/MUX2_Blink/XLXI_1/XLXI_153
AND2 		XLXI_5/MUX2_Blink/XLXI_1/XLXI_154
AND2 		XLXI_5/MUX2_Blink/XLXI_1/XLXI_158
AND2 		XLXI_5/MUX2_Blink/XLXI_1/XLXI_159
AND2 		XLXI_5/MUX2_Blink/XLXI_1/XLXI_32
AND2 		XLXI_5/MUX2_Blink/XLXI_1/XLXI_33
AND2 		XLXI_5/MUX2_Blink/XLXI_24
AND2 		XLXI_5/MUX2_Blink/XLXI_27
AND2 		XLXI_5/MUX2_Blink/XLXI_3/XLXI_126
AND2 		XLXI_5/MUX2_Blink/XLXI_3/XLXI_127
AND2 		XLXI_5/MUX2_Blink/XLXI_3/XLXI_129
AND2 		XLXI_5/MUX2_Blink/XLXI_3/XLXI_151
AND2 		XLXI_5/MUX2_Blink/XLXI_3/XLXI_152
AND2 		XLXI_5/MUX2_Blink/XLXI_3/XLXI_154
AND2 		XLXI_5/MUX2_Blink/XLXI_3/XLXI_156
AND2 		XLXI_5/MUX2_Blink/XLXI_3/XLXI_157
AND2 		XLXI_5/MUX2_Blink/XLXI_3/XLXI_159
AND2 		XLXI_5/MUX2_Blink/XLXI_3/XLXI_3
AND2 		XLXI_5/MUX2_Blink/XLXI_3/XLXI_33
AND2 		XLXI_5/MUX2_Blink/XLXI_3/XLXI_9
AND2 		XLXI_5/MUX2_Blink/XLXI_30
AND2 		XLXI_5/MUX2_Blink/XLXI_35
AND2 		XLXI_5/MUX2_Blink/XLXI_5/XLXI_128
AND2 		XLXI_5/MUX2_Blink/XLXI_5/XLXI_129
AND2 		XLXI_5/MUX2_Blink/XLXI_5/XLXI_153
AND2 		XLXI_5/MUX2_Blink/XLXI_5/XLXI_154
AND2 		XLXI_5/MUX2_Blink/XLXI_5/XLXI_158
AND2 		XLXI_5/MUX2_Blink/XLXI_5/XLXI_159
AND2 		XLXI_5/MUX2_Blink/XLXI_5/XLXI_32
AND2 		XLXI_5/MUX2_Blink/XLXI_5/XLXI_33
AND2 		XLXI_5/MUX2_Blink/XLXI_6/XLXI_126
AND2 		XLXI_5/MUX2_Blink/XLXI_6/XLXI_127
AND2 		XLXI_5/MUX2_Blink/XLXI_6/XLXI_128
AND2 		XLXI_5/MUX2_Blink/XLXI_6/XLXI_129
OR4 		XLXI_5/MUX2_Blink/XLXI_6/XLXI_130
AND2 		XLXI_5/MUX2_Blink/XLXI_6/XLXI_151
AND2 		XLXI_5/MUX2_Blink/XLXI_6/XLXI_152
AND2 		XLXI_5/MUX2_Blink/XLXI_6/XLXI_153
AND2 		XLXI_5/MUX2_Blink/XLXI_6/XLXI_154
OR4 		XLXI_5/MUX2_Blink/XLXI_6/XLXI_155
AND2 		XLXI_5/MUX2_Blink/XLXI_6/XLXI_156
AND2 		XLXI_5/MUX2_Blink/XLXI_6/XLXI_157
AND2 		XLXI_5/MUX2_Blink/XLXI_6/XLXI_158
AND2 		XLXI_5/MUX2_Blink/XLXI_6/XLXI_159
OR4 		XLXI_5/MUX2_Blink/XLXI_6/XLXI_160
AND2 		XLXI_5/MUX2_Blink/XLXI_6/XLXI_3
AND2 		XLXI_5/MUX2_Blink/XLXI_6/XLXI_32
AND2 		XLXI_5/MUX2_Blink/XLXI_6/XLXI_33
OR4 		XLXI_5/MUX2_Blink/XLXI_6/XLXI_34
AND2 		XLXI_5/MUX2_Blink/XLXI_6/XLXI_9
AND2 		XLXI_5/MUX_DispData/XLXI_1/XLXI_1/XLXI_129
AND2 		XLXI_5/MUX_DispData/XLXI_1/XLXI_1/XLXI_154
AND2 		XLXI_5/MUX_DispData/XLXI_1/XLXI_1/XLXI_159
AND2 		XLXI_5/MUX_DispData/XLXI_1/XLXI_1/XLXI_33
AND2 		XLXI_5/MUX_DispData/XLXI_1/XLXI_5/XLXI_129
AND2 		XLXI_5/MUX_DispData/XLXI_1/XLXI_5/XLXI_154
AND2 		XLXI_5/MUX_DispData/XLXI_1/XLXI_5/XLXI_159
AND2 		XLXI_5/MUX_DispData/XLXI_1/XLXI_5/XLXI_33
AND2 		XLXI_5/MUX_DispData/XLXI_10/XLXI_1/XLXI_129
AND2 		XLXI_5/MUX_DispData/XLXI_10/XLXI_1/XLXI_154
AND2 		XLXI_5/MUX_DispData/XLXI_10/XLXI_1/XLXI_159
AND2 		XLXI_5/MUX_DispData/XLXI_10/XLXI_1/XLXI_33
AND2 		XLXI_5/MUX_DispData/XLXI_10/XLXI_5/XLXI_129
AND2 		XLXI_5/MUX_DispData/XLXI_10/XLXI_5/XLXI_154
AND2 		XLXI_5/MUX_DispData/XLXI_10/XLXI_5/XLXI_159
AND2 		XLXI_5/MUX_DispData/XLXI_10/XLXI_5/XLXI_33
AND2 		XLXI_5/MUX_DispData/XLXI_2/XLXI_1/XLXI_129
AND2 		XLXI_5/MUX_DispData/XLXI_2/XLXI_1/XLXI_154
AND2 		XLXI_5/MUX_DispData/XLXI_2/XLXI_1/XLXI_159
AND2 		XLXI_5/MUX_DispData/XLXI_2/XLXI_1/XLXI_33
AND2 		XLXI_5/MUX_DispData/XLXI_2/XLXI_5/XLXI_129
AND2 		XLXI_5/MUX_DispData/XLXI_2/XLXI_5/XLXI_154
AND2 		XLXI_5/MUX_DispData/XLXI_2/XLXI_5/XLXI_159
AND2 		XLXI_5/MUX_DispData/XLXI_2/XLXI_5/XLXI_33
AND2 		XLXI_5/MUX_DispData/XLXI_3/XLXI_1/XLXI_129
AND2 		XLXI_5/MUX_DispData/XLXI_3/XLXI_1/XLXI_154
AND2 		XLXI_5/MUX_DispData/XLXI_3/XLXI_1/XLXI_159
AND2 		XLXI_5/MUX_DispData/XLXI_3/XLXI_1/XLXI_33
AND2 		XLXI_5/MUX_DispData/XLXI_3/XLXI_5/XLXI_129
AND2 		XLXI_5/MUX_DispData/XLXI_3/XLXI_5/XLXI_154
AND2 		XLXI_5/MUX_DispData/XLXI_3/XLXI_5/XLXI_159
AND2 		XLXI_5/MUX_DispData/XLXI_3/XLXI_5/XLXI_33
VCC 		XLXI_6/LED_P2S/XST_VCC
VCC 		XLXI_7
GND 		XLXI_8
BUF 		XLXI_9

To enable printing of redundant blocks removed and signals merged, set the
detailed map report option and rerun map.

Section 6 - IOB Properties
--------------------------

+---------------------------------------------------------------------------------------------------------------------------------------------------------+
| IOB Name                           | Type             | Direction | IO Standard          | Diff  | Drive    | Slew | Reg (s)      | Resistor | IOB      |
|                                    |                  |           |                      | Term  | Strength | Rate |              |          | Delay    |
+---------------------------------------------------------------------------------------------------------------------------------------------------------+
| Buzzer                             | IOB33            | OUTPUT    | LVCMOS33             |       | 12       | SLOW |              |          |          |
| CR                                 | IOB33            | OUTPUT    | LVCMOS33             |       | 12       | SLOW |              |          |          |
| K_COL<0>                           | IOB              | INPUT     | LVCMOS18             |       |          |      |              |          |          |
| K_COL<1>                           | IOB              | INPUT     | LVCMOS18             |       |          |      |              |          |          |
| K_COL<2>                           | IOB              | INPUT     | LVCMOS18             |       |          |      |              |          |          |
| K_COL<3>                           | IOB              | INPUT     | LVCMOS18             |       |          |      |              |          |          |
| K_ROW<0>                           | IOB              | OUTPUT    | LVCMOS18             |       | 12       | SLOW |              |          |          |
| K_ROW<1>                           | IOB              | OUTPUT    | LVCMOS18             |       | 12       | SLOW |              |          |          |
| K_ROW<2>                           | IOB              | OUTPUT    | LVCMOS18             |       | 12       | SLOW |              |          |          |
| K_ROW<3>                           | IOB              | OUTPUT    | LVCMOS18             |       | 12       | SLOW |              |          |          |
| K_ROW<4>                           | IOB              | OUTPUT    | LVCMOS18             |       | 12       | SLOW |              |          |          |
| LEDCLK                             | IOB33            | OUTPUT    | LVCMOS33             |       | 12       | SLOW |              |          |          |
| LEDCLR                             | IOB33            | OUTPUT    | LVCMOS33             |       | 12       | SLOW |              |          |          |
| LEDDT                              | IOB33            | OUTPUT    | LVCMOS33             |       | 12       | SLOW |              |          |          |
| LEDEN                              | IOB33            | OUTPUT    | LVCMOS33             |       | 12       | SLOW |              |          |          |
| RDY                                | IOB33            | OUTPUT    | LVCMOS33             |       | 12       | SLOW |              |          |          |
| RSTN                               | IOB              | INPUT     | LVCMOS18             |       |          |      |              |          |          |
| SEGCLK                             | IOB33            | OUTPUT    | LVCMOS33             |       | 12       | SLOW |              |          |          |
| SEGCLR                             | IOB33            | OUTPUT    | LVCMOS33             |       | 12       | SLOW |              |          |          |
| SEGDT                              | IOB33            | OUTPUT    | LVCMOS33             |       | 12       | SLOW |              |          |          |
| SEGEN                              | IOB33            | OUTPUT    | LVCMOS33             |       | 12       | SLOW |              |          |          |
| SW<0>                              | IOB              | INPUT     | LVCMOS15             |       |          |      |              |          |          |
| SW<1>                              | IOB              | INPUT     | LVCMOS15             |       |          |      |              |          |          |
| SW<2>                              | IOB              | INPUT     | LVCMOS15             |       |          |      |              |          |          |
| SW<3>                              | IOB              | INPUT     | LVCMOS15             |       |          |      |              |          |          |
| SW<4>                              | IOB              | INPUT     | LVCMOS15             |       |          |      |              |          |          |
| SW<5>                              | IOB              | INPUT     | LVCMOS15             |       |          |      |              |          |          |
| SW<6>                              | IOB              | INPUT     | LVCMOS15             |       |          |      |              |          |          |
| SW<7>                              | IOB              | INPUT     | LVCMOS15             |       |          |      |              |          |          |
| SW<8>                              | IOB              | INPUT     | LVCMOS15             |       |          |      |              |          |          |
| SW<9>                              | IOB              | INPUT     | LVCMOS15             |       |          |      |              |          |          |
| SW<10>                             | IOB              | INPUT     | LVCMOS15             |       |          |      |              |          |          |
| SW<11>                             | IOB              | INPUT     | LVCMOS15             |       |          |      |              |          |          |
| SW<12>                             | IOB              | INPUT     | LVCMOS15             |       |          |      |              |          |          |
| SW<13>                             | IOB              | INPUT     | LVCMOS15             |       |          |      |              |          |          |
| SW<14>                             | IOB              | INPUT     | LVCMOS15             |       |          |      |              |          |          |
| SW<15>                             | IOB              | INPUT     | LVCMOS15             |       |          |      |              |          |          |
| clk_100mhz                         | IOB              | INPUT     | LVCMOS18             |       |          |      |              |          |          |
| readn                              | IOB33            | OUTPUT    | LVCMOS33             |       | 12       | SLOW |              |          |          |
+---------------------------------------------------------------------------------------------------------------------------------------------------------+

Section 7 - RPMs
----------------

Section 8 - Guide Report
------------------------
Guide not run on this design.

Section 9 - Area Group and Partition Summary
--------------------------------------------

Partition Implementation Status
-------------------------------

  No Partitions were found in this design.

-------------------------------

Area Group Information
----------------------

  No area groups were found in this design.

----------------------

Section 10 - Timing Report
--------------------------
A logic-level (pre-route) timing report can be generated by using Xilinx static
timing analysis tools, Timing Analyzer (GUI) or TRCE (command line), with the
mapped NCD and PCF files. Please note that this timing report will be generated
using estimated delay information. For accurate numbers, please generate a
timing report with the post Place and Route NCD file.

For more information about the Timing Analyzer, consult the Xilinx Timing
Analyzer Reference Manual; for more information about TRCE, consult the Xilinx
Command Line Tools User Guide "TRACE" chapter.

Section 11 - Configuration String Details
-----------------------------------------
Use the "-detail" map option to print out Configuration Strings

Section 12 - Control Set Information
------------------------------------
Use the "-detail" map option to print out Control Set Information.

Section 13 - Utilization by Hierarchy
-------------------------------------
Use the "-detail" map option to print out the Utilization by Hierarchy section.
