--------------------------------------------------------------------------------
Release 14.7 Trace  (nt64)
Copyright (c) 1995-2013 Xilinx, Inc.  All rights reserved.

D:\Software\14.7\ISE_DS\ISE\bin\nt64\unwrapped\trce.exe -intstyle ise -v 3 -s
2L -n 3 -fastpaths -xml MUX441.twx MUX441.ncd -o MUX441.twr MUX441.pcf

Design file:              MUX441.ncd
Physical constraint file: MUX441.pcf
Device,package,speed:     xc7k160t,ffg676,C,-2L (PRODUCTION 1.10 2013-10-13)
Report level:             verbose report

Environment Variable      Effect 
--------------------      ------ 
NONE                      No environment variables were set
--------------------------------------------------------------------------------

INFO:Timing:2698 - No timing constraints found, doing default enumeration.
INFO:Timing:3412 - To improve timing, see the Timing Closure User Guide (UG612).
INFO:Timing:2752 - To get complete path coverage, use the unconstrained paths 
   option. All paths that are not constrained will be reported in the 
   unconstrained paths section(s) of the report.
INFO:Timing:3339 - The clock-to-out numbers in this timing report are based on 
   a 50 Ohm transmission line loading model.  For the details of this model, 
   and for more information on accounting for different loading conditions, 
   please see the device datasheet.



Data Sheet report:
-----------------
All values displayed in nanoseconds (ns)

Pad to Pad
---------------+---------------+---------+
Source Pad     |Destination Pad|  Delay  |
---------------+---------------+---------+
I0<0>          |O<0>           |    5.163|
I0<1>          |O<1>           |    5.317|
I0<2>          |O<2>           |    4.980|
I0<3>          |O<3>           |    5.234|
I1<0>          |O<0>           |    5.341|
I1<1>          |O<1>           |    5.385|
I1<2>          |O<2>           |    5.195|
I1<3>          |O<3>           |    5.239|
I2<0>          |O<0>           |    5.677|
I2<1>          |O<1>           |    5.644|
I2<2>          |O<2>           |    5.872|
I2<3>          |O<3>           |    5.798|
I3<0>          |O<0>           |    5.752|
I3<1>          |O<1>           |    5.987|
I3<2>          |O<2>           |    5.728|
I3<3>          |O<3>           |    5.798|
s<0>           |O<0>           |    6.181|
s<0>           |O<1>           |    6.301|
s<0>           |O<2>           |    6.253|
s<0>           |O<3>           |    6.417|
s<1>           |O<0>           |    6.146|
s<1>           |O<1>           |    6.266|
s<1>           |O<2>           |    6.218|
s<1>           |O<3>           |    6.382|
---------------+---------------+---------+


Analysis completed Tue Nov 15 20:17:07 2016 
--------------------------------------------------------------------------------

Trace Settings:
-------------------------
Trace Settings 

Peak Memory Usage: 772 MB



