Running: D:\Software\14.7\ISE_DS\ISE\bin\nt64\unwrapped\fuse.exe -intstyle ise -incremental -lib unisims_ver -lib unimacro_ver -lib xilinxcorelib_ver -lib secureip -o D:/ISE/Exp05_38Decoder/HCT138_HCT138_sch_tb_isim_beh.exe -prj D:/ISE/Exp05_38Decoder/HCT138_HCT138_sch_tb_beh.prj work.HCT138_HCT138_sch_tb work.glbl 
ISim P.20131013 (signature 0x7708f090)
Number of CPUs detected in this system: 4
Turning on mult-threading, number of parallel sub-compilation jobs: 8 
Determining compilation order of HDL files
Analyzing Verilog file "D:/ISE/Exp05_38Decoder/Decoder_38.vf" into library work
Analyzing Verilog file "D:/ISE/Exp05_38Decoder/HCT138.vf" into library work
Analyzing Verilog file "D:/ISE/Exp05_38Decoder/Code/HCT138_test.v" into library work
Analyzing Verilog file "D:/Software/14.7/ISE_DS/ISE//verilog/src/glbl.v" into library work
Starting static elaboration
Completed static elaboration
Compiling module NAND2
Compiling module INV
Compiling module AND3
Compiling module VCC
Compiling module AND2
Compiling module Decoder_38_MUSER_HCT138
Compiling module HCT138
Compiling module HCT138_HCT138_sch_tb
Compiling module glbl
Time Resolution for simulation is 1ps.
Waiting for 2 sub-compilation(s) to finish...
Compiled 9 Verilog Units
Built simulation executable D:/ISE/Exp05_38Decoder/HCT138_HCT138_sch_tb_isim_beh.exe
Fuse Memory Usage: 27920 KB
Fuse CPU Usage: 639 ms
