Release 14.7 - xst P.20131013 (nt64)
Copyright (c) 1995-2013 Xilinx, Inc.  All rights reserved.
--> Parameter TMPDIR set to xst/projnav.tmp


Total REAL time to Xst completion: 0.00 secs
Total CPU time to Xst completion: 0.14 secs
 
--> Parameter xsthdpdir set to xst


Total REAL time to Xst completion: 0.00 secs
Total CPU time to Xst completion: 0.14 secs
 
--> Reading design: D_EN.prj

TABLE OF CONTENTS
  1) Synthesis Options Summary
  2) HDL Parsing
  3) HDL Elaboration
  4) HDL Synthesis
       4.1) HDL Synthesis Report
  5) Advanced HDL Synthesis
       5.1) Advanced HDL Synthesis Report
  6) Low Level Synthesis
  7) Partition Report
  8) Design Summary
       8.1) Primitive and Black Box Usage
       8.2) Device utilization summary
       8.3) Partition Resource Summary
       8.4) Timing Report
            8.4.1) Clock Information
            8.4.2) Asynchronous Control Signals Information
            8.4.3) Timing Summary
            8.4.4) Timing Details
            8.4.5) Cross Clock Domains Report


=========================================================================
*                      Synthesis Options Summary                        *
=========================================================================
---- Source Parameters
Input File Name                    : "D_EN.prj"
Ignore Synthesis Constraint File   : NO

---- Target Parameters
Output File Name                   : "D_EN"
Output Format                      : NGC
Target Device                      : xc7k160t-2L-fbg484

---- Source Options
Top Module Name                    : D_EN
Automatic FSM Extraction           : YES
FSM Encoding Algorithm             : Auto
Safe Implementation                : No
FSM Style                          : LUT
RAM Extraction                     : Yes
RAM Style                          : Auto
ROM Extraction                     : Yes
Shift Register Extraction          : YES
ROM Style                          : Auto
Resource Sharing                   : YES
Asynchronous To Synchronous        : NO
Shift Register Minimum Size        : 2
Use DSP Block                      : Auto
Automatic Register Balancing       : No

---- Target Options
LUT Combining                      : Auto
Reduce Control Sets                : Auto
Add IO Buffers                     : YES
Global Maximum Fanout              : 100000
Add Generic Clock Buffer(BUFG)     : 32
Register Duplication               : YES
Optimize Instantiated Primitives   : NO
Use Clock Enable                   : Auto
Use Synchronous Set                : Auto
Use Synchronous Reset              : Auto
Pack IO Registers into IOBs        : Auto
Equivalent register Removal        : YES

---- General Options
Optimization Goal                  : Speed
Optimization Effort                : 1
Power Reduction                    : NO
Keep Hierarchy                     : No
Netlist Hierarchy                  : As_Optimized
RTL Output                         : Yes
Global Optimization                : AllClockNets
Read Cores                         : YES
Write Timing Constraints           : NO
Cross Clock Analysis               : NO
Hierarchy Separator                : /
Bus Delimiter                      : <>
Case Specifier                     : Maintain
Slice Utilization Ratio            : 100
BRAM Utilization Ratio             : 100
DSP48 Utilization Ratio            : 100
Auto BRAM Packing                  : NO
Slice Utilization Ratio Delta      : 5

=========================================================================


=========================================================================
*                          HDL Parsing                                  *
=========================================================================
Parsing VHDL file "D:\ISE\Exp09-Locker\RS_NAND.vhf" into library work
Parsing entity <RS_NAND>.
Parsing architecture <BEHAVIORAL> of entity <rs_nand>.
Parsing VHDL file "D:\ISE\Exp09-Locker\RS_EN.vhf" into library work
Parsing entity <RS_EN>.
Parsing architecture <BEHAVIORAL> of entity <rs_en>.
Parsing VHDL file "D:\ISE\Exp09-Locker\D_EN.vhf" into library work
Parsing entity <D_EN>.
Parsing architecture <BEHAVIORAL> of entity <d_en>.

=========================================================================
*                            HDL Elaboration                            *
=========================================================================

Elaborating entity <D_EN> (architecture <BEHAVIORAL>) from library <work>.

Elaborating entity <RS_EN> (architecture <BEHAVIORAL>) from library <work>.

Elaborating entity <RS_NAND> (architecture <BEHAVIORAL>) from library <work>.
WARNING:HDLCompiler:634 - "D:\ISE\Exp09-Locker\D_EN.vhf" Line 38: Net <RS2_C_openSignal> does not have a driver.
WARNING:HDLCompiler:634 - "D:\ISE\Exp09-Locker\D_EN.vhf" Line 39: Net <RS2_R_openSignal> does not have a driver.
WARNING:HDLCompiler:634 - "D:\ISE\Exp09-Locker\D_EN.vhf" Line 40: Net <RS2_S_openSignal> does not have a driver.

=========================================================================
*                           HDL Synthesis                               *
=========================================================================

Synthesizing Unit <D_EN>.
    Related source file is "D:\ISE\Exp09-Locker\D_EN.vhf".
WARNING:Xst:647 - Input <C> is never used. This port will be preserved and left unconnected if it belongs to a top-level block or it belongs to a sub-block and the hierarchy of this sub-block is preserved.
INFO:Xst:3210 - "D:\ISE\Exp09-Locker\D_EN.vhf" line 56: Output port <Q> of the instance <RS2> is unconnected or connected to loadless signal.
INFO:Xst:3210 - "D:\ISE\Exp09-Locker\D_EN.vhf" line 56: Output port <Qn> of the instance <RS2> is unconnected or connected to loadless signal.
INFO:Xst:3210 - "D:\ISE\Exp09-Locker\D_EN.vhf" line 63: Output port <O> of the instance <XLXI_2> is unconnected or connected to loadless signal.
WARNING:Xst:653 - Signal <RS2_C_openSignal> is used but never assigned. This sourceless signal will be automatically connected to value GND.
WARNING:Xst:653 - Signal <RS2_R_openSignal> is used but never assigned. This sourceless signal will be automatically connected to value GND.
WARNING:Xst:653 - Signal <RS2_S_openSignal> is used but never assigned. This sourceless signal will be automatically connected to value GND.
    Summary:
	no macro.
Unit <D_EN> synthesized.

Synthesizing Unit <RS_EN>.
    Related source file is "D:\ISE\Exp09-Locker\RS_EN.vhf".
    Summary:
	no macro.
Unit <RS_EN> synthesized.

Synthesizing Unit <RS_NAND>.
    Related source file is "D:\ISE\Exp09-Locker\RS_NAND.vhf".
    Summary:
	no macro.
Unit <RS_NAND> synthesized.

=========================================================================
HDL Synthesis Report

Found no macro
=========================================================================

=========================================================================
*                       Advanced HDL Synthesis                          *
=========================================================================

WARNING:Xst:1290 - Hierarchical block <RS2> is unconnected in block <D_EN>.
   It will be removed from the design.

=========================================================================
Advanced HDL Synthesis Report

Found no macro
=========================================================================

=========================================================================
*                         Low Level Synthesis                           *
=========================================================================

Optimizing unit <D_EN> ...

Mapping all equations...
Building and optimizing final netlist ...
Found area constraint ratio of 100 (+ 5) on block D_EN, actual ratio is 0.

Final Macro Processing ...

=========================================================================
Final Register Report

Found no macro
=========================================================================

=========================================================================
*                           Partition Report                            *
=========================================================================

Partition Implementation Status
-------------------------------

  No Partitions were found in this design.

-------------------------------

=========================================================================
*                            Design Summary                             *
=========================================================================

Top Level Output File Name         : D_EN.ngc

Primitive and Black Box Usage:
------------------------------
# BELS                             : 2
#      GND                         : 1
#      INV                         : 1
# IO Buffers                       : 1
#      IBUF                        : 1
# Logical                          : 4
#      NAND2                       : 4

Device utilization summary:
---------------------------

Selected Device : 7k160tfbg484-2l 


Slice Logic Utilization: 
 Number of Slice LUTs:                    1  out of  101400     0%  
    Number used as Logic:                 1  out of  101400     0%  

Slice Logic Distribution: 
 Number of LUT Flip Flop pairs used:      1
   Number with an unused Flip Flop:       1  out of      1   100%  
   Number with an unused LUT:             0  out of      1     0%  
   Number of fully used LUT-FF pairs:     0  out of      1     0%  
   Number of unique control sets:         0

IO Utilization: 
 Number of IOs:                           4
 Number of bonded IOBs:                   1  out of    285     0%  

Specific Feature Utilization:

---------------------------
Partition Resource Summary:
---------------------------

  No Partitions were found in this design.

---------------------------


=========================================================================
Timing Report

NOTE: THESE TIMING NUMBERS ARE ONLY A SYNTHESIS ESTIMATE.
      FOR ACCURATE TIMING INFORMATION PLEASE REFER TO THE TRACE REPORT
      GENERATED AFTER PLACE-and-ROUTE.

Clock Information:
------------------
No clock signals found in this design

Asynchronous Control Signals Information:
----------------------------------------
No asynchronous control signals found in this design

Timing Summary:
---------------
Speed Grade: -2

   Minimum period: No path found
   Minimum input arrival time before clock: No path found
   Maximum output required time after clock: No path found
   Maximum combinational path delay: No path found

Timing Details:
---------------
All values displayed in nanoseconds (ns)

=========================================================================

Cross Clock Domains Report:
--------------------------

=========================================================================


Total REAL time to Xst completion: 13.00 secs
Total CPU time to Xst completion: 12.67 secs
 
--> 

Total memory usage is 429840 kilobytes

Number of errors   :    0 (   0 filtered)
Number of warnings :    8 (   0 filtered)
Number of infos    :    3 (   0 filtered)

